2026-03-17 17:04:54,680 INFO 开始梯队=S
2026-03-17 17:04:54,684 INFO 开始公司=腾讯 level=S
2026-03-17 17:04:54,684 INFO 完成 source=bytedance_official company=腾讯 rows=0
2026-03-17 17:05:30,395 INFO 完成 source=nowcoder company=腾讯 rows=0
2026-03-17 17:05:30,395 INFO 开始公司=阿里巴巴 level=S
2026-03-17 17:05:30,396 INFO 完成 source=bytedance_official company=阿里巴巴 rows=0
2026-03-17 17:06:07,739 INFO 完成 source=nowcoder company=阿里巴巴 rows=0
2026-03-17 17:06:07,739 INFO 开始公司=百度 level=S
2026-03-17 17:06:07,740 INFO 完成 source=bytedance_official company=百度 rows=0
2026-03-17 17:06:45,311 INFO 完成 source=nowcoder company=百度 rows=0
2026-03-17 17:06:45,312 INFO 开始公司=字节跳动 level=S
2026-03-17 17:12:56,778 INFO 完成 source=bytedance_official company=字节跳动 rows=0
2026-03-17 17:16:41,545 INFO 完成 source=nowcoder company=字节跳动 rows=0
2026-03-17 17:16:41,545 INFO 梯队=S完成
2026-03-17 17:16:41,545 INFO 开始梯队=A
2026-03-17 17:16:41,546 INFO 开始公司=美团 level=A
2026-03-17 17:16:41,546 INFO 完成 source=bytedance_official company=美团 rows=0
2026-03-17 17:17:19,350 INFO 完成 source=nowcoder company=美团 rows=0
2026-03-17 17:17:19,350 INFO 开始公司=拼多多 level=A
2026-03-17 17:17:19,351 INFO 完成 source=bytedance_official company=拼多多 rows=0
2026-03-17 17:17:55,743 INFO 完成 source=nowcoder company=拼多多 rows=0
2026-03-17 17:17:55,744 INFO 开始公司=京东 level=A
2026-03-17 17:17:55,744 INFO 完成 source=bytedance_official company=京东 rows=0
2026-03-17 17:18:33,858 INFO 完成 source=nowcoder company=京东 rows=0
2026-03-17 17:18:33,858 INFO 开始公司=网易 level=A
2026-03-17 17:18:33,859 INFO 完成 source=bytedance_official company=网易 rows=0
2026-03-17 17:19:10,613 INFO 完成 source=nowcoder company=网易 rows=0
2026-03-17 17:19:10,614 INFO 开始公司=快手 level=A
2026-03-17 17:19:10,614 INFO 完成 source=bytedance_official company=快手 rows=0
2026-03-17 17:19:49,271 INFO 完成 source=nowcoder company=快手 rows=0
2026-03-17 17:19:49,272 INFO 开始公司=滴滴出行 level=A
2026-03-17 17:19:49,272 INFO 完成 source=bytedance_official company=滴滴出行 rows=0
2026-03-17 17:20:27,860 INFO 完成 source=nowcoder company=滴滴出行 rows=0
2026-03-17 17:20:27,860 INFO 梯队=A完成
2026-03-17 17:20:27,860 INFO 开始梯队=B
2026-03-17 17:20:27,861 INFO 开始公司=B站 level=B
2026-03-17 17:20:27,861 INFO 完成 source=bytedance_official company=B站 rows=0
2026-03-17 17:21:06,904 INFO 完成 source=nowcoder company=B站 rows=0
2026-03-17 17:21:06,904 INFO 开始公司=小红书 level=B
2026-03-17 17:21:06,905 INFO 完成 source=bytedance_official company=小红书 rows=0
2026-03-17 17:21:48,875 INFO 完成 source=nowcoder company=小红书 rows=0
2026-03-17 17:21:48,876 INFO 开始公司=小米 level=B
2026-03-17 17:21:48,876 INFO 完成 source=bytedance_official company=小米 rows=0
2026-03-17 17:22:28,417 INFO 完成 source=nowcoder company=小米 rows=0
2026-03-17 17:22:28,418 INFO 开始公司=携程 level=B
2026-03-17 17:22:28,418 INFO 完成 source=bytedance_official company=携程 rows=0
2026-03-17 17:23:10,791 INFO 完成 source=nowcoder company=携程 rows=0
2026-03-17 17:23:10,797 INFO 开始公司=金山软件 level=B
2026-03-17 17:23:10,797 INFO 完成 source=bytedance_official company=金山软件 rows=0
2026-03-17 17:23:48,382 INFO 完成 source=nowcoder company=金山软件 rows=0
2026-03-17 17:23:48,383 INFO 开始公司=360 level=B
2026-03-17 17:23:48,383 INFO 完成 source=bytedance_official company=360 rows=0
2026-03-17 17:24:25,127 INFO 完成 source=nowcoder company=360 rows=0
2026-03-17 17:24:25,128 INFO 开始公司=蚂蚁集团 level=B
2026-03-17 17:24:25,128 INFO 完成 source=bytedance_official company=蚂蚁集团 rows=0
2026-03-17 17:25:02,165 INFO 完成 source=nowcoder company=蚂蚁集团 rows=0
2026-03-17 17:25:02,166 INFO 开始公司=阿里云 level=B
2026-03-17 17:25:02,166 INFO 完成 source=bytedance_official company=阿里云 rows=0
2026-03-17 17:25:39,563 INFO 完成 source=nowcoder company=阿里云 rows=0
2026-03-17 17:25:39,564 INFO 开始公司=腾讯云 level=B
2026-03-17 17:25:39,564 INFO 完成 source=bytedance_official company=腾讯云 rows=0
2026-03-17 17:26:18,505 INFO 完成 source=nowcoder company=腾讯云 rows=0
2026-03-17 17:26:18,506 INFO 开始公司=华为云 level=B
2026-03-17 17:26:18,506 INFO 完成 source=bytedance_official company=华为云 rows=0
2026-03-17 17:26:55,527 INFO 完成 source=nowcoder company=华为云 rows=0
2026-03-17 17:26:55,527 INFO 梯队=B完成
2026-03-17 17:26:55,527 INFO 开始梯队=C
2026-03-17 17:26:55,528 INFO 开始公司=米哈游 level=C
2026-03-17 17:26:55,528 INFO 完成 source=bytedance_official company=米哈游 rows=0
2026-03-17 17:27:32,493 INFO 完成 source=nowcoder company=米哈游 rows=0
2026-03-17 17:27:32,493 INFO 开始公司=Shein level=C
2026-03-17 17:27:32,493 INFO 完成 source=bytedance_official company=Shein rows=0
2026-03-17 17:28:09,772 INFO 完成 source=nowcoder company=Shein rows=0
2026-03-17 17:28:09,773 INFO 开始公司=得物 level=C
2026-03-17 17:28:09,773 INFO 完成 source=bytedance_official company=得物 rows=0
2026-03-17 17:28:52,651 INFO 完成 source=nowcoder company=得物 rows=0
2026-03-17 17:28:52,652 INFO 开始公司=知乎 level=C
2026-03-17 17:28:52,652 INFO 完成 source=bytedance_official company=知乎 rows=0
2026-03-17 17:29:34,018 INFO 完成 source=nowcoder company=知乎 rows=0
2026-03-17 17:29:34,019 INFO 开始公司=喜马拉雅 level=C
2026-03-17 17:29:34,019 INFO 完成 source=bytedance_official company=喜马拉雅 rows=0
2026-03-17 17:30:12,686 INFO 完成 source=nowcoder company=喜马拉雅 rows=0
2026-03-17 17:30:12,686 INFO 开始公司=货拉拉 level=C
2026-03-17 17:30:12,687 INFO 完成 source=bytedance_official company=货拉拉 rows=0
2026-03-17 17:30:52,397 INFO 完成 source=nowcoder company=货拉拉 rows=0
2026-03-17 17:30:52,398 INFO 开始公司=完美世界 level=C
2026-03-17 17:30:52,398 INFO 完成 source=bytedance_official company=完美世界 rows=0
2026-03-17 17:31:35,434 INFO 完成 source=nowcoder company=完美世界 rows=0
2026-03-17 17:31:35,435 INFO 开始公司=三七互娱 level=C
2026-03-17 17:31:35,435 INFO 完成 source=bytedance_official company=三七互娱 rows=0
2026-03-17 17:32:21,362 INFO 完成 source=nowcoder company=三七互娱 rows=0
2026-03-17 17:32:21,362 INFO 梯队=C完成
2026-03-17 17:32:21,363 INFO 调度完成：companies=28 sources=56 ok=56 fail=0 rows=0
2026-03-17 17:32:23,684 INFO 输出完成：json=output/jobs_latest.json csv=output/jobs_latest.csv excel=output/jobs_latest.xlsx
2026-03-17 17:34:50,430 INFO 开始梯队=S
2026-03-17 17:34:50,432 INFO 开始公司=腾讯 level=S
2026-03-17 17:34:50,433 INFO 完成 source=bytedance_official company=腾讯 rows=0
2026-03-17 17:35:23,234 INFO 完成 source=nowcoder company=腾讯 rows=0
2026-03-17 17:35:23,234 INFO 开始公司=阿里巴巴 level=S
2026-03-17 17:35:23,234 INFO 完成 source=bytedance_official company=阿里巴巴 rows=0
2026-03-17 17:35:23,235 INFO 完成 source=nowcoder company=阿里巴巴 rows=0
2026-03-17 17:35:23,235 INFO 开始公司=百度 level=S
2026-03-17 17:35:23,235 INFO 完成 source=bytedance_official company=百度 rows=0
2026-03-17 17:35:23,235 INFO 完成 source=nowcoder company=百度 rows=0
2026-03-17 17:35:23,236 INFO 开始公司=字节跳动 level=S
2026-03-17 19:20:43,932 INFO 完成 source=bytedance_official company=字节跳动 rows=0
2026-03-17 19:25:48,585 INFO 开始梯队=S
2026-03-17 19:25:48,586 INFO 开始公司=腾讯 level=S
2026-03-17 19:25:48,589 INFO 完成 source=bytedance_official company=腾讯 rows=0
2026-03-17 19:25:48,592 INFO 完成 source=nowcoder company=腾讯 rows=0
2026-03-17 19:25:48,593 INFO 开始公司=阿里巴巴 level=S
2026-03-17 19:25:48,597 INFO 完成 source=bytedance_official company=阿里巴巴 rows=0
2026-03-17 19:25:48,600 INFO 完成 source=nowcoder company=阿里巴巴 rows=0
2026-03-17 19:25:48,601 INFO 开始公司=百度 level=S
2026-03-17 19:25:48,609 INFO 完成 source=bytedance_official company=百度 rows=0
2026-03-17 19:25:48,610 INFO 完成 source=nowcoder company=百度 rows=0
2026-03-17 19:25:48,611 INFO 开始公司=字节跳动 level=S
2026-03-17 19:28:14,830 INFO 完成 source=bytedance_official company=字节跳动 rows=0
2026-03-17 19:29:30,575 INFO 完成 source=nowcoder company=字节跳动 rows=0
2026-03-17 19:29:30,576 INFO 梯队=S完成
2026-03-17 19:29:30,576 INFO 开始梯队=A
2026-03-17 19:29:30,576 INFO 开始公司=美团 level=A
2026-03-17 19:29:30,577 INFO 完成 source=bytedance_official company=美团 rows=0
2026-03-17 19:29:30,577 INFO 完成 source=nowcoder company=美团 rows=0
2026-03-17 19:29:30,577 INFO 开始公司=拼多多 level=A
2026-03-17 19:29:30,578 INFO 完成 source=bytedance_official company=拼多多 rows=0
2026-03-17 19:29:30,579 INFO 完成 source=nowcoder company=拼多多 rows=0
2026-03-17 19:29:30,579 INFO 开始公司=京东 level=A
2026-03-17 19:29:30,579 INFO 完成 source=bytedance_official company=京东 rows=0
2026-03-17 19:29:30,579 INFO 完成 source=nowcoder company=京东 rows=0
2026-03-17 19:29:30,580 INFO 开始公司=网易 level=A
2026-03-17 19:29:30,580 INFO 完成 source=bytedance_official company=网易 rows=0
2026-03-17 19:29:30,580 INFO 完成 source=nowcoder company=网易 rows=0
2026-03-17 19:29:30,581 INFO 开始公司=快手 level=A
2026-03-17 19:29:30,581 INFO 完成 source=bytedance_official company=快手 rows=0
2026-03-17 19:29:30,582 INFO 完成 source=nowcoder company=快手 rows=0
2026-03-17 19:29:30,582 INFO 开始公司=滴滴出行 level=A
2026-03-17 19:29:30,582 INFO 完成 source=bytedance_official company=滴滴出行 rows=0
2026-03-17 19:29:30,582 INFO 完成 source=nowcoder company=滴滴出行 rows=0
2026-03-17 19:29:30,583 INFO 梯队=A完成
2026-03-17 19:29:30,583 INFO 开始梯队=B
2026-03-17 19:29:30,583 INFO 开始公司=B站 level=B
2026-03-17 19:29:30,584 INFO 完成 source=bytedance_official company=B站 rows=0
2026-03-17 19:29:30,584 INFO 完成 source=nowcoder company=B站 rows=0
2026-03-17 19:29:30,584 INFO 开始公司=小红书 level=B
2026-03-17 19:29:30,584 INFO 完成 source=bytedance_official company=小红书 rows=0
2026-03-17 19:29:30,585 INFO 完成 source=nowcoder company=小红书 rows=0
2026-03-17 19:29:30,585 INFO 开始公司=小米 level=B
2026-03-17 19:29:30,585 INFO 完成 source=bytedance_official company=小米 rows=0
2026-03-17 19:29:30,586 INFO 完成 source=nowcoder company=小米 rows=0
2026-03-17 19:29:30,586 INFO 开始公司=携程 level=B
2026-03-17 19:29:30,586 INFO 完成 source=bytedance_official company=携程 rows=0
2026-03-17 19:29:30,586 INFO 完成 source=nowcoder company=携程 rows=0
2026-03-17 19:29:30,587 INFO 开始公司=金山软件 level=B
2026-03-17 19:29:30,587 INFO 完成 source=bytedance_official company=金山软件 rows=0
2026-03-17 19:29:30,587 INFO 完成 source=nowcoder company=金山软件 rows=0
2026-03-17 19:29:30,588 INFO 开始公司=360 level=B
2026-03-17 19:29:30,588 INFO 完成 source=bytedance_official company=360 rows=0
2026-03-17 19:29:30,588 INFO 完成 source=nowcoder company=360 rows=0
2026-03-17 19:29:30,588 INFO 开始公司=蚂蚁集团 level=B
2026-03-17 19:29:30,589 INFO 完成 source=bytedance_official company=蚂蚁集团 rows=0
2026-03-17 19:29:30,589 INFO 完成 source=nowcoder company=蚂蚁集团 rows=0
2026-03-17 19:29:30,589 INFO 开始公司=阿里云 level=B
2026-03-17 19:29:30,590 INFO 完成 source=bytedance_official company=阿里云 rows=0
2026-03-17 19:29:30,590 INFO 完成 source=nowcoder company=阿里云 rows=0
2026-03-17 19:29:30,590 INFO 开始公司=腾讯云 level=B
2026-03-17 19:29:30,590 INFO 完成 source=bytedance_official company=腾讯云 rows=0
2026-03-17 19:29:30,591 INFO 完成 source=nowcoder company=腾讯云 rows=0
2026-03-17 19:29:30,591 INFO 开始公司=华为云 level=B
2026-03-17 19:29:30,591 INFO 完成 source=bytedance_official company=华为云 rows=0
2026-03-17 19:29:30,591 INFO 完成 source=nowcoder company=华为云 rows=0
2026-03-17 19:29:30,592 INFO 梯队=B完成
2026-03-17 19:29:30,592 INFO 开始梯队=C
2026-03-17 19:29:30,592 INFO 开始公司=米哈游 level=C
2026-03-17 19:29:30,593 INFO 完成 source=bytedance_official company=米哈游 rows=0
2026-03-17 19:29:30,593 INFO 完成 source=nowcoder company=米哈游 rows=0
2026-03-17 19:29:30,593 INFO 开始公司=Shein level=C
2026-03-17 19:29:30,594 INFO 完成 source=bytedance_official company=Shein rows=0
2026-03-17 19:29:30,594 INFO 完成 source=nowcoder company=Shein rows=0
2026-03-17 19:29:30,595 INFO 开始公司=得物 level=C
2026-03-17 19:29:30,596 INFO 完成 source=bytedance_official company=得物 rows=0
2026-03-17 19:29:30,599 INFO 完成 source=nowcoder company=得物 rows=0
2026-03-17 19:29:30,599 INFO 开始公司=知乎 level=C
2026-03-17 19:29:30,600 INFO 完成 source=bytedance_official company=知乎 rows=0
2026-03-17 19:29:30,600 INFO 完成 source=nowcoder company=知乎 rows=0
2026-03-17 19:29:30,600 INFO 开始公司=喜马拉雅 level=C
2026-03-17 19:29:30,601 INFO 完成 source=bytedance_official company=喜马拉雅 rows=0
2026-03-17 19:29:30,601 INFO 完成 source=nowcoder company=喜马拉雅 rows=0
2026-03-17 19:29:30,601 INFO 开始公司=货拉拉 level=C
2026-03-17 19:29:30,602 INFO 完成 source=bytedance_official company=货拉拉 rows=0
2026-03-17 19:29:30,602 INFO 完成 source=nowcoder company=货拉拉 rows=0
2026-03-17 19:29:30,602 INFO 开始公司=完美世界 level=C
2026-03-17 19:29:30,603 INFO 完成 source=bytedance_official company=完美世界 rows=0
2026-03-17 19:29:30,603 INFO 完成 source=nowcoder company=完美世界 rows=0
2026-03-17 19:29:30,603 INFO 开始公司=三七互娱 level=C
2026-03-17 19:29:30,604 INFO 完成 source=bytedance_official company=三七互娱 rows=0
2026-03-17 19:29:30,604 INFO 完成 source=nowcoder company=三七互娱 rows=0
2026-03-17 19:29:30,604 INFO 梯队=C完成
2026-03-17 19:29:30,605 INFO 调度完成：companies=28 sources=56 ok=56 fail=0 rows=0
2026-03-17 19:29:31,488 INFO 输出完成：json=output/jobs_latest.json csv=output/jobs_latest.csv excel=output/jobs_latest.xlsx
2026-03-17 19:30:11,638 INFO 开始梯队=S
2026-03-17 19:30:11,642 INFO 开始公司=腾讯 level=S
2026-03-17 19:30:11,643 INFO 完成 source=bytedance_official company=腾讯 rows=0
2026-03-17 19:30:11,644 INFO 完成 source=nowcoder company=腾讯 rows=0
2026-03-17 19:30:11,648 INFO 开始公司=阿里巴巴 level=S
2026-03-17 19:30:11,651 INFO 完成 source=bytedance_official company=阿里巴巴 rows=0
2026-03-17 19:30:11,652 INFO 完成 source=nowcoder company=阿里巴巴 rows=0
2026-03-17 19:30:11,653 INFO 开始公司=百度 level=S
2026-03-17 19:30:11,653 INFO 完成 source=bytedance_official company=百度 rows=0
2026-03-17 19:30:11,654 INFO 完成 source=nowcoder company=百度 rows=0
2026-03-17 19:30:11,654 INFO 开始公司=字节跳动 level=S
2026-03-17 19:32:03,426 INFO 完成 source=bytedance_official company=字节跳动 rows=10
2026-03-17 19:33:24,064 INFO 完成 source=nowcoder company=字节跳动 rows=0
2026-03-17 19:33:24,065 INFO 梯队=S完成
2026-03-17 19:33:24,065 INFO 开始梯队=A
2026-03-17 19:33:24,066 INFO 开始公司=美团 level=A
2026-03-17 19:33:24,066 INFO 完成 source=bytedance_official company=美团 rows=0
2026-03-17 19:33:24,066 INFO 完成 source=nowcoder company=美团 rows=0
2026-03-17 19:33:24,067 INFO 开始公司=拼多多 level=A
2026-03-17 19:33:24,067 INFO 完成 source=bytedance_official company=拼多多 rows=0
2026-03-17 19:33:24,067 INFO 完成 source=nowcoder company=拼多多 rows=0
2026-03-17 19:33:24,068 INFO 开始公司=京东 level=A
2026-03-17 19:33:24,068 INFO 完成 source=bytedance_official company=京东 rows=0
2026-03-17 19:33:24,068 INFO 完成 source=nowcoder company=京东 rows=0
2026-03-17 19:33:24,069 INFO 开始公司=网易 level=A
2026-03-17 19:33:24,069 INFO 完成 source=bytedance_official company=网易 rows=0
2026-03-17 19:33:24,072 INFO 完成 source=nowcoder company=网易 rows=0
2026-03-17 19:33:24,073 INFO 开始公司=快手 level=A
2026-03-17 19:33:24,073 INFO 完成 source=bytedance_official company=快手 rows=0
2026-03-17 19:33:24,075 INFO 完成 source=nowcoder company=快手 rows=0
2026-03-17 19:33:24,076 INFO 开始公司=滴滴出行 level=A
2026-03-17 19:33:24,077 INFO 完成 source=bytedance_official company=滴滴出行 rows=0
2026-03-17 19:33:24,077 INFO 完成 source=nowcoder company=滴滴出行 rows=0
2026-03-17 19:33:24,077 INFO 梯队=A完成
2026-03-17 19:33:24,078 INFO 开始梯队=B
2026-03-17 19:33:24,078 INFO 开始公司=B站 level=B
2026-03-17 19:33:24,079 INFO 完成 source=bytedance_official company=B站 rows=0
2026-03-17 19:33:24,079 INFO 完成 source=nowcoder company=B站 rows=0
2026-03-17 19:33:24,080 INFO 开始公司=小红书 level=B
2026-03-17 19:33:24,080 INFO 完成 source=bytedance_official company=小红书 rows=0
2026-03-17 19:33:24,081 INFO 完成 source=nowcoder company=小红书 rows=0
2026-03-17 19:33:24,081 INFO 开始公司=小米 level=B
2026-03-17 19:33:24,081 INFO 完成 source=bytedance_official company=小米 rows=0
2026-03-17 19:33:24,082 INFO 完成 source=nowcoder company=小米 rows=0
2026-03-17 19:33:24,082 INFO 开始公司=携程 level=B
2026-03-17 19:33:24,083 INFO 完成 source=bytedance_official company=携程 rows=0
2026-03-17 19:33:24,083 INFO 完成 source=nowcoder company=携程 rows=0
2026-03-17 19:33:24,083 INFO 开始公司=金山软件 level=B
2026-03-17 19:33:24,084 INFO 完成 source=bytedance_official company=金山软件 rows=0
2026-03-17 19:33:24,084 INFO 完成 source=nowcoder company=金山软件 rows=0
2026-03-17 19:33:24,084 INFO 开始公司=360 level=B
2026-03-17 19:33:24,085 INFO 完成 source=bytedance_official company=360 rows=0
2026-03-17 19:33:24,085 INFO 完成 source=nowcoder company=360 rows=0
2026-03-17 19:33:24,092 INFO 开始公司=蚂蚁集团 level=B
2026-03-17 19:33:24,092 INFO 完成 source=bytedance_official company=蚂蚁集团 rows=0
2026-03-17 19:33:24,093 INFO 完成 source=nowcoder company=蚂蚁集团 rows=0
2026-03-17 19:33:24,094 INFO 开始公司=阿里云 level=B
2026-03-17 19:33:24,094 INFO 完成 source=bytedance_official company=阿里云 rows=0
2026-03-17 19:33:24,095 INFO 完成 source=nowcoder company=阿里云 rows=0
2026-03-17 19:33:24,095 INFO 开始公司=腾讯云 level=B
2026-03-17 19:33:24,095 INFO 完成 source=bytedance_official company=腾讯云 rows=0
2026-03-17 19:33:24,096 INFO 完成 source=nowcoder company=腾讯云 rows=0
2026-03-17 19:33:24,096 INFO 开始公司=华为云 level=B
2026-03-17 19:33:24,097 INFO 完成 source=bytedance_official company=华为云 rows=0
2026-03-17 19:33:24,098 INFO 完成 source=nowcoder company=华为云 rows=0
2026-03-17 19:33:24,099 INFO 梯队=B完成
2026-03-17 19:33:24,100 INFO 开始梯队=C
2026-03-17 19:33:24,100 INFO 开始公司=米哈游 level=C
2026-03-17 19:33:24,101 INFO 完成 source=bytedance_official company=米哈游 rows=0
2026-03-17 19:33:24,102 INFO 完成 source=nowcoder company=米哈游 rows=0
2026-03-17 19:33:24,104 INFO 开始公司=Shein level=C
2026-03-17 19:33:24,105 INFO 完成 source=bytedance_official company=Shein rows=0
2026-03-17 19:33:24,107 INFO 完成 source=nowcoder company=Shein rows=0
2026-03-17 19:33:24,109 INFO 开始公司=得物 level=C
2026-03-17 19:33:24,109 INFO 完成 source=bytedance_official company=得物 rows=0
2026-03-17 19:33:24,111 INFO 完成 source=nowcoder company=得物 rows=0
2026-03-17 19:33:24,112 INFO 开始公司=知乎 level=C
2026-03-17 19:33:24,112 INFO 完成 source=bytedance_official company=知乎 rows=0
2026-03-17 19:33:24,113 INFO 完成 source=nowcoder company=知乎 rows=0
2026-03-17 19:33:24,113 INFO 开始公司=喜马拉雅 level=C
2026-03-17 19:33:24,114 INFO 完成 source=bytedance_official company=喜马拉雅 rows=0
2026-03-17 19:33:24,114 INFO 完成 source=nowcoder company=喜马拉雅 rows=0
2026-03-17 19:33:24,115 INFO 开始公司=货拉拉 level=C
2026-03-17 19:33:24,115 INFO 完成 source=bytedance_official company=货拉拉 rows=0
2026-03-17 19:33:24,116 INFO 完成 source=nowcoder company=货拉拉 rows=0
2026-03-17 19:33:24,116 INFO 开始公司=完美世界 level=C
2026-03-17 19:33:24,117 INFO 完成 source=bytedance_official company=完美世界 rows=0
2026-03-17 19:33:24,117 INFO 完成 source=nowcoder company=完美世界 rows=0
2026-03-17 19:33:24,117 INFO 开始公司=三七互娱 level=C
2026-03-17 19:33:24,118 INFO 完成 source=bytedance_official company=三七互娱 rows=0
2026-03-17 19:33:24,118 INFO 完成 source=nowcoder company=三七互娱 rows=0
2026-03-17 19:33:24,119 INFO 梯队=C完成
2026-03-17 19:33:24,119 INFO 调度完成：companies=28 sources=56 ok=56 fail=0 rows=10
2026-03-17 19:33:25,103 INFO 输出完成：json=output/jobs_latest.json csv=output/jobs_latest.csv excel=output/jobs_latest.xlsx
2026-03-17 19:35:48,616 INFO 开始梯队=S
2026-03-17 19:35:48,617 INFO 开始公司=腾讯 level=S
2026-03-17 19:35:48,623 INFO 完成 source=bytedance_official company=腾讯 rows=0
2026-03-17 19:35:48,625 INFO 完成 source=nowcoder company=腾讯 rows=0
2026-03-17 19:35:48,625 INFO 开始公司=阿里巴巴 level=S
2026-03-17 19:35:48,626 INFO 完成 source=bytedance_official company=阿里巴巴 rows=0
2026-03-17 19:35:48,629 INFO 完成 source=nowcoder company=阿里巴巴 rows=0
2026-03-17 19:35:48,630 INFO 开始公司=百度 level=S
2026-03-17 19:35:48,632 INFO 完成 source=bytedance_official company=百度 rows=0
2026-03-17 19:35:48,633 INFO 完成 source=nowcoder company=百度 rows=0
2026-03-17 19:35:48,634 INFO 开始公司=字节跳动 level=S
2026-03-17 19:37:35,436 INFO 完成 source=bytedance_official company=字节跳动 rows=10
2026-03-17 19:38:51,715 INFO 完成 source=nowcoder company=字节跳动 rows=10
2026-03-17 19:38:51,716 INFO 梯队=S完成
2026-03-17 19:38:51,716 INFO 开始梯队=A
2026-03-17 19:38:51,717 INFO 开始公司=美团 level=A
2026-03-17 19:38:51,717 INFO 完成 source=bytedance_official company=美团 rows=0
2026-03-17 19:38:51,717 INFO 完成 source=nowcoder company=美团 rows=0
2026-03-17 19:38:51,717 INFO 开始公司=拼多多 level=A
2026-03-17 19:38:51,718 INFO 完成 source=bytedance_official company=拼多多 rows=0
2026-03-17 19:38:51,718 INFO 完成 source=nowcoder company=拼多多 rows=0
2026-03-17 19:38:51,718 INFO 开始公司=京东 level=A
2026-03-17 19:38:51,719 INFO 完成 source=bytedance_official company=京东 rows=0
2026-03-17 19:38:51,719 INFO 完成 source=nowcoder company=京东 rows=0
2026-03-17 19:38:51,719 INFO 开始公司=网易 level=A
2026-03-17 19:38:51,719 INFO 完成 source=bytedance_official company=网易 rows=0
2026-03-17 19:38:51,720 INFO 完成 source=nowcoder company=网易 rows=0
2026-03-17 19:38:51,720 INFO 开始公司=快手 level=A
2026-03-17 19:38:51,720 INFO 完成 source=bytedance_official company=快手 rows=0
2026-03-17 19:38:51,720 INFO 完成 source=nowcoder company=快手 rows=0
2026-03-17 19:38:51,721 INFO 开始公司=滴滴出行 level=A
2026-03-17 19:38:51,721 INFO 完成 source=bytedance_official company=滴滴出行 rows=0
2026-03-17 19:38:51,721 INFO 完成 source=nowcoder company=滴滴出行 rows=0
2026-03-17 19:38:51,721 INFO 梯队=A完成
2026-03-17 19:38:51,724 INFO 开始梯队=B
2026-03-17 19:38:51,724 INFO 开始公司=B站 level=B
2026-03-17 19:38:51,725 INFO 完成 source=bytedance_official company=B站 rows=0
2026-03-17 19:38:51,725 INFO 完成 source=nowcoder company=B站 rows=0
2026-03-17 19:38:51,726 INFO 开始公司=小红书 level=B
2026-03-17 19:38:51,726 INFO 完成 source=bytedance_official company=小红书 rows=0
2026-03-17 19:38:51,727 INFO 完成 source=nowcoder company=小红书 rows=0
2026-03-17 19:38:51,727 INFO 开始公司=小米 level=B
2026-03-17 19:38:51,727 INFO 完成 source=bytedance_official company=小米 rows=0
2026-03-17 19:38:51,728 INFO 完成 source=nowcoder company=小米 rows=0
2026-03-17 19:38:51,728 INFO 开始公司=携程 level=B
2026-03-17 19:38:51,728 INFO 完成 source=bytedance_official company=携程 rows=0
2026-03-17 19:38:51,729 INFO 完成 source=nowcoder company=携程 rows=0
2026-03-17 19:38:51,729 INFO 开始公司=金山软件 level=B
2026-03-17 19:38:51,729 INFO 完成 source=bytedance_official company=金山软件 rows=0
2026-03-17 19:38:51,730 INFO 完成 source=nowcoder company=金山软件 rows=0
2026-03-17 19:38:51,730 INFO 开始公司=360 level=B
2026-03-17 19:38:51,731 INFO 完成 source=bytedance_official company=360 rows=0
2026-03-17 19:38:51,731 INFO 完成 source=nowcoder company=360 rows=0
2026-03-17 19:38:51,731 INFO 开始公司=蚂蚁集团 level=B
2026-03-17 19:38:51,732 INFO 完成 source=bytedance_official company=蚂蚁集团 rows=0
2026-03-17 19:38:51,732 INFO 完成 source=nowcoder company=蚂蚁集团 rows=0
2026-03-17 19:38:51,733 INFO 开始公司=阿里云 level=B
2026-03-17 19:38:51,733 INFO 完成 source=bytedance_official company=阿里云 rows=0
2026-03-17 19:38:51,733 INFO 完成 source=nowcoder company=阿里云 rows=0
2026-03-17 19:38:51,733 INFO 开始公司=腾讯云 level=B
2026-03-17 19:38:51,734 INFO 完成 source=bytedance_official company=腾讯云 rows=0
2026-03-17 19:38:51,734 INFO 完成 source=nowcoder company=腾讯云 rows=0
2026-03-17 19:38:51,734 INFO 开始公司=华为云 level=B
2026-03-17 19:38:51,735 INFO 完成 source=bytedance_official company=华为云 rows=0
2026-03-17 19:38:51,735 INFO 完成 source=nowcoder company=华为云 rows=0
2026-03-17 19:38:51,735 INFO 梯队=B完成
2026-03-17 19:38:51,736 INFO 开始梯队=C
2026-03-17 19:38:51,736 INFO 开始公司=米哈游 level=C
2026-03-17 19:38:51,736 INFO 完成 source=bytedance_official company=米哈游 rows=0
2026-03-17 19:38:51,736 INFO 完成 source=nowcoder company=米哈游 rows=0
2026-03-17 19:38:51,737 INFO 开始公司=Shein level=C
2026-03-17 19:38:51,737 INFO 完成 source=bytedance_official company=Shein rows=0
2026-03-17 19:38:51,737 INFO 完成 source=nowcoder company=Shein rows=0
2026-03-17 19:38:51,738 INFO 开始公司=得物 level=C
2026-03-17 19:38:51,738 INFO 完成 source=bytedance_official company=得物 rows=0
2026-03-17 19:38:51,738 INFO 完成 source=nowcoder company=得物 rows=0
2026-03-17 19:38:51,739 INFO 开始公司=知乎 level=C
2026-03-17 19:38:51,740 INFO 完成 source=bytedance_official company=知乎 rows=0
2026-03-17 19:38:51,741 INFO 完成 source=nowcoder company=知乎 rows=0
2026-03-17 19:38:51,741 INFO 开始公司=喜马拉雅 level=C
2026-03-17 19:38:51,742 INFO 完成 source=bytedance_official company=喜马拉雅 rows=0
2026-03-17 19:38:51,742 INFO 完成 source=nowcoder company=喜马拉雅 rows=0
2026-03-17 19:38:51,742 INFO 开始公司=货拉拉 level=C
2026-03-17 19:38:51,743 INFO 完成 source=bytedance_official company=货拉拉 rows=0
2026-03-17 19:38:51,743 INFO 完成 source=nowcoder company=货拉拉 rows=0
2026-03-17 19:38:51,743 INFO 开始公司=完美世界 level=C
2026-03-17 19:38:51,744 INFO 完成 source=bytedance_official company=完美世界 rows=0
2026-03-17 19:38:51,744 INFO 完成 source=nowcoder company=完美世界 rows=0
2026-03-17 19:38:51,744 INFO 开始公司=三七互娱 level=C
2026-03-17 19:38:51,745 INFO 完成 source=bytedance_official company=三七互娱 rows=0
2026-03-17 19:38:51,745 INFO 完成 source=nowcoder company=三七互娱 rows=0
2026-03-17 19:38:51,746 INFO 梯队=C完成
2026-03-17 19:38:51,746 INFO 调度完成：companies=28 sources=56 ok=56 fail=0 rows=20
2026-03-17 19:38:52,606 INFO 输出完成：json=output/jobs_latest.json csv=output/jobs_latest.csv excel=output/jobs_latest.xlsx
2026-03-17 19:56:54,306 INFO 开始梯队=S
2026-03-17 19:56:54,307 INFO 开始公司=腾讯 level=S
2026-03-17 19:56:54,307 INFO 完成 source=bytedance_official company=腾讯 rows=0
2026-03-17 19:56:54,308 INFO 完成 source=nowcoder company=腾讯 rows=0
2026-03-17 19:56:54,309 INFO 开始公司=阿里巴巴 level=S
2026-03-17 19:56:54,310 INFO 完成 source=bytedance_official company=阿里巴巴 rows=0
2026-03-17 19:56:54,315 INFO 完成 source=nowcoder company=阿里巴巴 rows=0
2026-03-17 19:56:54,315 INFO 开始公司=百度 level=S
2026-03-17 19:56:54,317 INFO 完成 source=bytedance_official company=百度 rows=0
2026-03-17 19:56:54,318 INFO 完成 source=nowcoder company=百度 rows=0
2026-03-17 19:56:54,319 INFO 开始公司=字节跳动 level=S
2026-03-17 19:59:04,482 INFO 完成 source=bytedance_official company=字节跳动 rows=10
2026-03-17 20:00:28,896 INFO 完成 source=nowcoder company=字节跳动 rows=10
2026-03-17 20:00:28,897 INFO 梯队=S完成
2026-03-17 20:00:28,900 INFO 开始梯队=A
2026-03-17 20:00:28,900 INFO 开始公司=美团 level=A
2026-03-17 20:00:28,901 INFO 完成 source=bytedance_official company=美团 rows=0
2026-03-17 20:00:28,901 INFO 完成 source=nowcoder company=美团 rows=0
2026-03-17 20:00:28,902 INFO 开始公司=拼多多 level=A
2026-03-17 20:00:28,902 INFO 完成 source=bytedance_official company=拼多多 rows=0
2026-03-17 20:00:28,903 INFO 完成 source=nowcoder company=拼多多 rows=0
2026-03-17 20:00:28,907 INFO 开始公司=京东 level=A
2026-03-17 20:00:28,908 INFO 完成 source=bytedance_official company=京东 rows=0
2026-03-17 20:00:28,909 INFO 完成 source=nowcoder company=京东 rows=0
2026-03-17 20:00:28,910 INFO 开始公司=网易 level=A
2026-03-17 20:00:28,910 INFO 完成 source=bytedance_official company=网易 rows=0
2026-03-17 20:00:28,911 INFO 完成 source=nowcoder company=网易 rows=0
2026-03-17 20:00:28,911 INFO 开始公司=快手 level=A
2026-03-17 20:00:28,912 INFO 完成 source=bytedance_official company=快手 rows=0
2026-03-17 20:00:28,912 INFO 完成 source=nowcoder company=快手 rows=0
2026-03-17 20:00:28,912 INFO 开始公司=滴滴出行 level=A
2026-03-17 20:00:28,913 INFO 完成 source=bytedance_official company=滴滴出行 rows=0
2026-03-17 20:00:28,914 INFO 完成 source=nowcoder company=滴滴出行 rows=0
2026-03-17 20:00:28,914 INFO 梯队=A完成
2026-03-17 20:00:28,914 INFO 开始梯队=B
2026-03-17 20:00:28,915 INFO 开始公司=B站 level=B
2026-03-17 20:00:28,915 INFO 完成 source=bytedance_official company=B站 rows=0
2026-03-17 20:00:28,916 INFO 完成 source=nowcoder company=B站 rows=0
2026-03-17 20:00:28,916 INFO 开始公司=小红书 level=B
2026-03-17 20:00:28,916 INFO 完成 source=bytedance_official company=小红书 rows=0
2026-03-17 20:00:28,916 INFO 完成 source=nowcoder company=小红书 rows=0
2026-03-17 20:00:28,917 INFO 开始公司=小米 level=B
2026-03-17 20:00:28,917 INFO 完成 source=bytedance_official company=小米 rows=0
2026-03-17 20:00:28,917 INFO 完成 source=nowcoder company=小米 rows=0
2026-03-17 20:00:28,918 INFO 开始公司=携程 level=B
2026-03-17 20:00:28,918 INFO 完成 source=bytedance_official company=携程 rows=0
2026-03-17 20:00:28,918 INFO 完成 source=nowcoder company=携程 rows=0
2026-03-17 20:00:28,918 INFO 开始公司=金山软件 level=B
2026-03-17 20:00:28,919 INFO 完成 source=bytedance_official company=金山软件 rows=0
2026-03-17 20:00:28,919 INFO 完成 source=nowcoder company=金山软件 rows=0
2026-03-17 20:00:28,919 INFO 开始公司=360 level=B
2026-03-17 20:00:28,919 INFO 完成 source=bytedance_official company=360 rows=0
2026-03-17 20:00:28,920 INFO 完成 source=nowcoder company=360 rows=0
2026-03-17 20:00:28,920 INFO 开始公司=蚂蚁集团 level=B
2026-03-17 20:00:28,920 INFO 完成 source=bytedance_official company=蚂蚁集团 rows=0
2026-03-17 20:00:28,920 INFO 完成 source=nowcoder company=蚂蚁集团 rows=0
2026-03-17 20:00:28,921 INFO 开始公司=阿里云 level=B
2026-03-17 20:00:28,923 INFO 完成 source=bytedance_official company=阿里云 rows=0
2026-03-17 20:00:28,924 INFO 完成 source=nowcoder company=阿里云 rows=0
2026-03-17 20:00:28,925 INFO 开始公司=腾讯云 level=B
2026-03-17 20:00:28,925 INFO 完成 source=bytedance_official company=腾讯云 rows=0
2026-03-17 20:00:28,926 INFO 完成 source=nowcoder company=腾讯云 rows=0
2026-03-17 20:00:28,926 INFO 开始公司=华为云 level=B
2026-03-17 20:00:28,927 INFO 完成 source=bytedance_official company=华为云 rows=0
2026-03-17 20:00:28,927 INFO 完成 source=nowcoder company=华为云 rows=0
2026-03-17 20:00:28,928 INFO 梯队=B完成
2026-03-17 20:00:28,929 INFO 开始梯队=C
2026-03-17 20:00:28,930 INFO 开始公司=米哈游 level=C
2026-03-17 20:00:28,931 INFO 完成 source=bytedance_official company=米哈游 rows=0
2026-03-17 20:00:28,931 INFO 完成 source=nowcoder company=米哈游 rows=0
2026-03-17 20:00:28,932 INFO 开始公司=Shein level=C
2026-03-17 20:00:28,934 INFO 完成 source=bytedance_official company=Shein rows=0
2026-03-17 20:00:28,935 INFO 完成 source=nowcoder company=Shein rows=0
2026-03-17 20:00:28,935 INFO 开始公司=得物 level=C
2026-03-17 20:00:28,935 INFO 完成 source=bytedance_official company=得物 rows=0
2026-03-17 20:00:28,936 INFO 完成 source=nowcoder company=得物 rows=0
2026-03-17 20:00:28,936 INFO 开始公司=知乎 level=C
2026-03-17 20:00:28,937 INFO 完成 source=bytedance_official company=知乎 rows=0
2026-03-17 20:00:28,937 INFO 完成 source=nowcoder company=知乎 rows=0
2026-03-17 20:00:28,937 INFO 开始公司=喜马拉雅 level=C
2026-03-17 20:00:28,938 INFO 完成 source=bytedance_official company=喜马拉雅 rows=0
2026-03-17 20:00:28,939 INFO 完成 source=nowcoder company=喜马拉雅 rows=0
2026-03-17 20:00:28,940 INFO 开始公司=货拉拉 level=C
2026-03-17 20:00:28,941 INFO 完成 source=bytedance_official company=货拉拉 rows=0
2026-03-17 20:00:28,942 INFO 完成 source=nowcoder company=货拉拉 rows=0
2026-03-17 20:00:28,943 INFO 开始公司=完美世界 level=C
2026-03-17 20:00:28,945 INFO 完成 source=bytedance_official company=完美世界 rows=0
2026-03-17 20:00:28,945 INFO 完成 source=nowcoder company=完美世界 rows=0
2026-03-17 20:00:28,946 INFO 开始公司=三七互娱 level=C
2026-03-17 20:00:28,946 INFO 完成 source=bytedance_official company=三七互娱 rows=0
2026-03-17 20:00:28,947 INFO 完成 source=nowcoder company=三七互娱 rows=0
2026-03-17 20:00:28,947 INFO 梯队=C完成
2026-03-17 20:00:28,948 INFO 调度完成：companies=28 sources=56 ok=56 fail=0 rows=20
2026-03-17 20:00:30,112 INFO 输出完成：json=output/jobs_latest.json csv=output/jobs_latest.csv excel=output/jobs_latest.xlsx
2026-03-17 20:11:33,213 INFO 开始梯队=S
2026-03-17 20:11:33,226 INFO 开始公司=腾讯 level=S
2026-03-17 20:11:42,400 INFO 完成 source=nowcoder company=腾讯 rows=0
2026-03-17 20:11:42,401 INFO 开始公司=阿里巴巴 level=S
2026-03-17 20:11:56,732 INFO 完成 source=nowcoder company=阿里巴巴 rows=1
2026-03-17 20:11:56,733 INFO 开始公司=百度 level=S
2026-03-17 20:12:17,592 INFO 完成 source=nowcoder company=百度 rows=2
2026-03-17 20:12:17,593 INFO 开始公司=字节跳动 level=S
2026-03-17 20:13:15,630 INFO 完成 source=bytedance_official company=字节跳动 rows=5
2026-03-17 20:14:00,146 INFO 完成 source=nowcoder company=字节跳动 rows=5
2026-03-17 20:14:00,159 INFO 梯队=S完成
2026-03-17 20:14:00,184 INFO 开始梯队=A
2026-03-17 20:14:00,225 INFO 开始公司=美团 level=A
2026-03-17 20:14:00,226 WARNING 公司=美团 无可用数据源，已跳过。原因：bytedance_official(仅字节跳动已实现) / nowcoder(未配置企业页URL)
2026-03-17 20:14:00,227 INFO 开始公司=拼多多 level=A
2026-03-17 20:14:00,228 WARNING 公司=拼多多 无可用数据源，已跳过。原因：bytedance_official(仅字节跳动已实现) / nowcoder(未配置企业页URL)
2026-03-17 20:14:00,235 INFO 开始公司=京东 level=A
2026-03-17 20:14:00,236 WARNING 公司=京东 无可用数据源，已跳过。原因：bytedance_official(仅字节跳动已实现) / nowcoder(未配置企业页URL)
2026-03-17 20:14:00,237 INFO 开始公司=网易 level=A
2026-03-17 20:14:00,245 WARNING 公司=网易 无可用数据源，已跳过。原因：bytedance_official(仅字节跳动已实现) / nowcoder(未配置企业页URL)
2026-03-17 20:14:00,246 INFO 开始公司=快手 level=A
2026-03-17 20:14:00,247 WARNING 公司=快手 无可用数据源，已跳过。原因：bytedance_official(仅字节跳动已实现) / nowcoder(未配置企业页URL)
2026-03-17 20:14:00,247 INFO 开始公司=滴滴出行 level=A
2026-03-17 20:14:00,252 WARNING 公司=滴滴出行 无可用数据源，已跳过。原因：bytedance_official(仅字节跳动已实现) / nowcoder(未配置企业页URL)
2026-03-17 20:14:00,252 INFO 梯队=A完成
2026-03-17 20:14:00,260 INFO 开始梯队=B
2026-03-17 20:14:00,260 INFO 开始公司=B站 level=B
2026-03-17 20:14:00,261 WARNING 公司=B站 无可用数据源，已跳过。原因：bytedance_official(仅字节跳动已实现) / nowcoder(未配置企业页URL)
2026-03-17 20:14:00,263 INFO 开始公司=小红书 level=B
2026-03-17 20:14:00,268 WARNING 公司=小红书 无可用数据源，已跳过。原因：bytedance_official(仅字节跳动已实现) / nowcoder(未配置企业页URL)
2026-03-17 20:14:00,275 INFO 开始公司=小米 level=B
2026-03-17 20:14:00,276 WARNING 公司=小米 无可用数据源，已跳过。原因：bytedance_official(仅字节跳动已实现) / nowcoder(未配置企业页URL)
2026-03-17 20:14:00,277 INFO 开始公司=携程 level=B
2026-03-17 20:14:00,277 WARNING 公司=携程 无可用数据源，已跳过。原因：bytedance_official(仅字节跳动已实现) / nowcoder(未配置企业页URL)
2026-03-17 20:14:00,278 INFO 开始公司=金山软件 level=B
2026-03-17 20:14:00,278 WARNING 公司=金山软件 无可用数据源，已跳过。原因：bytedance_official(仅字节跳动已实现) / nowcoder(未配置企业页URL)
2026-03-17 20:14:00,279 INFO 开始公司=360 level=B
2026-03-17 20:14:00,282 WARNING 公司=360 无可用数据源，已跳过。原因：bytedance_official(仅字节跳动已实现) / nowcoder(未配置企业页URL)
2026-03-17 20:14:00,282 INFO 开始公司=蚂蚁集团 level=B
2026-03-17 20:14:00,283 WARNING 公司=蚂蚁集团 无可用数据源，已跳过。原因：bytedance_official(仅字节跳动已实现) / nowcoder(未配置企业页URL)
2026-03-17 20:14:00,283 INFO 开始公司=阿里云 level=B
2026-03-17 20:14:00,284 WARNING 公司=阿里云 无可用数据源，已跳过。原因：bytedance_official(仅字节跳动已实现) / nowcoder(未配置企业页URL)
2026-03-17 20:14:00,293 INFO 开始公司=腾讯云 level=B
2026-03-17 20:14:00,295 WARNING 公司=腾讯云 无可用数据源，已跳过。原因：bytedance_official(仅字节跳动已实现) / nowcoder(未配置企业页URL)
2026-03-17 20:14:00,312 INFO 开始公司=华为云 level=B
2026-03-17 20:14:00,319 WARNING 公司=华为云 无可用数据源，已跳过。原因：bytedance_official(仅字节跳动已实现) / nowcoder(未配置企业页URL)
2026-03-17 20:14:00,319 INFO 梯队=B完成
2026-03-17 20:14:00,320 INFO 开始梯队=C
2026-03-17 20:14:00,324 INFO 开始公司=米哈游 level=C
2026-03-17 20:14:00,326 WARNING 公司=米哈游 无可用数据源，已跳过。原因：bytedance_official(仅字节跳动已实现) / nowcoder(未配置企业页URL)
2026-03-17 20:14:00,328 INFO 开始公司=Shein level=C
2026-03-17 20:14:00,329 WARNING 公司=Shein 无可用数据源，已跳过。原因：bytedance_official(仅字节跳动已实现) / nowcoder(未配置企业页URL)
2026-03-17 20:14:00,329 INFO 开始公司=得物 level=C
2026-03-17 20:14:00,337 WARNING 公司=得物 无可用数据源，已跳过。原因：bytedance_official(仅字节跳动已实现) / nowcoder(未配置企业页URL)
2026-03-17 20:14:00,341 INFO 开始公司=知乎 level=C
2026-03-17 20:14:00,342 WARNING 公司=知乎 无可用数据源，已跳过。原因：bytedance_official(仅字节跳动已实现) / nowcoder(未配置企业页URL)
2026-03-17 20:14:00,343 INFO 开始公司=喜马拉雅 level=C
2026-03-17 20:14:00,345 WARNING 公司=喜马拉雅 无可用数据源，已跳过。原因：bytedance_official(仅字节跳动已实现) / nowcoder(未配置企业页URL)
2026-03-17 20:14:00,346 INFO 开始公司=货拉拉 level=C
2026-03-17 20:14:00,347 WARNING 公司=货拉拉 无可用数据源，已跳过。原因：bytedance_official(仅字节跳动已实现) / nowcoder(未配置企业页URL)
2026-03-17 20:14:00,348 INFO 开始公司=完美世界 level=C
2026-03-17 20:14:00,349 WARNING 公司=完美世界 无可用数据源，已跳过。原因：bytedance_official(仅字节跳动已实现) / nowcoder(未配置企业页URL)
2026-03-17 20:14:00,350 INFO 开始公司=三七互娱 level=C
2026-03-17 20:14:00,351 WARNING 公司=三七互娱 无可用数据源，已跳过。原因：bytedance_official(仅字节跳动已实现) / nowcoder(未配置企业页URL)
2026-03-17 20:14:00,352 INFO 梯队=C完成
2026-03-17 20:14:00,352 INFO 调度完成：companies=28 sources=5 ok=5 fail=0 rows=13
2026-03-17 20:14:01,864 INFO 输出完成：json=output/jobs_latest.json csv=output/jobs_latest.csv excel=output/jobs_latest.xlsx
2026-03-17 20:15:34,960 INFO 开始梯队=S
2026-03-17 20:15:34,973 INFO 开始公司=腾讯 level=S
2026-03-17 20:15:43,821 INFO 完成 source=nowcoder company=腾讯 rows=0
2026-03-17 20:15:43,821 INFO 开始公司=阿里巴巴 level=S
2026-03-17 20:18:04,943 INFO 完成 source=nowcoder company=阿里巴巴 rows=20
2026-03-17 20:18:04,943 INFO 开始公司=百度 level=S
2026-03-17 20:18:41,029 INFO 完成 source=nowcoder company=百度 rows=4
2026-03-17 20:18:41,029 INFO 开始公司=字节跳动 level=S
2026-03-17 20:22:19,534 INFO 完成 source=bytedance_official company=字节跳动 rows=20
2026-03-17 20:25:01,914 INFO 完成 source=nowcoder company=字节跳动 rows=20
2026-03-17 20:25:01,916 INFO 梯队=S完成
2026-03-17 20:25:01,916 INFO 开始梯队=A
2026-03-17 20:25:01,917 INFO 开始公司=美团 level=A
2026-03-17 20:25:01,919 WARNING 公司=美团 无可用数据源，已跳过。原因：bytedance_official(仅字节跳动已实现) / nowcoder(未配置企业页URL)
2026-03-17 20:25:01,921 INFO 开始公司=拼多多 level=A
2026-03-17 20:25:01,921 WARNING 公司=拼多多 无可用数据源，已跳过。原因：bytedance_official(仅字节跳动已实现) / nowcoder(未配置企业页URL)
2026-03-17 20:25:01,924 INFO 开始公司=京东 level=A
2026-03-17 20:25:01,925 WARNING 公司=京东 无可用数据源，已跳过。原因：bytedance_official(仅字节跳动已实现) / nowcoder(未配置企业页URL)
2026-03-17 20:25:01,926 INFO 开始公司=网易 level=A
2026-03-17 20:25:01,927 WARNING 公司=网易 无可用数据源，已跳过。原因：bytedance_official(仅字节跳动已实现) / nowcoder(未配置企业页URL)
2026-03-17 20:25:01,927 INFO 开始公司=快手 level=A
2026-03-17 20:25:01,928 WARNING 公司=快手 无可用数据源，已跳过。原因：bytedance_official(仅字节跳动已实现) / nowcoder(未配置企业页URL)
2026-03-17 20:25:01,929 INFO 开始公司=滴滴出行 level=A
2026-03-17 20:25:01,929 WARNING 公司=滴滴出行 无可用数据源，已跳过。原因：bytedance_official(仅字节跳动已实现) / nowcoder(未配置企业页URL)
2026-03-17 20:25:01,930 INFO 梯队=A完成
2026-03-17 20:25:01,930 INFO 开始梯队=B
2026-03-17 20:25:01,932 INFO 开始公司=B站 level=B
2026-03-17 20:25:01,933 WARNING 公司=B站 无可用数据源，已跳过。原因：bytedance_official(仅字节跳动已实现) / nowcoder(未配置企业页URL)
2026-03-17 20:25:01,934 INFO 开始公司=小红书 level=B
2026-03-17 20:25:01,935 WARNING 公司=小红书 无可用数据源，已跳过。原因：bytedance_official(仅字节跳动已实现) / nowcoder(未配置企业页URL)
2026-03-17 20:25:01,936 INFO 开始公司=小米 level=B
2026-03-17 20:25:01,937 WARNING 公司=小米 无可用数据源，已跳过。原因：bytedance_official(仅字节跳动已实现) / nowcoder(未配置企业页URL)
2026-03-17 20:25:01,937 INFO 开始公司=携程 level=B
2026-03-17 20:25:01,943 WARNING 公司=携程 无可用数据源，已跳过。原因：bytedance_official(仅字节跳动已实现) / nowcoder(未配置企业页URL)
2026-03-17 20:25:01,944 INFO 开始公司=金山软件 level=B
2026-03-17 20:25:01,944 WARNING 公司=金山软件 无可用数据源，已跳过。原因：bytedance_official(仅字节跳动已实现) / nowcoder(未配置企业页URL)
2026-03-17 20:25:01,945 INFO 开始公司=360 level=B
2026-03-17 20:25:01,945 WARNING 公司=360 无可用数据源，已跳过。原因：bytedance_official(仅字节跳动已实现) / nowcoder(未配置企业页URL)
2026-03-17 20:25:01,947 INFO 开始公司=蚂蚁集团 level=B
2026-03-17 20:25:01,948 WARNING 公司=蚂蚁集团 无可用数据源，已跳过。原因：bytedance_official(仅字节跳动已实现) / nowcoder(未配置企业页URL)
2026-03-17 20:25:01,952 INFO 开始公司=阿里云 level=B
2026-03-17 20:25:01,953 WARNING 公司=阿里云 无可用数据源，已跳过。原因：bytedance_official(仅字节跳动已实现) / nowcoder(未配置企业页URL)
2026-03-17 20:25:01,956 INFO 开始公司=腾讯云 level=B
2026-03-17 20:25:01,957 WARNING 公司=腾讯云 无可用数据源，已跳过。原因：bytedance_official(仅字节跳动已实现) / nowcoder(未配置企业页URL)
2026-03-17 20:25:01,957 INFO 开始公司=华为云 level=B
2026-03-17 20:25:01,958 WARNING 公司=华为云 无可用数据源，已跳过。原因：bytedance_official(仅字节跳动已实现) / nowcoder(未配置企业页URL)
2026-03-17 20:25:01,959 INFO 梯队=B完成
2026-03-17 20:25:01,959 INFO 开始梯队=C
2026-03-17 20:25:01,959 INFO 开始公司=米哈游 level=C
2026-03-17 20:25:01,960 WARNING 公司=米哈游 无可用数据源，已跳过。原因：bytedance_official(仅字节跳动已实现) / nowcoder(未配置企业页URL)
2026-03-17 20:25:01,960 INFO 开始公司=Shein level=C
2026-03-17 20:25:01,961 WARNING 公司=Shein 无可用数据源，已跳过。原因：bytedance_official(仅字节跳动已实现) / nowcoder(未配置企业页URL)
2026-03-17 20:25:01,961 INFO 开始公司=得物 level=C
2026-03-17 20:25:01,962 WARNING 公司=得物 无可用数据源，已跳过。原因：bytedance_official(仅字节跳动已实现) / nowcoder(未配置企业页URL)
2026-03-17 20:25:01,962 INFO 开始公司=知乎 level=C
2026-03-17 20:25:01,962 WARNING 公司=知乎 无可用数据源，已跳过。原因：bytedance_official(仅字节跳动已实现) / nowcoder(未配置企业页URL)
2026-03-17 20:25:01,963 INFO 开始公司=喜马拉雅 level=C
2026-03-17 20:25:01,963 WARNING 公司=喜马拉雅 无可用数据源，已跳过。原因：bytedance_official(仅字节跳动已实现) / nowcoder(未配置企业页URL)
2026-03-17 20:25:01,964 INFO 开始公司=货拉拉 level=C
2026-03-17 20:25:01,964 WARNING 公司=货拉拉 无可用数据源，已跳过。原因：bytedance_official(仅字节跳动已实现) / nowcoder(未配置企业页URL)
2026-03-17 20:25:01,964 INFO 开始公司=完美世界 level=C
2026-03-17 20:25:01,966 WARNING 公司=完美世界 无可用数据源，已跳过。原因：bytedance_official(仅字节跳动已实现) / nowcoder(未配置企业页URL)
2026-03-17 20:25:01,967 INFO 开始公司=三七互娱 level=C
2026-03-17 20:25:01,969 WARNING 公司=三七互娱 无可用数据源，已跳过。原因：bytedance_official(仅字节跳动已实现) / nowcoder(未配置企业页URL)
2026-03-17 20:25:01,970 INFO 梯队=C完成
2026-03-17 20:25:01,972 INFO 调度完成：companies=28 sources=5 ok=5 fail=0 rows=64
2026-03-17 20:33:47,059 INFO 开始梯队=S
2026-03-17 20:33:47,061 INFO 开始公司=腾讯 level=S
2026-03-17 20:33:54,898 INFO 完成 source=nowcoder company=腾讯 rows=0
2026-03-17 20:33:54,899 INFO 开始公司=阿里巴巴 level=S
2026-03-17 20:37:42,228 INFO 完成 source=nowcoder company=阿里巴巴 rows=20
2026-03-17 20:37:42,237 INFO 开始公司=百度 level=S
2026-03-17 20:38:51,012 INFO 完成 source=nowcoder company=百度 rows=4
2026-03-17 20:38:51,013 INFO 开始公司=字节跳动 level=S
2026-03-17 20:44:29,820 INFO 完成 source=bytedance_official company=字节跳动 rows=20
2026-03-17 20:47:24,478 INFO 完成 source=nowcoder company=字节跳动 rows=20
2026-03-17 20:47:24,479 INFO 梯队=S完成
2026-03-17 20:47:24,480 INFO 开始梯队=A
2026-03-17 20:47:24,481 INFO 开始公司=美团 level=A
2026-03-17 20:47:24,481 WARNING 公司=美团 无可用数据源，已跳过。原因：bytedance_official(仅字节跳动已实现) / nowcoder(未配置企业页URL)
2026-03-17 20:47:24,482 INFO 开始公司=拼多多 level=A
2026-03-17 20:47:24,483 WARNING 公司=拼多多 无可用数据源，已跳过。原因：bytedance_official(仅字节跳动已实现) / nowcoder(未配置企业页URL)
2026-03-17 20:47:24,483 INFO 开始公司=京东 level=A
2026-03-17 20:47:24,492 WARNING 公司=京东 无可用数据源，已跳过。原因：bytedance_official(仅字节跳动已实现) / nowcoder(未配置企业页URL)
2026-03-17 20:47:24,492 INFO 开始公司=网易 level=A
2026-03-17 20:47:24,493 WARNING 公司=网易 无可用数据源，已跳过。原因：bytedance_official(仅字节跳动已实现) / nowcoder(未配置企业页URL)
2026-03-17 20:47:24,496 INFO 开始公司=快手 level=A
2026-03-17 20:47:24,497 WARNING 公司=快手 无可用数据源，已跳过。原因：bytedance_official(仅字节跳动已实现) / nowcoder(未配置企业页URL)
2026-03-17 20:47:24,497 INFO 开始公司=滴滴出行 level=A
2026-03-17 20:47:24,498 WARNING 公司=滴滴出行 无可用数据源，已跳过。原因：bytedance_official(仅字节跳动已实现) / nowcoder(未配置企业页URL)
2026-03-17 20:47:24,498 INFO 梯队=A完成
2026-03-17 20:47:24,499 INFO 开始梯队=B
2026-03-17 20:47:24,500 INFO 开始公司=B站 level=B
2026-03-17 20:47:24,500 WARNING 公司=B站 无可用数据源，已跳过。原因：bytedance_official(仅字节跳动已实现) / nowcoder(未配置企业页URL)
2026-03-17 20:47:24,509 INFO 开始公司=小红书 level=B
2026-03-17 20:47:24,509 WARNING 公司=小红书 无可用数据源，已跳过。原因：bytedance_official(仅字节跳动已实现) / nowcoder(未配置企业页URL)
2026-03-17 20:47:24,511 INFO 开始公司=小米 level=B
2026-03-17 20:47:24,512 WARNING 公司=小米 无可用数据源，已跳过。原因：bytedance_official(仅字节跳动已实现) / nowcoder(未配置企业页URL)
2026-03-17 20:47:24,513 INFO 开始公司=携程 level=B
2026-03-17 20:47:24,515 WARNING 公司=携程 无可用数据源，已跳过。原因：bytedance_official(仅字节跳动已实现) / nowcoder(未配置企业页URL)
2026-03-17 20:47:24,515 INFO 开始公司=金山软件 level=B
2026-03-17 20:47:24,516 WARNING 公司=金山软件 无可用数据源，已跳过。原因：bytedance_official(仅字节跳动已实现) / nowcoder(未配置企业页URL)
2026-03-17 20:47:24,517 INFO 开始公司=360 level=B
2026-03-17 20:47:24,520 WARNING 公司=360 无可用数据源，已跳过。原因：bytedance_official(仅字节跳动已实现) / nowcoder(未配置企业页URL)
2026-03-17 20:47:24,522 INFO 开始公司=蚂蚁集团 level=B
2026-03-17 20:47:24,524 WARNING 公司=蚂蚁集团 无可用数据源，已跳过。原因：bytedance_official(仅字节跳动已实现) / nowcoder(未配置企业页URL)
2026-03-17 20:47:24,524 INFO 开始公司=阿里云 level=B
2026-03-17 20:47:24,526 WARNING 公司=阿里云 无可用数据源，已跳过。原因：bytedance_official(仅字节跳动已实现) / nowcoder(未配置企业页URL)
2026-03-17 20:47:24,527 INFO 开始公司=腾讯云 level=B
2026-03-17 20:47:24,527 WARNING 公司=腾讯云 无可用数据源，已跳过。原因：bytedance_official(仅字节跳动已实现) / nowcoder(未配置企业页URL)
2026-03-17 20:47:24,528 INFO 开始公司=华为云 level=B
2026-03-17 20:47:24,529 WARNING 公司=华为云 无可用数据源，已跳过。原因：bytedance_official(仅字节跳动已实现) / nowcoder(未配置企业页URL)
2026-03-17 20:47:24,529 INFO 梯队=B完成
2026-03-17 20:47:24,530 INFO 开始梯队=C
2026-03-17 20:47:24,531 INFO 开始公司=米哈游 level=C
2026-03-17 20:47:24,532 WARNING 公司=米哈游 无可用数据源，已跳过。原因：bytedance_official(仅字节跳动已实现) / nowcoder(未配置企业页URL)
2026-03-17 20:47:24,532 INFO 开始公司=Shein level=C
2026-03-17 20:47:24,533 WARNING 公司=Shein 无可用数据源，已跳过。原因：bytedance_official(仅字节跳动已实现) / nowcoder(未配置企业页URL)
2026-03-17 20:47:24,539 INFO 开始公司=得物 level=C
2026-03-17 20:47:24,541 WARNING 公司=得物 无可用数据源，已跳过。原因：bytedance_official(仅字节跳动已实现) / nowcoder(未配置企业页URL)
2026-03-17 20:47:24,545 INFO 开始公司=知乎 level=C
2026-03-17 20:47:24,546 WARNING 公司=知乎 无可用数据源，已跳过。原因：bytedance_official(仅字节跳动已实现) / nowcoder(未配置企业页URL)
2026-03-17 20:47:24,547 INFO 开始公司=喜马拉雅 level=C
2026-03-17 20:47:24,548 WARNING 公司=喜马拉雅 无可用数据源，已跳过。原因：bytedance_official(仅字节跳动已实现) / nowcoder(未配置企业页URL)
2026-03-17 20:47:24,548 INFO 开始公司=货拉拉 level=C
2026-03-17 20:47:24,549 WARNING 公司=货拉拉 无可用数据源，已跳过。原因：bytedance_official(仅字节跳动已实现) / nowcoder(未配置企业页URL)
2026-03-17 20:47:24,554 INFO 开始公司=完美世界 level=C
2026-03-17 20:47:24,554 WARNING 公司=完美世界 无可用数据源，已跳过。原因：bytedance_official(仅字节跳动已实现) / nowcoder(未配置企业页URL)
2026-03-17 20:47:24,555 INFO 开始公司=三七互娱 level=C
2026-03-17 20:47:24,556 WARNING 公司=三七互娱 无可用数据源，已跳过。原因：bytedance_official(仅字节跳动已实现) / nowcoder(未配置企业页URL)
2026-03-17 20:47:24,557 INFO 梯队=C完成
2026-03-17 20:47:24,560 INFO 调度完成：companies=28 sources=5 ok=5 fail=0 rows=64
2026-03-17 20:48:45,466 INFO 开始梯队=S
2026-03-17 20:48:45,472 INFO 开始公司=腾讯 level=S
2026-03-17 20:49:01,665 INFO 完成 source=nowcoder company=腾讯 rows=0
2026-03-17 20:49:01,680 INFO 开始公司=阿里巴巴 level=S
2026-03-17 20:52:12,028 INFO 完成 source=nowcoder company=阿里巴巴 rows=20
2026-03-17 20:52:12,028 INFO 开始公司=百度 level=S
2026-03-17 20:52:56,421 INFO 完成 source=nowcoder company=百度 rows=4
2026-03-17 20:52:56,423 INFO 开始公司=字节跳动 level=S
2026-03-17 20:57:40,397 INFO 完成 source=bytedance_official company=字节跳动 rows=20
2026-03-17 21:01:42,664 INFO 完成 source=nowcoder company=字节跳动 rows=20
2026-03-17 21:01:42,669 INFO 梯队=S完成
2026-03-17 21:01:42,670 INFO 开始梯队=A
2026-03-17 21:01:42,671 INFO 开始公司=美团 level=A
2026-03-17 21:01:42,672 WARNING 公司=美团 无可用数据源，已跳过。原因：bytedance_official(仅字节跳动已实现) / nowcoder(未配置企业页URL)
2026-03-17 21:01:42,678 INFO 开始公司=拼多多 level=A
2026-03-17 21:01:42,680 WARNING 公司=拼多多 无可用数据源，已跳过。原因：bytedance_official(仅字节跳动已实现) / nowcoder(未配置企业页URL)
2026-03-17 21:01:42,685 INFO 开始公司=京东 level=A
2026-03-17 21:01:42,685 WARNING 公司=京东 无可用数据源，已跳过。原因：bytedance_official(仅字节跳动已实现) / nowcoder(未配置企业页URL)
2026-03-17 21:01:42,687 INFO 开始公司=网易 level=A
2026-03-17 21:01:42,688 WARNING 公司=网易 无可用数据源，已跳过。原因：bytedance_official(仅字节跳动已实现) / nowcoder(未配置企业页URL)
2026-03-17 21:01:42,690 INFO 开始公司=快手 level=A
2026-03-17 21:01:42,692 WARNING 公司=快手 无可用数据源，已跳过。原因：bytedance_official(仅字节跳动已实现) / nowcoder(未配置企业页URL)
2026-03-17 21:01:42,694 INFO 开始公司=滴滴出行 level=A
2026-03-17 21:01:42,702 WARNING 公司=滴滴出行 无可用数据源，已跳过。原因：bytedance_official(仅字节跳动已实现) / nowcoder(未配置企业页URL)
2026-03-17 21:01:42,703 INFO 梯队=A完成
2026-03-17 21:01:42,704 INFO 开始梯队=B
2026-03-17 21:01:42,706 INFO 开始公司=B站 level=B
2026-03-17 21:01:42,708 WARNING 公司=B站 无可用数据源，已跳过。原因：bytedance_official(仅字节跳动已实现) / nowcoder(未配置企业页URL)
2026-03-17 21:01:42,720 INFO 开始公司=小红书 level=B
2026-03-17 21:01:42,722 WARNING 公司=小红书 无可用数据源，已跳过。原因：bytedance_official(仅字节跳动已实现) / nowcoder(未配置企业页URL)
2026-03-17 21:01:42,733 INFO 开始公司=小米 level=B
2026-03-17 21:01:42,735 WARNING 公司=小米 无可用数据源，已跳过。原因：bytedance_official(仅字节跳动已实现) / nowcoder(未配置企业页URL)
2026-03-17 21:01:42,737 INFO 开始公司=携程 level=B
2026-03-17 21:01:42,738 WARNING 公司=携程 无可用数据源，已跳过。原因：bytedance_official(仅字节跳动已实现) / nowcoder(未配置企业页URL)
2026-03-17 21:01:42,746 INFO 开始公司=金山软件 level=B
2026-03-17 21:01:42,752 WARNING 公司=金山软件 无可用数据源，已跳过。原因：bytedance_official(仅字节跳动已实现) / nowcoder(未配置企业页URL)
2026-03-17 21:01:42,753 INFO 开始公司=360 level=B
2026-03-17 21:01:42,754 WARNING 公司=360 无可用数据源，已跳过。原因：bytedance_official(仅字节跳动已实现) / nowcoder(未配置企业页URL)
2026-03-17 21:01:42,754 INFO 开始公司=蚂蚁集团 level=B
2026-03-17 21:01:42,755 WARNING 公司=蚂蚁集团 无可用数据源，已跳过。原因：bytedance_official(仅字节跳动已实现) / nowcoder(未配置企业页URL)
2026-03-17 21:01:42,763 INFO 开始公司=阿里云 level=B
2026-03-17 21:01:42,764 WARNING 公司=阿里云 无可用数据源，已跳过。原因：bytedance_official(仅字节跳动已实现) / nowcoder(未配置企业页URL)
2026-03-17 21:01:42,766 INFO 开始公司=腾讯云 level=B
2026-03-17 21:01:42,767 WARNING 公司=腾讯云 无可用数据源，已跳过。原因：bytedance_official(仅字节跳动已实现) / nowcoder(未配置企业页URL)
2026-03-17 21:01:42,772 INFO 开始公司=华为云 level=B
2026-03-17 21:01:42,778 WARNING 公司=华为云 无可用数据源，已跳过。原因：bytedance_official(仅字节跳动已实现) / nowcoder(未配置企业页URL)
2026-03-17 21:01:42,779 INFO 梯队=B完成
2026-03-17 21:01:42,779 INFO 开始梯队=C
2026-03-17 21:01:42,780 INFO 开始公司=米哈游 level=C
2026-03-17 21:01:42,784 WARNING 公司=米哈游 无可用数据源，已跳过。原因：bytedance_official(仅字节跳动已实现) / nowcoder(未配置企业页URL)
2026-03-17 21:01:42,786 INFO 开始公司=Shein level=C
2026-03-17 21:01:42,795 WARNING 公司=Shein 无可用数据源，已跳过。原因：bytedance_official(仅字节跳动已实现) / nowcoder(未配置企业页URL)
2026-03-17 21:01:42,797 INFO 开始公司=得物 level=C
2026-03-17 21:01:42,798 WARNING 公司=得物 无可用数据源，已跳过。原因：bytedance_official(仅字节跳动已实现) / nowcoder(未配置企业页URL)
2026-03-17 21:01:42,803 INFO 开始公司=知乎 level=C
2026-03-17 21:01:42,812 WARNING 公司=知乎 无可用数据源，已跳过。原因：bytedance_official(仅字节跳动已实现) / nowcoder(未配置企业页URL)
2026-03-17 21:01:42,813 INFO 开始公司=喜马拉雅 level=C
2026-03-17 21:01:42,814 WARNING 公司=喜马拉雅 无可用数据源，已跳过。原因：bytedance_official(仅字节跳动已实现) / nowcoder(未配置企业页URL)
2026-03-17 21:01:42,815 INFO 开始公司=货拉拉 level=C
2026-03-17 21:01:42,819 WARNING 公司=货拉拉 无可用数据源，已跳过。原因：bytedance_official(仅字节跳动已实现) / nowcoder(未配置企业页URL)
2026-03-17 21:01:42,828 INFO 开始公司=完美世界 level=C
2026-03-17 21:01:42,829 WARNING 公司=完美世界 无可用数据源，已跳过。原因：bytedance_official(仅字节跳动已实现) / nowcoder(未配置企业页URL)
2026-03-17 21:01:42,830 INFO 开始公司=三七互娱 level=C
2026-03-17 21:01:42,848 WARNING 公司=三七互娱 无可用数据源，已跳过。原因：bytedance_official(仅字节跳动已实现) / nowcoder(未配置企业页URL)
2026-03-17 21:01:42,859 INFO 梯队=C完成
2026-03-17 21:01:42,861 INFO 调度完成：companies=28 sources=5 ok=5 fail=0 rows=64
2026-03-17 21:01:45,749 INFO 输出完成：json=output/jobs_latest.json csv=output/jobs_latest.csv excel=output/jobs_latest.xlsx
2026-03-17 21:03:58,248 INFO 开始梯队=S
2026-03-17 21:03:58,252 INFO 开始公司=腾讯 level=S
2026-03-17 21:04:05,707 INFO 完成 source=nowcoder company=腾讯 rows=0
2026-03-17 21:04:05,708 INFO 开始公司=阿里巴巴 level=S
2026-03-17 21:07:37,687 INFO 完成 source=nowcoder company=阿里巴巴 rows=20
2026-03-17 21:07:37,688 INFO 开始公司=百度 level=S
2026-03-17 21:08:29,956 INFO 完成 source=nowcoder company=百度 rows=4
2026-03-17 21:08:29,957 INFO 开始公司=字节跳动 level=S
2026-03-17 21:13:30,351 INFO 完成 source=bytedance_official company=字节跳动 rows=20
2026-03-17 21:17:19,583 INFO 完成 source=nowcoder company=字节跳动 rows=20
2026-03-17 21:17:19,670 INFO 梯队=S完成
2026-03-17 21:17:19,672 INFO 开始梯队=A
2026-03-17 21:17:19,673 INFO 开始公司=美团 level=A
2026-03-17 21:17:19,673 WARNING 公司=美团 无可用数据源，已跳过。原因：bytedance_official(仅字节跳动已实现) / nowcoder(未配置企业页URL)
2026-03-17 21:17:19,706 INFO 开始公司=拼多多 level=A
2026-03-17 21:17:19,722 WARNING 公司=拼多多 无可用数据源，已跳过。原因：bytedance_official(仅字节跳动已实现) / nowcoder(未配置企业页URL)
2026-03-17 21:17:19,770 INFO 开始公司=京东 level=A
2026-03-17 21:17:19,804 WARNING 公司=京东 无可用数据源，已跳过。原因：bytedance_official(仅字节跳动已实现) / nowcoder(未配置企业页URL)
2026-03-17 21:17:19,806 INFO 开始公司=网易 level=A
2026-03-17 21:17:19,807 WARNING 公司=网易 无可用数据源，已跳过。原因：bytedance_official(仅字节跳动已实现) / nowcoder(未配置企业页URL)
2026-03-17 21:17:19,807 INFO 开始公司=快手 level=A
2026-03-17 21:17:19,808 WARNING 公司=快手 无可用数据源，已跳过。原因：bytedance_official(仅字节跳动已实现) / nowcoder(未配置企业页URL)
2026-03-17 21:17:19,823 INFO 开始公司=滴滴出行 level=A
2026-03-17 21:17:19,824 WARNING 公司=滴滴出行 无可用数据源，已跳过。原因：bytedance_official(仅字节跳动已实现) / nowcoder(未配置企业页URL)
2026-03-17 21:17:19,825 INFO 梯队=A完成
2026-03-17 21:17:19,870 INFO 开始梯队=B
2026-03-17 21:17:19,871 INFO 开始公司=B站 level=B
2026-03-17 21:17:19,873 WARNING 公司=B站 无可用数据源，已跳过。原因：bytedance_official(仅字节跳动已实现) / nowcoder(未配置企业页URL)
2026-03-17 21:17:19,875 INFO 开始公司=小红书 level=B
2026-03-17 21:17:19,879 WARNING 公司=小红书 无可用数据源，已跳过。原因：bytedance_official(仅字节跳动已实现) / nowcoder(未配置企业页URL)
2026-03-17 21:17:19,885 INFO 开始公司=小米 level=B
2026-03-17 21:17:19,886 WARNING 公司=小米 无可用数据源，已跳过。原因：bytedance_official(仅字节跳动已实现) / nowcoder(未配置企业页URL)
2026-03-17 21:17:19,887 INFO 开始公司=携程 level=B
2026-03-17 21:17:19,887 WARNING 公司=携程 无可用数据源，已跳过。原因：bytedance_official(仅字节跳动已实现) / nowcoder(未配置企业页URL)
2026-03-17 21:17:19,889 INFO 开始公司=金山软件 level=B
2026-03-17 21:17:19,903 WARNING 公司=金山软件 无可用数据源，已跳过。原因：bytedance_official(仅字节跳动已实现) / nowcoder(未配置企业页URL)
2026-03-17 21:17:19,907 INFO 开始公司=360 level=B
2026-03-17 21:17:19,924 WARNING 公司=360 无可用数据源，已跳过。原因：bytedance_official(仅字节跳动已实现) / nowcoder(未配置企业页URL)
2026-03-17 21:17:19,926 INFO 开始公司=蚂蚁集团 level=B
2026-03-17 21:17:19,941 WARNING 公司=蚂蚁集团 无可用数据源，已跳过。原因：bytedance_official(仅字节跳动已实现) / nowcoder(未配置企业页URL)
2026-03-17 21:17:19,942 INFO 开始公司=阿里云 level=B
2026-03-17 21:17:19,942 WARNING 公司=阿里云 无可用数据源，已跳过。原因：bytedance_official(仅字节跳动已实现) / nowcoder(未配置企业页URL)
2026-03-17 21:17:19,956 INFO 开始公司=腾讯云 level=B
2026-03-17 21:17:19,957 WARNING 公司=腾讯云 无可用数据源，已跳过。原因：bytedance_official(仅字节跳动已实现) / nowcoder(未配置企业页URL)
2026-03-17 21:17:19,972 INFO 开始公司=华为云 level=B
2026-03-17 21:17:19,974 WARNING 公司=华为云 无可用数据源，已跳过。原因：bytedance_official(仅字节跳动已实现) / nowcoder(未配置企业页URL)
2026-03-17 21:17:19,974 INFO 梯队=B完成
2026-03-17 21:17:19,975 INFO 开始梯队=C
2026-03-17 21:17:19,976 INFO 开始公司=米哈游 level=C
2026-03-17 21:17:19,989 WARNING 公司=米哈游 无可用数据源，已跳过。原因：bytedance_official(仅字节跳动已实现) / nowcoder(未配置企业页URL)
2026-03-17 21:17:19,995 INFO 开始公司=Shein level=C
2026-03-17 21:17:19,997 WARNING 公司=Shein 无可用数据源，已跳过。原因：bytedance_official(仅字节跳动已实现) / nowcoder(未配置企业页URL)
2026-03-17 21:17:20,004 INFO 开始公司=得物 level=C
2026-03-17 21:17:20,005 WARNING 公司=得物 无可用数据源，已跳过。原因：bytedance_official(仅字节跳动已实现) / nowcoder(未配置企业页URL)
2026-03-17 21:17:20,006 INFO 开始公司=知乎 level=C
2026-03-17 21:17:20,007 WARNING 公司=知乎 无可用数据源，已跳过。原因：bytedance_official(仅字节跳动已实现) / nowcoder(未配置企业页URL)
2026-03-17 21:17:20,007 INFO 开始公司=喜马拉雅 level=C
2026-03-17 21:17:20,008 WARNING 公司=喜马拉雅 无可用数据源，已跳过。原因：bytedance_official(仅字节跳动已实现) / nowcoder(未配置企业页URL)
2026-03-17 21:17:20,024 INFO 开始公司=货拉拉 level=C
2026-03-17 21:17:20,025 WARNING 公司=货拉拉 无可用数据源，已跳过。原因：bytedance_official(仅字节跳动已实现) / nowcoder(未配置企业页URL)
2026-03-17 21:17:20,025 INFO 开始公司=完美世界 level=C
2026-03-17 21:17:20,027 WARNING 公司=完美世界 无可用数据源，已跳过。原因：bytedance_official(仅字节跳动已实现) / nowcoder(未配置企业页URL)
2026-03-17 21:17:20,038 INFO 开始公司=三七互娱 level=C
2026-03-17 21:17:20,040 WARNING 公司=三七互娱 无可用数据源，已跳过。原因：bytedance_official(仅字节跳动已实现) / nowcoder(未配置企业页URL)
2026-03-17 21:17:20,040 INFO 梯队=C完成
2026-03-17 21:17:20,041 INFO 调度完成：companies=28 sources=5 ok=5 fail=0 rows=64
2026-03-17 21:17:23,663 INFO 输出完成：json=output/jobs_latest.json csv=output/jobs_latest.csv excel=output/jobs_latest.xlsx
2026-03-17 23:06:27,853 INFO 开始梯队=S
2026-03-17 23:06:27,861 INFO 开始公司=腾讯 level=S
2026-03-17 23:06:37,946 INFO 完成 source=nowcoder company=腾讯 rows=0
2026-03-17 23:06:37,951 INFO 开始公司=阿里巴巴 level=S
2026-03-17 23:09:49,128 INFO 完成 source=nowcoder company=阿里巴巴 rows=20
2026-03-17 23:09:49,129 INFO 开始公司=百度 level=S
2026-03-17 23:10:41,755 INFO 完成 source=nowcoder company=百度 rows=4
2026-03-17 23:10:41,760 INFO 开始公司=字节跳动 level=S
2026-03-17 23:15:16,536 INFO 完成 source=bytedance_official company=字节跳动 rows=20
2026-03-17 23:18:43,869 INFO 完成 source=nowcoder company=字节跳动 rows=20
2026-03-17 23:18:43,873 INFO 梯队=S完成
2026-03-17 23:18:43,874 INFO 开始梯队=A
2026-03-17 23:18:43,875 INFO 开始公司=美团 level=A
2026-03-17 23:18:43,876 WARNING 公司=美团 无可用数据源，已跳过。原因：bytedance_official(仅字节跳动已实现) / nowcoder(未配置企业页URL)
2026-03-17 23:18:43,876 INFO 开始公司=拼多多 level=A
2026-03-17 23:18:43,877 WARNING 公司=拼多多 无可用数据源，已跳过。原因：bytedance_official(仅字节跳动已实现) / nowcoder(未配置企业页URL)
2026-03-17 23:18:43,879 INFO 开始公司=京东 level=A
2026-03-17 23:18:43,880 WARNING 公司=京东 无可用数据源，已跳过。原因：bytedance_official(仅字节跳动已实现) / nowcoder(未配置企业页URL)
2026-03-17 23:18:43,880 INFO 开始公司=网易 level=A
2026-03-17 23:18:43,881 WARNING 公司=网易 无可用数据源，已跳过。原因：bytedance_official(仅字节跳动已实现) / nowcoder(未配置企业页URL)
2026-03-17 23:18:43,882 INFO 开始公司=快手 level=A
2026-03-17 23:18:43,884 WARNING 公司=快手 无可用数据源，已跳过。原因：bytedance_official(仅字节跳动已实现) / nowcoder(未配置企业页URL)
2026-03-17 23:18:43,885 INFO 开始公司=滴滴出行 level=A
2026-03-17 23:18:43,886 WARNING 公司=滴滴出行 无可用数据源，已跳过。原因：bytedance_official(仅字节跳动已实现) / nowcoder(未配置企业页URL)
2026-03-17 23:18:43,886 INFO 梯队=A完成
2026-03-17 23:18:43,888 INFO 开始梯队=B
2026-03-17 23:18:43,889 INFO 开始公司=B站 level=B
2026-03-17 23:18:43,889 WARNING 公司=B站 无可用数据源，已跳过。原因：bytedance_official(仅字节跳动已实现) / nowcoder(未配置企业页URL)
2026-03-17 23:18:43,890 INFO 开始公司=小红书 level=B
2026-03-17 23:18:43,890 WARNING 公司=小红书 无可用数据源，已跳过。原因：bytedance_official(仅字节跳动已实现) / nowcoder(未配置企业页URL)
2026-03-17 23:18:43,891 INFO 开始公司=小米 level=B
2026-03-17 23:18:43,892 WARNING 公司=小米 无可用数据源，已跳过。原因：bytedance_official(仅字节跳动已实现) / nowcoder(未配置企业页URL)
2026-03-17 23:18:43,897 INFO 开始公司=携程 level=B
2026-03-17 23:18:43,897 WARNING 公司=携程 无可用数据源，已跳过。原因：bytedance_official(仅字节跳动已实现) / nowcoder(未配置企业页URL)
2026-03-17 23:18:43,898 INFO 开始公司=金山软件 level=B
2026-03-17 23:18:43,898 WARNING 公司=金山软件 无可用数据源，已跳过。原因：bytedance_official(仅字节跳动已实现) / nowcoder(未配置企业页URL)
2026-03-17 23:18:43,899 INFO 开始公司=360 level=B
2026-03-17 23:18:43,900 WARNING 公司=360 无可用数据源，已跳过。原因：bytedance_official(仅字节跳动已实现) / nowcoder(未配置企业页URL)
2026-03-17 23:18:43,901 INFO 开始公司=蚂蚁集团 level=B
2026-03-17 23:18:43,901 WARNING 公司=蚂蚁集团 无可用数据源，已跳过。原因：bytedance_official(仅字节跳动已实现) / nowcoder(未配置企业页URL)
2026-03-17 23:18:43,902 INFO 开始公司=阿里云 level=B
2026-03-17 23:18:43,906 WARNING 公司=阿里云 无可用数据源，已跳过。原因：bytedance_official(仅字节跳动已实现) / nowcoder(未配置企业页URL)
2026-03-17 23:18:43,908 INFO 开始公司=腾讯云 level=B
2026-03-17 23:18:43,914 WARNING 公司=腾讯云 无可用数据源，已跳过。原因：bytedance_official(仅字节跳动已实现) / nowcoder(未配置企业页URL)
2026-03-17 23:18:43,914 INFO 开始公司=华为云 level=B
2026-03-17 23:18:43,915 WARNING 公司=华为云 无可用数据源，已跳过。原因：bytedance_official(仅字节跳动已实现) / nowcoder(未配置企业页URL)
2026-03-17 23:18:43,916 INFO 梯队=B完成
2026-03-17 23:18:43,918 INFO 开始梯队=C
2026-03-17 23:18:43,921 INFO 开始公司=米哈游 level=C
2026-03-17 23:18:43,923 WARNING 公司=米哈游 无可用数据源，已跳过。原因：bytedance_official(仅字节跳动已实现) / nowcoder(未配置企业页URL)
2026-03-17 23:18:43,932 INFO 开始公司=Shein level=C
2026-03-17 23:18:43,932 WARNING 公司=Shein 无可用数据源，已跳过。原因：bytedance_official(仅字节跳动已实现) / nowcoder(未配置企业页URL)
2026-03-17 23:18:43,933 INFO 开始公司=得物 level=C
2026-03-17 23:18:43,935 WARNING 公司=得物 无可用数据源，已跳过。原因：bytedance_official(仅字节跳动已实现) / nowcoder(未配置企业页URL)
2026-03-17 23:18:43,942 INFO 开始公司=知乎 level=C
2026-03-17 23:18:43,943 WARNING 公司=知乎 无可用数据源，已跳过。原因：bytedance_official(仅字节跳动已实现) / nowcoder(未配置企业页URL)
2026-03-17 23:18:43,943 INFO 开始公司=喜马拉雅 level=C
2026-03-17 23:18:43,945 WARNING 公司=喜马拉雅 无可用数据源，已跳过。原因：bytedance_official(仅字节跳动已实现) / nowcoder(未配置企业页URL)
2026-03-17 23:18:43,946 INFO 开始公司=货拉拉 level=C
2026-03-17 23:18:43,946 WARNING 公司=货拉拉 无可用数据源，已跳过。原因：bytedance_official(仅字节跳动已实现) / nowcoder(未配置企业页URL)
2026-03-17 23:18:43,947 INFO 开始公司=完美世界 level=C
2026-03-17 23:18:43,950 WARNING 公司=完美世界 无可用数据源，已跳过。原因：bytedance_official(仅字节跳动已实现) / nowcoder(未配置企业页URL)
2026-03-17 23:18:43,951 INFO 开始公司=三七互娱 level=C
2026-03-17 23:18:43,952 WARNING 公司=三七互娱 无可用数据源，已跳过。原因：bytedance_official(仅字节跳动已实现) / nowcoder(未配置企业页URL)
2026-03-17 23:18:43,953 INFO 梯队=C完成
2026-03-17 23:18:43,958 INFO 调度完成：companies=28 sources=5 ok=5 fail=0 rows=64
2026-03-17 23:20:16,742 INFO 开始梯队=S
2026-03-17 23:20:16,751 INFO 开始公司=腾讯 level=S
2026-03-17 23:20:26,403 INFO 完成 source=nowcoder company=腾讯 rows=0
2026-03-17 23:20:26,403 INFO 开始公司=阿里巴巴 level=S
2026-03-17 23:23:46,769 INFO 完成 source=nowcoder company=阿里巴巴 rows=20
2026-03-17 23:23:46,770 INFO 开始公司=百度 level=S
2026-03-17 23:24:27,918 INFO 完成 source=nowcoder company=百度 rows=4
2026-03-17 23:24:27,920 INFO 开始公司=字节跳动 level=S
2026-03-17 23:28:36,306 INFO 完成 source=bytedance_official company=字节跳动 rows=20
2026-03-17 23:32:37,408 INFO 完成 source=nowcoder company=字节跳动 rows=20
2026-03-17 23:32:37,409 INFO 梯队=S完成
2026-03-17 23:32:37,411 INFO 开始梯队=A
2026-03-17 23:32:37,415 INFO 开始公司=美团 level=A
2026-03-17 23:32:37,420 WARNING 公司=美团 无可用数据源，已跳过。原因：bytedance_official(仅字节跳动已实现) / nowcoder(未配置企业页URL)
2026-03-17 23:32:37,424 INFO 开始公司=拼多多 level=A
2026-03-17 23:32:37,425 WARNING 公司=拼多多 无可用数据源，已跳过。原因：bytedance_official(仅字节跳动已实现) / nowcoder(未配置企业页URL)
2026-03-17 23:32:37,427 INFO 开始公司=京东 level=A
2026-03-17 23:32:37,428 WARNING 公司=京东 无可用数据源，已跳过。原因：bytedance_official(仅字节跳动已实现) / nowcoder(未配置企业页URL)
2026-03-17 23:32:37,435 INFO 开始公司=网易 level=A
2026-03-17 23:32:37,436 WARNING 公司=网易 无可用数据源，已跳过。原因：bytedance_official(仅字节跳动已实现) / nowcoder(未配置企业页URL)
2026-03-17 23:32:37,441 INFO 开始公司=快手 level=A
2026-03-17 23:32:37,444 WARNING 公司=快手 无可用数据源，已跳过。原因：bytedance_official(仅字节跳动已实现) / nowcoder(未配置企业页URL)
2026-03-17 23:32:37,453 INFO 开始公司=滴滴出行 level=A
2026-03-17 23:32:37,457 WARNING 公司=滴滴出行 无可用数据源，已跳过。原因：bytedance_official(仅字节跳动已实现) / nowcoder(未配置企业页URL)
2026-03-17 23:32:37,461 INFO 梯队=A完成
2026-03-17 23:32:37,467 INFO 开始梯队=B
2026-03-17 23:32:37,468 INFO 开始公司=B站 level=B
2026-03-17 23:32:37,469 WARNING 公司=B站 无可用数据源，已跳过。原因：bytedance_official(仅字节跳动已实现) / nowcoder(未配置企业页URL)
2026-03-17 23:32:37,475 INFO 开始公司=小红书 level=B
2026-03-17 23:32:37,477 WARNING 公司=小红书 无可用数据源，已跳过。原因：bytedance_official(仅字节跳动已实现) / nowcoder(未配置企业页URL)
2026-03-17 23:32:37,486 INFO 开始公司=小米 level=B
2026-03-17 23:32:37,509 WARNING 公司=小米 无可用数据源，已跳过。原因：bytedance_official(仅字节跳动已实现) / nowcoder(未配置企业页URL)
2026-03-17 23:32:37,518 INFO 开始公司=携程 level=B
2026-03-17 23:32:37,520 WARNING 公司=携程 无可用数据源，已跳过。原因：bytedance_official(仅字节跳动已实现) / nowcoder(未配置企业页URL)
2026-03-17 23:32:37,531 INFO 开始公司=金山软件 level=B
2026-03-17 23:32:37,532 WARNING 公司=金山软件 无可用数据源，已跳过。原因：bytedance_official(仅字节跳动已实现) / nowcoder(未配置企业页URL)
2026-03-17 23:32:37,533 INFO 开始公司=360 level=B
2026-03-17 23:32:37,534 WARNING 公司=360 无可用数据源，已跳过。原因：bytedance_official(仅字节跳动已实现) / nowcoder(未配置企业页URL)
2026-03-17 23:32:37,535 INFO 开始公司=蚂蚁集团 level=B
2026-03-17 23:32:37,537 WARNING 公司=蚂蚁集团 无可用数据源，已跳过。原因：bytedance_official(仅字节跳动已实现) / nowcoder(未配置企业页URL)
2026-03-17 23:32:37,539 INFO 开始公司=阿里云 level=B
2026-03-17 23:32:37,546 WARNING 公司=阿里云 无可用数据源，已跳过。原因：bytedance_official(仅字节跳动已实现) / nowcoder(未配置企业页URL)
2026-03-17 23:32:37,549 INFO 开始公司=腾讯云 level=B
2026-03-17 23:32:37,550 WARNING 公司=腾讯云 无可用数据源，已跳过。原因：bytedance_official(仅字节跳动已实现) / nowcoder(未配置企业页URL)
2026-03-17 23:32:37,551 INFO 开始公司=华为云 level=B
2026-03-17 23:32:37,554 WARNING 公司=华为云 无可用数据源，已跳过。原因：bytedance_official(仅字节跳动已实现) / nowcoder(未配置企业页URL)
2026-03-17 23:32:37,561 INFO 梯队=B完成
2026-03-17 23:32:37,566 INFO 开始梯队=C
2026-03-17 23:32:37,567 INFO 开始公司=米哈游 level=C
2026-03-17 23:32:37,569 WARNING 公司=米哈游 无可用数据源，已跳过。原因：bytedance_official(仅字节跳动已实现) / nowcoder(未配置企业页URL)
2026-03-17 23:32:37,581 INFO 开始公司=Shein level=C
2026-03-17 23:32:37,584 WARNING 公司=Shein 无可用数据源，已跳过。原因：bytedance_official(仅字节跳动已实现) / nowcoder(未配置企业页URL)
2026-03-17 23:32:37,591 INFO 开始公司=得物 level=C
2026-03-17 23:32:37,593 WARNING 公司=得物 无可用数据源，已跳过。原因：bytedance_official(仅字节跳动已实现) / nowcoder(未配置企业页URL)
2026-03-17 23:32:37,594 INFO 开始公司=知乎 level=C
2026-03-17 23:32:37,600 WARNING 公司=知乎 无可用数据源，已跳过。原因：bytedance_official(仅字节跳动已实现) / nowcoder(未配置企业页URL)
2026-03-17 23:32:37,601 INFO 开始公司=喜马拉雅 level=C
2026-03-17 23:32:37,607 WARNING 公司=喜马拉雅 无可用数据源，已跳过。原因：bytedance_official(仅字节跳动已实现) / nowcoder(未配置企业页URL)
2026-03-17 23:32:37,615 INFO 开始公司=货拉拉 level=C
2026-03-17 23:32:37,616 WARNING 公司=货拉拉 无可用数据源，已跳过。原因：bytedance_official(仅字节跳动已实现) / nowcoder(未配置企业页URL)
2026-03-17 23:32:37,621 INFO 开始公司=完美世界 level=C
2026-03-17 23:32:37,628 WARNING 公司=完美世界 无可用数据源，已跳过。原因：bytedance_official(仅字节跳动已实现) / nowcoder(未配置企业页URL)
2026-03-17 23:32:37,634 INFO 开始公司=三七互娱 level=C
2026-03-17 23:32:37,642 WARNING 公司=三七互娱 无可用数据源，已跳过。原因：bytedance_official(仅字节跳动已实现) / nowcoder(未配置企业页URL)
2026-03-17 23:32:37,644 INFO 梯队=C完成
2026-03-17 23:32:37,652 INFO 调度完成：companies=28 sources=5 ok=5 fail=0 rows=64
2026-03-17 23:32:41,956 INFO 输出完成：json=output/jobs_latest.json csv=output/jobs_latest.csv excel=output/jobs_latest.xlsx
2026-03-17 23:32:51,550 INFO 开始梯队=S
2026-03-17 23:32:51,573 INFO 开始公司=腾讯 level=S
2026-03-17 23:33:04,749 INFO 完成 source=nowcoder company=腾讯 rows=0
2026-03-17 23:33:04,751 INFO 开始公司=阿里巴巴 level=S
