2026-03-18 12:29:14,376 INFO 开始梯队=S
2026-03-18 12:29:14,377 INFO 开始公司=腾讯 level=S
2026-03-18 12:29:22,318 INFO 完成 source=nowcoder company=腾讯 rows=0
2026-03-18 12:29:22,319 INFO 开始公司=阿里巴巴 level=S
2026-03-18 12:29:44,380 INFO 完成 source=nowcoder company=阿里巴巴 rows=3
2026-03-18 12:29:44,380 INFO 开始公司=百度 level=S
2026-03-18 12:30:02,029 INFO 完成 source=nowcoder company=百度 rows=2
2026-03-18 12:30:02,029 INFO 开始公司=字节跳动 level=S
2026-03-18 12:30:48,078 INFO 完成 source=bytedance_official company=字节跳动 rows=4
2026-03-18 12:31:23,893 INFO 完成 source=nowcoder company=字节跳动 rows=5
2026-03-18 12:31:23,894 INFO 梯队=S完成
2026-03-18 12:31:23,894 INFO 开始梯队=A
2026-03-18 12:31:23,894 INFO 开始公司=美团 level=A
2026-03-18 12:31:23,894 WARNING 公司=美团 无可用数据源，已跳过。原因：bytedance_official(仅字节跳动已实现) / nowcoder(未配置企业页URL)
2026-03-18 12:31:23,895 INFO 开始公司=拼多多 level=A
2026-03-18 12:31:23,895 WARNING 公司=拼多多 无可用数据源，已跳过。原因：bytedance_official(仅字节跳动已实现) / nowcoder(未配置企业页URL)
2026-03-18 12:31:23,896 INFO 开始公司=京东 level=A
2026-03-18 12:31:23,896 WARNING 公司=京东 无可用数据源，已跳过。原因：bytedance_official(仅字节跳动已实现) / nowcoder(未配置企业页URL)
2026-03-18 12:31:23,896 INFO 开始公司=网易 level=A
2026-03-18 12:31:23,896 WARNING 公司=网易 无可用数据源，已跳过。原因：bytedance_official(仅字节跳动已实现) / nowcoder(未配置企业页URL)
2026-03-18 12:31:23,897 INFO 开始公司=快手 level=A
2026-03-18 12:31:23,897 WARNING 公司=快手 无可用数据源，已跳过。原因：bytedance_official(仅字节跳动已实现) / nowcoder(未配置企业页URL)
2026-03-18 12:31:23,897 INFO 开始公司=滴滴出行 level=A
2026-03-18 12:31:23,897 WARNING 公司=滴滴出行 无可用数据源，已跳过。原因：bytedance_official(仅字节跳动已实现) / nowcoder(未配置企业页URL)
2026-03-18 12:31:23,897 INFO 梯队=A完成
2026-03-18 12:31:23,898 INFO 开始梯队=B
2026-03-18 12:31:23,898 INFO 开始公司=B站 level=B
2026-03-18 12:31:23,898 WARNING 公司=B站 无可用数据源，已跳过。原因：bytedance_official(仅字节跳动已实现) / nowcoder(未配置企业页URL)
2026-03-18 12:31:23,898 INFO 开始公司=小红书 level=B
2026-03-18 12:31:23,899 WARNING 公司=小红书 无可用数据源，已跳过。原因：bytedance_official(仅字节跳动已实现) / nowcoder(未配置企业页URL)
2026-03-18 12:31:23,899 INFO 开始公司=小米 level=B
2026-03-18 12:31:23,899 WARNING 公司=小米 无可用数据源，已跳过。原因：bytedance_official(仅字节跳动已实现) / nowcoder(未配置企业页URL)
2026-03-18 12:31:23,899 INFO 开始公司=携程 level=B
2026-03-18 12:31:23,900 WARNING 公司=携程 无可用数据源，已跳过。原因：bytedance_official(仅字节跳动已实现) / nowcoder(未配置企业页URL)
2026-03-18 12:31:23,900 INFO 开始公司=金山软件 level=B
2026-03-18 12:31:23,900 WARNING 公司=金山软件 无可用数据源，已跳过。原因：bytedance_official(仅字节跳动已实现) / nowcoder(未配置企业页URL)
2026-03-18 12:31:23,900 INFO 开始公司=360 level=B
2026-03-18 12:31:23,901 WARNING 公司=360 无可用数据源，已跳过。原因：bytedance_official(仅字节跳动已实现) / nowcoder(未配置企业页URL)
2026-03-18 12:31:23,901 INFO 开始公司=蚂蚁集团 level=B
2026-03-18 12:31:23,901 WARNING 公司=蚂蚁集团 无可用数据源，已跳过。原因：bytedance_official(仅字节跳动已实现) / nowcoder(未配置企业页URL)
2026-03-18 12:31:23,902 INFO 开始公司=阿里云 level=B
2026-03-18 12:31:23,902 WARNING 公司=阿里云 无可用数据源，已跳过。原因：bytedance_official(仅字节跳动已实现) / nowcoder(未配置企业页URL)
2026-03-18 12:31:23,902 INFO 开始公司=腾讯云 level=B
2026-03-18 12:31:23,902 WARNING 公司=腾讯云 无可用数据源，已跳过。原因：bytedance_official(仅字节跳动已实现) / nowcoder(未配置企业页URL)
2026-03-18 12:31:23,903 INFO 开始公司=华为云 level=B
2026-03-18 12:31:23,903 WARNING 公司=华为云 无可用数据源，已跳过。原因：bytedance_official(仅字节跳动已实现) / nowcoder(未配置企业页URL)
2026-03-18 12:31:23,903 INFO 梯队=B完成
2026-03-18 12:31:23,904 INFO 开始梯队=C
2026-03-18 12:31:23,904 INFO 开始公司=米哈游 level=C
2026-03-18 12:31:23,904 WARNING 公司=米哈游 无可用数据源，已跳过。原因：bytedance_official(仅字节跳动已实现) / nowcoder(未配置企业页URL)
2026-03-18 12:31:23,904 INFO 开始公司=Shein level=C
2026-03-18 12:31:23,905 WARNING 公司=Shein 无可用数据源，已跳过。原因：bytedance_official(仅字节跳动已实现) / nowcoder(未配置企业页URL)
2026-03-18 12:31:23,905 INFO 开始公司=得物 level=C
2026-03-18 12:31:23,905 WARNING 公司=得物 无可用数据源，已跳过。原因：bytedance_official(仅字节跳动已实现) / nowcoder(未配置企业页URL)
2026-03-18 12:31:23,906 INFO 开始公司=知乎 level=C
2026-03-18 12:31:23,906 WARNING 公司=知乎 无可用数据源，已跳过。原因：bytedance_official(仅字节跳动已实现) / nowcoder(未配置企业页URL)
2026-03-18 12:31:23,906 INFO 开始公司=喜马拉雅 level=C
2026-03-18 12:31:23,910 WARNING 公司=喜马拉雅 无可用数据源，已跳过。原因：bytedance_official(仅字节跳动已实现) / nowcoder(未配置企业页URL)
2026-03-18 12:31:23,910 INFO 开始公司=货拉拉 level=C
2026-03-18 12:31:23,911 WARNING 公司=货拉拉 无可用数据源，已跳过。原因：bytedance_official(仅字节跳动已实现) / nowcoder(未配置企业页URL)
2026-03-18 12:31:23,911 INFO 开始公司=完美世界 level=C
2026-03-18 12:31:23,912 WARNING 公司=完美世界 无可用数据源，已跳过。原因：bytedance_official(仅字节跳动已实现) / nowcoder(未配置企业页URL)
2026-03-18 12:31:23,912 INFO 开始公司=三七互娱 level=C
2026-03-18 12:31:23,912 WARNING 公司=三七互娱 无可用数据源，已跳过。原因：bytedance_official(仅字节跳动已实现) / nowcoder(未配置企业页URL)
2026-03-18 12:31:23,912 INFO 梯队=C完成
2026-03-18 12:31:23,913 INFO 调度完成：companies=28 sources=5 ok=5 fail=0 rows=14
2026-03-18 12:31:24,723 INFO 输出完成：json=output/jobs_latest.json csv=output/jobs_latest.csv excel=output/jobs_latest.xlsx
2026-03-18 12:33:37,326 INFO 开始梯队=S
2026-03-18 12:33:37,327 INFO 开始公司=腾讯 level=S
2026-03-18 12:33:45,277 INFO 完成 source=nowcoder company=腾讯 rows=0
2026-03-18 12:33:45,277 INFO 开始公司=阿里巴巴 level=S
2026-03-18 12:34:07,643 INFO 完成 source=nowcoder company=阿里巴巴 rows=3
2026-03-18 12:34:07,644 INFO 开始公司=百度 level=S
2026-03-18 12:34:24,239 INFO 完成 source=nowcoder company=百度 rows=2
2026-03-18 12:34:24,240 INFO 开始公司=字节跳动 level=S
2026-03-18 12:35:26,064 INFO 完成 source=bytedance_official company=字节跳动 rows=4
2026-03-18 12:35:58,750 INFO 完成 source=nowcoder company=字节跳动 rows=5
2026-03-18 12:35:58,751 INFO 梯队=S完成
2026-03-18 12:35:58,751 INFO 开始梯队=A
2026-03-18 12:35:58,752 INFO 开始公司=美团 level=A
2026-03-18 12:35:58,753 WARNING 公司=美团 无可用数据源，已跳过。原因：bytedance_official(仅字节跳动已实现) / nowcoder(未配置企业页URL)
2026-03-18 12:35:58,753 INFO 开始公司=拼多多 level=A
2026-03-18 12:35:58,753 WARNING 公司=拼多多 无可用数据源，已跳过。原因：bytedance_official(仅字节跳动已实现) / nowcoder(未配置企业页URL)
2026-03-18 12:35:58,754 INFO 开始公司=京东 level=A
2026-03-18 12:35:58,754 WARNING 公司=京东 无可用数据源，已跳过。原因：bytedance_official(仅字节跳动已实现) / nowcoder(未配置企业页URL)
2026-03-18 12:35:58,754 INFO 开始公司=网易 level=A
2026-03-18 12:35:58,755 WARNING 公司=网易 无可用数据源，已跳过。原因：bytedance_official(仅字节跳动已实现) / nowcoder(未配置企业页URL)
2026-03-18 12:35:58,755 INFO 开始公司=快手 level=A
2026-03-18 12:35:58,755 WARNING 公司=快手 无可用数据源，已跳过。原因：bytedance_official(仅字节跳动已实现) / nowcoder(未配置企业页URL)
2026-03-18 12:35:58,755 INFO 开始公司=滴滴出行 level=A
2026-03-18 12:35:58,756 WARNING 公司=滴滴出行 无可用数据源，已跳过。原因：bytedance_official(仅字节跳动已实现) / nowcoder(未配置企业页URL)
2026-03-18 12:35:58,756 INFO 梯队=A完成
2026-03-18 12:35:58,756 INFO 开始梯队=B
2026-03-18 12:35:58,757 INFO 开始公司=B站 level=B
2026-03-18 12:35:58,757 WARNING 公司=B站 无可用数据源，已跳过。原因：bytedance_official(仅字节跳动已实现) / nowcoder(未配置企业页URL)
2026-03-18 12:35:58,757 INFO 开始公司=小红书 level=B
2026-03-18 12:35:58,759 WARNING 公司=小红书 无可用数据源，已跳过。原因：bytedance_official(仅字节跳动已实现) / nowcoder(未配置企业页URL)
2026-03-18 12:35:58,760 INFO 开始公司=小米 level=B
2026-03-18 12:35:58,761 WARNING 公司=小米 无可用数据源，已跳过。原因：bytedance_official(仅字节跳动已实现) / nowcoder(未配置企业页URL)
2026-03-18 12:35:58,761 INFO 开始公司=携程 level=B
2026-03-18 12:35:58,761 WARNING 公司=携程 无可用数据源，已跳过。原因：bytedance_official(仅字节跳动已实现) / nowcoder(未配置企业页URL)
2026-03-18 12:35:58,762 INFO 开始公司=金山软件 level=B
2026-03-18 12:35:58,762 WARNING 公司=金山软件 无可用数据源，已跳过。原因：bytedance_official(仅字节跳动已实现) / nowcoder(未配置企业页URL)
2026-03-18 12:35:58,762 INFO 开始公司=360 level=B
2026-03-18 12:35:58,763 WARNING 公司=360 无可用数据源，已跳过。原因：bytedance_official(仅字节跳动已实现) / nowcoder(未配置企业页URL)
2026-03-18 12:35:58,763 INFO 开始公司=蚂蚁集团 level=B
2026-03-18 12:35:58,763 WARNING 公司=蚂蚁集团 无可用数据源，已跳过。原因：bytedance_official(仅字节跳动已实现) / nowcoder(未配置企业页URL)
2026-03-18 12:35:58,764 INFO 开始公司=阿里云 level=B
2026-03-18 12:35:58,764 WARNING 公司=阿里云 无可用数据源，已跳过。原因：bytedance_official(仅字节跳动已实现) / nowcoder(未配置企业页URL)
2026-03-18 12:35:58,764 INFO 开始公司=腾讯云 level=B
2026-03-18 12:35:58,765 WARNING 公司=腾讯云 无可用数据源，已跳过。原因：bytedance_official(仅字节跳动已实现) / nowcoder(未配置企业页URL)
2026-03-18 12:35:58,765 INFO 开始公司=华为云 level=B
2026-03-18 12:35:58,766 WARNING 公司=华为云 无可用数据源，已跳过。原因：bytedance_official(仅字节跳动已实现) / nowcoder(未配置企业页URL)
2026-03-18 12:35:58,768 INFO 梯队=B完成
2026-03-18 12:35:58,768 INFO 开始梯队=C
2026-03-18 12:35:58,768 INFO 开始公司=米哈游 level=C
2026-03-18 12:35:58,769 WARNING 公司=米哈游 无可用数据源，已跳过。原因：bytedance_official(仅字节跳动已实现) / nowcoder(未配置企业页URL)
2026-03-18 12:35:58,769 INFO 开始公司=Shein level=C
2026-03-18 12:35:58,769 WARNING 公司=Shein 无可用数据源，已跳过。原因：bytedance_official(仅字节跳动已实现) / nowcoder(未配置企业页URL)
2026-03-18 12:35:58,769 INFO 开始公司=得物 level=C
2026-03-18 12:35:58,770 WARNING 公司=得物 无可用数据源，已跳过。原因：bytedance_official(仅字节跳动已实现) / nowcoder(未配置企业页URL)
2026-03-18 12:35:58,770 INFO 开始公司=知乎 level=C
2026-03-18 12:35:58,770 WARNING 公司=知乎 无可用数据源，已跳过。原因：bytedance_official(仅字节跳动已实现) / nowcoder(未配置企业页URL)
2026-03-18 12:35:58,771 INFO 开始公司=喜马拉雅 level=C
2026-03-18 12:35:58,778 WARNING 公司=喜马拉雅 无可用数据源，已跳过。原因：bytedance_official(仅字节跳动已实现) / nowcoder(未配置企业页URL)
2026-03-18 12:35:58,786 INFO 开始公司=货拉拉 level=C
2026-03-18 12:35:58,787 WARNING 公司=货拉拉 无可用数据源，已跳过。原因：bytedance_official(仅字节跳动已实现) / nowcoder(未配置企业页URL)
2026-03-18 12:35:58,787 INFO 开始公司=完美世界 level=C
2026-03-18 12:35:58,788 WARNING 公司=完美世界 无可用数据源，已跳过。原因：bytedance_official(仅字节跳动已实现) / nowcoder(未配置企业页URL)
2026-03-18 12:35:58,789 INFO 开始公司=三七互娱 level=C
2026-03-18 12:35:58,792 WARNING 公司=三七互娱 无可用数据源，已跳过。原因：bytedance_official(仅字节跳动已实现) / nowcoder(未配置企业页URL)
2026-03-18 12:35:58,794 INFO 梯队=C完成
2026-03-18 12:35:58,794 INFO 调度完成：companies=28 sources=5 ok=5 fail=0 rows=14
2026-03-18 12:36:00,085 INFO 输出完成：json=output/jobs_latest.json csv=output/jobs_latest.csv excel=output/jobs_latest.xlsx
2026-03-18 21:21:04,870 INFO 开始梯队=S
2026-03-18 21:21:04,873 INFO 开始公司=腾讯 level=S
2026-03-18 21:21:13,163 INFO 完成 source=nowcoder company=腾讯 rows=0
2026-03-18 21:21:49,855 INFO 完成 source=shixiseng company=腾讯 rows=0
2026-03-18 21:22:01,420 INFO 完成 source=liepin company=腾讯 rows=0
2026-03-18 21:22:01,421 INFO 开始公司=阿里巴巴 level=S
2026-03-18 21:22:23,623 INFO 完成 source=nowcoder company=阿里巴巴 rows=2
2026-03-18 21:22:23,623 INFO 完成 source=shixiseng company=阿里巴巴 rows=0
2026-03-18 21:22:23,623 INFO 完成 source=liepin company=阿里巴巴 rows=0
2026-03-18 21:22:23,624 INFO 开始公司=百度 level=S
2026-03-18 21:22:44,540 INFO 完成 source=nowcoder company=百度 rows=2
2026-03-18 21:22:44,540 INFO 完成 source=shixiseng company=百度 rows=0
2026-03-18 21:22:44,541 INFO 完成 source=liepin company=百度 rows=0
2026-03-18 21:22:44,541 INFO 开始公司=字节跳动 level=S
2026-03-18 21:23:34,931 INFO 完成 source=bytedance_official company=字节跳动 rows=4
2026-03-18 21:24:16,487 INFO 完成 source=nowcoder company=字节跳动 rows=5
2026-03-18 21:24:16,487 INFO 完成 source=shixiseng company=字节跳动 rows=0
2026-03-18 21:24:16,487 INFO 完成 source=liepin company=字节跳动 rows=0
2026-03-18 21:24:16,488 INFO 梯队=S完成
2026-03-18 21:24:16,488 INFO 开始梯队=A
2026-03-18 21:24:16,488 INFO 开始公司=美团 level=A
2026-03-18 21:24:16,489 INFO 完成 source=shixiseng company=美团 rows=0
2026-03-18 21:24:16,489 INFO 完成 source=liepin company=美团 rows=0
2026-03-18 21:24:16,489 INFO 开始公司=拼多多 level=A
2026-03-18 21:24:16,490 INFO 完成 source=shixiseng company=拼多多 rows=0
2026-03-18 21:24:16,490 INFO 完成 source=liepin company=拼多多 rows=0
2026-03-18 21:24:16,490 INFO 开始公司=京东 level=A
2026-03-18 21:24:16,491 INFO 完成 source=shixiseng company=京东 rows=0
2026-03-18 21:24:16,491 INFO 完成 source=liepin company=京东 rows=0
2026-03-18 21:24:16,491 INFO 开始公司=网易 level=A
2026-03-18 21:24:16,491 INFO 完成 source=shixiseng company=网易 rows=0
2026-03-18 21:24:16,492 INFO 完成 source=liepin company=网易 rows=0
2026-03-18 21:24:16,492 INFO 开始公司=快手 level=A
2026-03-18 21:24:16,492 INFO 完成 source=shixiseng company=快手 rows=0
2026-03-18 21:24:16,493 INFO 完成 source=liepin company=快手 rows=0
2026-03-18 21:24:16,493 INFO 开始公司=滴滴出行 level=A
2026-03-18 21:24:16,493 INFO 完成 source=shixiseng company=滴滴出行 rows=0
2026-03-18 21:24:16,494 INFO 完成 source=liepin company=滴滴出行 rows=0
2026-03-18 21:24:16,494 INFO 梯队=A完成
2026-03-18 21:24:16,494 INFO 开始梯队=B
2026-03-18 21:24:16,495 INFO 开始公司=B站 level=B
2026-03-18 21:24:16,495 INFO 完成 source=shixiseng company=B站 rows=0
2026-03-18 21:24:16,495 INFO 完成 source=liepin company=B站 rows=0
2026-03-18 21:24:16,496 INFO 开始公司=小红书 level=B
2026-03-18 21:24:16,497 INFO 完成 source=shixiseng company=小红书 rows=0
2026-03-18 21:24:16,497 INFO 完成 source=liepin company=小红书 rows=0
2026-03-18 21:24:16,497 INFO 开始公司=小米 level=B
2026-03-18 21:24:16,498 INFO 完成 source=shixiseng company=小米 rows=0
2026-03-18 21:24:16,498 INFO 完成 source=liepin company=小米 rows=0
2026-03-18 21:24:16,499 INFO 开始公司=携程 level=B
2026-03-18 21:24:16,500 INFO 完成 source=shixiseng company=携程 rows=0
2026-03-18 21:24:16,500 INFO 完成 source=liepin company=携程 rows=0
2026-03-18 21:24:16,501 INFO 开始公司=金山软件 level=B
2026-03-18 21:24:16,501 INFO 完成 source=shixiseng company=金山软件 rows=0
2026-03-18 21:24:16,502 INFO 完成 source=liepin company=金山软件 rows=0
2026-03-18 21:24:16,502 INFO 开始公司=360 level=B
2026-03-18 21:24:16,502 INFO 完成 source=shixiseng company=360 rows=0
2026-03-18 21:24:16,503 INFO 完成 source=liepin company=360 rows=0
2026-03-18 21:24:16,503 INFO 开始公司=蚂蚁集团 level=B
2026-03-18 21:24:16,503 INFO 完成 source=shixiseng company=蚂蚁集团 rows=0
2026-03-18 21:24:16,504 INFO 完成 source=liepin company=蚂蚁集团 rows=0
2026-03-18 21:24:16,504 INFO 开始公司=阿里云 level=B
2026-03-18 21:24:16,504 INFO 完成 source=shixiseng company=阿里云 rows=0
2026-03-18 21:24:16,505 INFO 完成 source=liepin company=阿里云 rows=0
2026-03-18 21:24:16,505 INFO 开始公司=腾讯云 level=B
2026-03-18 21:24:16,505 INFO 完成 source=shixiseng company=腾讯云 rows=0
2026-03-18 21:24:16,506 INFO 完成 source=liepin company=腾讯云 rows=0
2026-03-18 21:24:16,506 INFO 开始公司=华为云 level=B
2026-03-18 21:24:16,506 INFO 完成 source=shixiseng company=华为云 rows=0
2026-03-18 21:24:16,507 INFO 完成 source=liepin company=华为云 rows=0
2026-03-18 21:24:16,507 INFO 梯队=B完成
2026-03-18 21:24:16,507 INFO 开始梯队=C
2026-03-18 21:24:16,508 INFO 开始公司=米哈游 level=C
2026-03-18 21:24:16,509 INFO 完成 source=shixiseng company=米哈游 rows=0
2026-03-18 21:24:16,509 INFO 完成 source=liepin company=米哈游 rows=0
2026-03-18 21:24:16,510 INFO 开始公司=Shein level=C
2026-03-18 21:24:16,510 INFO 完成 source=shixiseng company=Shein rows=0
2026-03-18 21:24:16,511 INFO 完成 source=liepin company=Shein rows=0
2026-03-18 21:24:16,511 INFO 开始公司=得物 level=C
2026-03-18 21:24:16,511 INFO 完成 source=shixiseng company=得物 rows=0
2026-03-18 21:24:16,512 INFO 完成 source=liepin company=得物 rows=0
2026-03-18 21:24:16,512 INFO 开始公司=知乎 level=C
2026-03-18 21:24:16,513 INFO 完成 source=shixiseng company=知乎 rows=0
2026-03-18 21:24:16,513 INFO 完成 source=liepin company=知乎 rows=0
2026-03-18 21:24:16,514 INFO 开始公司=喜马拉雅 level=C
2026-03-18 21:24:16,515 INFO 完成 source=shixiseng company=喜马拉雅 rows=0
2026-03-18 21:24:16,515 INFO 完成 source=liepin company=喜马拉雅 rows=0
2026-03-18 21:24:16,515 INFO 开始公司=货拉拉 level=C
2026-03-18 21:24:16,516 INFO 完成 source=shixiseng company=货拉拉 rows=0
2026-03-18 21:24:16,516 INFO 完成 source=liepin company=货拉拉 rows=0
2026-03-18 21:24:16,517 INFO 开始公司=完美世界 level=C
2026-03-18 21:24:16,517 INFO 完成 source=shixiseng company=完美世界 rows=0
2026-03-18 21:24:16,517 INFO 完成 source=liepin company=完美世界 rows=0
2026-03-18 21:24:16,518 INFO 开始公司=三七互娱 level=C
2026-03-18 21:24:16,518 INFO 完成 source=shixiseng company=三七互娱 rows=0
2026-03-18 21:24:16,518 INFO 完成 source=liepin company=三七互娱 rows=0
2026-03-18 21:24:16,519 INFO 梯队=C完成
2026-03-18 21:24:16,519 INFO 调度完成：companies=28 sources=61 ok=61 fail=0 rows=13
2026-03-18 21:24:17,648 INFO 输出完成：json=output/jobs_latest.json csv=output/jobs_latest.csv excel=output/jobs_latest.xlsx
2026-03-18 21:43:01,596 INFO 开始梯队=S
2026-03-18 21:43:01,604 INFO 开始公司=腾讯 level=S
2026-03-18 21:43:08,891 INFO 完成 source=nowcoder company=腾讯 rows=0
2026-03-18 21:43:48,358 INFO 完成 source=shixiseng company=腾讯 rows=19
2026-03-18 21:44:01,486 INFO 完成 source=liepin company=腾讯 rows=10
2026-03-18 21:44:01,487 INFO 开始公司=阿里巴巴 level=S
2026-03-18 21:44:21,529 INFO 完成 source=nowcoder company=阿里巴巴 rows=2
2026-03-18 21:44:21,533 INFO 完成 source=shixiseng company=阿里巴巴 rows=0
2026-03-18 21:44:21,534 INFO 完成 source=liepin company=阿里巴巴 rows=0
2026-03-18 21:44:21,534 INFO 开始公司=百度 level=S
2026-03-18 21:44:42,993 INFO 完成 source=nowcoder company=百度 rows=2
2026-03-18 21:44:42,994 INFO 完成 source=shixiseng company=百度 rows=0
2026-03-18 21:44:42,994 INFO 完成 source=liepin company=百度 rows=0
2026-03-18 21:44:42,995 INFO 开始公司=字节跳动 level=S
2026-03-18 21:45:32,694 INFO 完成 source=bytedance_official company=字节跳动 rows=4
2026-03-18 21:46:18,019 INFO 完成 source=nowcoder company=字节跳动 rows=5
2026-03-18 21:46:18,022 INFO 完成 source=shixiseng company=字节跳动 rows=0
2026-03-18 21:46:18,023 INFO 完成 source=liepin company=字节跳动 rows=0
2026-03-18 21:46:18,023 INFO 梯队=S完成
2026-03-18 21:46:18,024 INFO 开始梯队=A
2026-03-18 21:46:18,031 INFO 开始公司=美团 level=A
2026-03-18 21:46:18,032 INFO 完成 source=shixiseng company=美团 rows=0
2026-03-18 21:46:18,033 INFO 完成 source=liepin company=美团 rows=0
2026-03-18 21:46:18,034 INFO 开始公司=拼多多 level=A
2026-03-18 21:46:18,035 INFO 完成 source=shixiseng company=拼多多 rows=0
2026-03-18 21:46:18,035 INFO 完成 source=liepin company=拼多多 rows=0
2026-03-18 21:46:18,036 INFO 开始公司=京东 level=A
2026-03-18 21:46:18,037 INFO 完成 source=shixiseng company=京东 rows=0
2026-03-18 21:46:18,038 INFO 完成 source=liepin company=京东 rows=0
2026-03-18 21:46:18,039 INFO 开始公司=网易 level=A
2026-03-18 21:46:18,039 INFO 完成 source=shixiseng company=网易 rows=0
2026-03-18 21:46:18,040 INFO 完成 source=liepin company=网易 rows=0
2026-03-18 21:46:18,040 INFO 开始公司=快手 level=A
2026-03-18 21:46:18,041 INFO 完成 source=shixiseng company=快手 rows=0
2026-03-18 21:46:18,046 INFO 完成 source=liepin company=快手 rows=0
2026-03-18 21:46:18,047 INFO 开始公司=滴滴出行 level=A
2026-03-18 21:46:18,048 INFO 完成 source=shixiseng company=滴滴出行 rows=0
2026-03-18 21:46:18,050 INFO 完成 source=liepin company=滴滴出行 rows=0
2026-03-18 21:46:18,051 INFO 梯队=A完成
2026-03-18 21:46:18,051 INFO 开始梯队=B
2026-03-18 21:46:18,051 INFO 开始公司=B站 level=B
2026-03-18 21:46:18,052 INFO 完成 source=shixiseng company=B站 rows=0
2026-03-18 21:46:18,053 INFO 完成 source=liepin company=B站 rows=0
2026-03-18 21:46:18,054 INFO 开始公司=小红书 level=B
2026-03-18 21:46:18,055 INFO 完成 source=shixiseng company=小红书 rows=0
2026-03-18 21:46:18,056 INFO 完成 source=liepin company=小红书 rows=0
2026-03-18 21:46:18,057 INFO 开始公司=小米 level=B
2026-03-18 21:46:18,057 INFO 完成 source=shixiseng company=小米 rows=0
2026-03-18 21:46:18,065 INFO 完成 source=liepin company=小米 rows=0
2026-03-18 21:46:18,066 INFO 开始公司=携程 level=B
2026-03-18 21:46:18,067 INFO 完成 source=shixiseng company=携程 rows=0
2026-03-18 21:46:18,067 INFO 完成 source=liepin company=携程 rows=0
2026-03-18 21:46:18,068 INFO 开始公司=金山软件 level=B
2026-03-18 21:46:18,069 INFO 完成 source=shixiseng company=金山软件 rows=0
2026-03-18 21:46:18,070 INFO 完成 source=liepin company=金山软件 rows=0
2026-03-18 21:46:18,070 INFO 开始公司=360 level=B
2026-03-18 21:46:18,071 INFO 完成 source=shixiseng company=360 rows=0
2026-03-18 21:46:18,072 INFO 完成 source=liepin company=360 rows=0
2026-03-18 21:46:18,072 INFO 开始公司=蚂蚁集团 level=B
2026-03-18 21:46:18,073 INFO 完成 source=shixiseng company=蚂蚁集团 rows=0
2026-03-18 21:46:18,074 INFO 完成 source=liepin company=蚂蚁集团 rows=0
2026-03-18 21:46:18,075 INFO 开始公司=阿里云 level=B
2026-03-18 21:46:18,082 INFO 完成 source=shixiseng company=阿里云 rows=0
2026-03-18 21:46:18,083 INFO 完成 source=liepin company=阿里云 rows=0
2026-03-18 21:46:18,084 INFO 开始公司=腾讯云 level=B
2026-03-18 21:46:18,084 INFO 完成 source=shixiseng company=腾讯云 rows=0
2026-03-18 21:46:18,085 INFO 完成 source=liepin company=腾讯云 rows=0
2026-03-18 21:46:18,085 INFO 开始公司=华为云 level=B
2026-03-18 21:46:18,086 INFO 完成 source=shixiseng company=华为云 rows=0
2026-03-18 21:46:18,087 INFO 完成 source=liepin company=华为云 rows=0
2026-03-18 21:46:18,088 INFO 梯队=B完成
2026-03-18 21:46:18,088 INFO 开始梯队=C
2026-03-18 21:46:18,089 INFO 开始公司=米哈游 level=C
2026-03-18 21:46:18,089 INFO 完成 source=shixiseng company=米哈游 rows=0
2026-03-18 21:46:18,090 INFO 完成 source=liepin company=米哈游 rows=0
2026-03-18 21:46:18,091 INFO 开始公司=Shein level=C
2026-03-18 21:46:18,099 INFO 完成 source=shixiseng company=Shein rows=0
2026-03-18 21:46:18,101 INFO 完成 source=liepin company=Shein rows=0
2026-03-18 21:46:18,102 INFO 开始公司=得物 level=C
2026-03-18 21:46:18,103 INFO 完成 source=shixiseng company=得物 rows=0
2026-03-18 21:46:18,104 INFO 完成 source=liepin company=得物 rows=0
2026-03-18 21:46:18,105 INFO 开始公司=知乎 level=C
2026-03-18 21:46:18,105 INFO 完成 source=shixiseng company=知乎 rows=0
2026-03-18 21:46:18,106 INFO 完成 source=liepin company=知乎 rows=0
2026-03-18 21:46:18,107 INFO 开始公司=喜马拉雅 level=C
2026-03-18 21:46:18,108 INFO 完成 source=shixiseng company=喜马拉雅 rows=0
2026-03-18 21:46:18,116 INFO 完成 source=liepin company=喜马拉雅 rows=0
2026-03-18 21:46:18,117 INFO 开始公司=货拉拉 level=C
2026-03-18 21:46:18,118 INFO 完成 source=shixiseng company=货拉拉 rows=0
2026-03-18 21:46:18,119 INFO 完成 source=liepin company=货拉拉 rows=0
2026-03-18 21:46:18,120 INFO 开始公司=完美世界 level=C
2026-03-18 21:46:18,121 INFO 完成 source=shixiseng company=完美世界 rows=0
2026-03-18 21:46:18,122 INFO 完成 source=liepin company=完美世界 rows=0
2026-03-18 21:46:18,122 INFO 开始公司=三七互娱 level=C
2026-03-18 21:46:18,123 INFO 完成 source=shixiseng company=三七互娱 rows=0
2026-03-18 21:46:18,124 INFO 完成 source=liepin company=三七互娱 rows=0
2026-03-18 21:46:18,132 INFO 梯队=C完成
2026-03-18 21:46:18,133 INFO 调度完成：companies=28 sources=61 ok=61 fail=0 rows=42
2026-03-18 21:46:19,662 INFO 输出完成：json=output/jobs_latest.json csv=output/jobs_latest.csv excel=output/jobs_latest.xlsx
2026-03-18 21:49:37,385 INFO 开始梯队=S
2026-03-18 21:49:37,388 INFO 开始公司=腾讯 level=S
2026-03-18 21:49:44,592 INFO 完成 source=nowcoder company=腾讯 rows=0
2026-03-18 21:50:23,962 INFO 完成 source=shixiseng company=腾讯 rows=18
2026-03-18 21:50:37,402 INFO 完成 source=liepin company=腾讯 rows=4
2026-03-18 21:50:37,402 INFO 开始公司=阿里巴巴 level=S
2026-03-18 21:50:57,876 INFO 完成 source=nowcoder company=阿里巴巴 rows=2
2026-03-18 21:50:57,876 INFO 完成 source=shixiseng company=阿里巴巴 rows=0
2026-03-18 21:50:57,877 INFO 完成 source=liepin company=阿里巴巴 rows=0
2026-03-18 21:50:57,877 INFO 开始公司=百度 level=S
2026-03-18 21:51:19,621 INFO 完成 source=nowcoder company=百度 rows=2
2026-03-18 21:51:19,621 INFO 完成 source=shixiseng company=百度 rows=0
2026-03-18 21:51:19,622 INFO 完成 source=liepin company=百度 rows=0
2026-03-18 21:51:19,624 INFO 开始公司=字节跳动 level=S
2026-03-18 21:52:09,394 INFO 完成 source=bytedance_official company=字节跳动 rows=4
2026-03-18 21:52:50,038 INFO 完成 source=nowcoder company=字节跳动 rows=5
2026-03-18 21:52:50,039 INFO 完成 source=shixiseng company=字节跳动 rows=0
2026-03-18 21:52:50,039 INFO 完成 source=liepin company=字节跳动 rows=0
2026-03-18 21:52:50,040 INFO 梯队=S完成
2026-03-18 21:52:50,040 INFO 开始梯队=A
2026-03-18 21:52:50,040 INFO 开始公司=美团 level=A
2026-03-18 21:52:50,041 INFO 完成 source=shixiseng company=美团 rows=0
2026-03-18 21:52:50,041 INFO 完成 source=liepin company=美团 rows=0
2026-03-18 21:52:50,042 INFO 开始公司=拼多多 level=A
2026-03-18 21:52:50,043 INFO 完成 source=shixiseng company=拼多多 rows=0
2026-03-18 21:52:50,043 INFO 完成 source=liepin company=拼多多 rows=0
2026-03-18 21:52:50,043 INFO 开始公司=京东 level=A
2026-03-18 21:52:50,045 INFO 完成 source=shixiseng company=京东 rows=0
2026-03-18 21:52:50,045 INFO 完成 source=liepin company=京东 rows=0
2026-03-18 21:52:50,046 INFO 开始公司=网易 level=A
2026-03-18 21:52:50,046 INFO 完成 source=shixiseng company=网易 rows=0
2026-03-18 21:52:50,048 INFO 完成 source=liepin company=网易 rows=0
2026-03-18 21:52:50,048 INFO 开始公司=快手 level=A
2026-03-18 21:52:50,049 INFO 完成 source=shixiseng company=快手 rows=0
2026-03-18 21:52:50,049 INFO 完成 source=liepin company=快手 rows=0
2026-03-18 21:52:50,050 INFO 开始公司=滴滴出行 level=A
2026-03-18 21:52:50,050 INFO 完成 source=shixiseng company=滴滴出行 rows=0
2026-03-18 21:52:50,051 INFO 完成 source=liepin company=滴滴出行 rows=0
2026-03-18 21:52:50,051 INFO 梯队=A完成
2026-03-18 21:52:50,052 INFO 开始梯队=B
2026-03-18 21:52:50,052 INFO 开始公司=B站 level=B
2026-03-18 21:52:50,053 INFO 完成 source=shixiseng company=B站 rows=0
2026-03-18 21:52:50,053 INFO 完成 source=liepin company=B站 rows=0
2026-03-18 21:52:50,053 INFO 开始公司=小红书 level=B
2026-03-18 21:52:50,054 INFO 完成 source=shixiseng company=小红书 rows=0
2026-03-18 21:52:50,054 INFO 完成 source=liepin company=小红书 rows=0
2026-03-18 21:52:50,055 INFO 开始公司=小米 level=B
2026-03-18 21:52:50,055 INFO 完成 source=shixiseng company=小米 rows=0
2026-03-18 21:52:50,056 INFO 完成 source=liepin company=小米 rows=0
2026-03-18 21:52:50,056 INFO 开始公司=携程 level=B
2026-03-18 21:52:50,056 INFO 完成 source=shixiseng company=携程 rows=0
2026-03-18 21:52:50,057 INFO 完成 source=liepin company=携程 rows=0
2026-03-18 21:52:50,058 INFO 开始公司=金山软件 level=B
2026-03-18 21:52:50,058 INFO 完成 source=shixiseng company=金山软件 rows=0
2026-03-18 21:52:50,058 INFO 完成 source=liepin company=金山软件 rows=0
2026-03-18 21:52:50,059 INFO 开始公司=360 level=B
2026-03-18 21:52:50,061 INFO 完成 source=shixiseng company=360 rows=0
2026-03-18 21:52:50,063 INFO 完成 source=liepin company=360 rows=0
2026-03-18 21:52:50,065 INFO 开始公司=蚂蚁集团 level=B
2026-03-18 21:52:50,066 INFO 完成 source=shixiseng company=蚂蚁集团 rows=0
2026-03-18 21:52:50,067 INFO 完成 source=liepin company=蚂蚁集团 rows=0
2026-03-18 21:52:50,068 INFO 开始公司=阿里云 level=B
2026-03-18 21:52:50,068 INFO 完成 source=shixiseng company=阿里云 rows=0
2026-03-18 21:52:50,069 INFO 完成 source=liepin company=阿里云 rows=0
2026-03-18 21:52:50,069 INFO 开始公司=腾讯云 level=B
2026-03-18 21:52:50,069 INFO 完成 source=shixiseng company=腾讯云 rows=0
2026-03-18 21:52:50,070 INFO 完成 source=liepin company=腾讯云 rows=0
2026-03-18 21:52:50,070 INFO 开始公司=华为云 level=B
2026-03-18 21:52:50,070 INFO 完成 source=shixiseng company=华为云 rows=0
2026-03-18 21:52:50,071 INFO 完成 source=liepin company=华为云 rows=0
2026-03-18 21:52:50,071 INFO 梯队=B完成
2026-03-18 21:52:50,071 INFO 开始梯队=C
2026-03-18 21:52:50,072 INFO 开始公司=米哈游 level=C
2026-03-18 21:52:50,072 INFO 完成 source=shixiseng company=米哈游 rows=0
2026-03-18 21:52:50,073 INFO 完成 source=liepin company=米哈游 rows=0
2026-03-18 21:52:50,074 INFO 开始公司=Shein level=C
2026-03-18 21:52:50,075 INFO 完成 source=shixiseng company=Shein rows=0
2026-03-18 21:52:50,076 INFO 完成 source=liepin company=Shein rows=0
2026-03-18 21:52:50,079 INFO 开始公司=得物 level=C
2026-03-18 21:52:50,080 INFO 完成 source=shixiseng company=得物 rows=0
2026-03-18 21:52:50,082 INFO 完成 source=liepin company=得物 rows=0
2026-03-18 21:52:50,083 INFO 开始公司=知乎 level=C
2026-03-18 21:52:50,083 INFO 完成 source=shixiseng company=知乎 rows=0
2026-03-18 21:52:50,084 INFO 完成 source=liepin company=知乎 rows=0
2026-03-18 21:52:50,084 INFO 开始公司=喜马拉雅 level=C
2026-03-18 21:52:50,085 INFO 完成 source=shixiseng company=喜马拉雅 rows=0
2026-03-18 21:52:50,085 INFO 完成 source=liepin company=喜马拉雅 rows=0
2026-03-18 21:52:50,086 INFO 开始公司=货拉拉 level=C
2026-03-18 21:52:50,086 INFO 完成 source=shixiseng company=货拉拉 rows=0
2026-03-18 21:52:50,086 INFO 完成 source=liepin company=货拉拉 rows=0
2026-03-18 21:52:50,087 INFO 开始公司=完美世界 level=C
2026-03-18 21:52:50,088 INFO 完成 source=shixiseng company=完美世界 rows=0
2026-03-18 21:52:50,088 INFO 完成 source=liepin company=完美世界 rows=0
2026-03-18 21:52:50,089 INFO 开始公司=三七互娱 level=C
2026-03-18 21:52:50,089 INFO 完成 source=shixiseng company=三七互娱 rows=0
2026-03-18 21:52:50,090 INFO 完成 source=liepin company=三七互娱 rows=0
2026-03-18 21:52:50,090 INFO 梯队=C完成
2026-03-18 21:52:50,091 INFO 调度完成：companies=28 sources=61 ok=61 fail=0 rows=35
2026-03-18 21:52:51,223 INFO 输出完成：json=output/jobs_latest.json csv=output/jobs_latest.csv excel=output/jobs_latest.xlsx
2026-03-18 22:48:46,027 INFO 开始梯队=S
2026-03-18 22:48:46,029 INFO 开始公司=腾讯 level=S
2026-03-18 22:48:54,601 INFO 完成 source=nowcoder company=腾讯 rows=0
2026-03-18 22:49:34,019 INFO 完成 source=shixiseng company=腾讯 rows=18
2026-03-18 22:49:48,211 INFO 完成 source=liepin company=腾讯 rows=3
2026-03-18 22:49:48,211 INFO 开始公司=阿里巴巴 level=S
2026-03-18 22:50:09,568 INFO 完成 source=nowcoder company=阿里巴巴 rows=2
2026-03-18 22:50:09,569 INFO 完成 source=shixiseng company=阿里巴巴 rows=0
2026-03-18 22:50:09,569 INFO 完成 source=liepin company=阿里巴巴 rows=0
2026-03-18 22:50:09,570 INFO 开始公司=百度 level=S
2026-03-18 22:50:34,554 INFO 完成 source=nowcoder company=百度 rows=2
2026-03-18 22:50:34,555 INFO 完成 source=shixiseng company=百度 rows=0
2026-03-18 22:50:34,557 INFO 完成 source=liepin company=百度 rows=0
2026-03-18 22:50:34,558 INFO 开始公司=字节跳动 level=S
2026-03-18 22:51:37,493 INFO 完成 source=bytedance_official company=字节跳动 rows=4
2026-03-18 22:52:24,264 INFO 完成 source=nowcoder company=字节跳动 rows=5
2026-03-18 22:52:24,264 INFO 完成 source=shixiseng company=字节跳动 rows=0
2026-03-18 22:52:24,265 INFO 完成 source=liepin company=字节跳动 rows=0
2026-03-18 22:52:24,265 INFO 梯队=S完成
2026-03-18 22:52:24,265 INFO 开始梯队=A
2026-03-18 22:52:24,266 INFO 开始公司=美团 level=A
2026-03-18 22:52:24,266 INFO 完成 source=shixiseng company=美团 rows=0
2026-03-18 22:52:24,267 INFO 完成 source=liepin company=美团 rows=0
2026-03-18 22:52:24,271 INFO 开始公司=拼多多 level=A
2026-03-18 22:52:24,272 INFO 完成 source=shixiseng company=拼多多 rows=0
2026-03-18 22:52:24,272 INFO 完成 source=liepin company=拼多多 rows=0
2026-03-18 22:52:24,273 INFO 开始公司=京东 level=A
2026-03-18 22:52:24,274 INFO 完成 source=shixiseng company=京东 rows=0
2026-03-18 22:52:24,275 INFO 完成 source=liepin company=京东 rows=0
2026-03-18 22:52:24,275 INFO 开始公司=网易 level=A
2026-03-18 22:52:24,275 INFO 完成 source=shixiseng company=网易 rows=0
2026-03-18 22:52:24,276 INFO 完成 source=liepin company=网易 rows=0
2026-03-18 22:52:24,276 INFO 开始公司=快手 level=A
2026-03-18 22:52:24,276 INFO 完成 source=shixiseng company=快手 rows=0
2026-03-18 22:52:24,277 INFO 完成 source=liepin company=快手 rows=0
2026-03-18 22:52:24,277 INFO 开始公司=滴滴出行 level=A
2026-03-18 22:52:24,278 INFO 完成 source=shixiseng company=滴滴出行 rows=0
2026-03-18 22:52:24,278 INFO 完成 source=liepin company=滴滴出行 rows=0
2026-03-18 22:52:24,278 INFO 梯队=A完成
2026-03-18 22:52:24,279 INFO 开始梯队=B
2026-03-18 22:52:24,279 INFO 开始公司=B站 level=B
2026-03-18 22:52:24,279 INFO 完成 source=shixiseng company=B站 rows=0
2026-03-18 22:52:24,280 INFO 完成 source=liepin company=B站 rows=0
2026-03-18 22:52:24,280 INFO 开始公司=小红书 level=B
2026-03-18 22:52:24,280 INFO 完成 source=shixiseng company=小红书 rows=0
2026-03-18 22:52:24,281 INFO 完成 source=liepin company=小红书 rows=0
2026-03-18 22:52:24,281 INFO 开始公司=小米 level=B
2026-03-18 22:52:24,281 INFO 完成 source=shixiseng company=小米 rows=0
2026-03-18 22:52:24,282 INFO 完成 source=liepin company=小米 rows=0
2026-03-18 22:52:24,282 INFO 开始公司=携程 level=B
2026-03-18 22:52:24,284 INFO 完成 source=shixiseng company=携程 rows=0
2026-03-18 22:52:24,285 INFO 完成 source=liepin company=携程 rows=0
2026-03-18 22:52:24,286 INFO 开始公司=金山软件 level=B
2026-03-18 22:52:24,287 INFO 完成 source=shixiseng company=金山软件 rows=0
2026-03-18 22:52:24,287 INFO 完成 source=liepin company=金山软件 rows=0
2026-03-18 22:52:24,288 INFO 开始公司=360 level=B
2026-03-18 22:52:24,288 INFO 完成 source=shixiseng company=360 rows=0
2026-03-18 22:52:24,288 INFO 完成 source=liepin company=360 rows=0
2026-03-18 22:52:24,289 INFO 开始公司=蚂蚁集团 level=B
2026-03-18 22:52:24,290 INFO 完成 source=shixiseng company=蚂蚁集团 rows=0
2026-03-18 22:52:24,290 INFO 完成 source=liepin company=蚂蚁集团 rows=0
2026-03-18 22:52:24,291 INFO 开始公司=阿里云 level=B
2026-03-18 22:52:24,291 INFO 完成 source=shixiseng company=阿里云 rows=0
2026-03-18 22:52:24,292 INFO 完成 source=liepin company=阿里云 rows=0
2026-03-18 22:52:24,292 INFO 开始公司=腾讯云 level=B
2026-03-18 22:52:24,292 INFO 完成 source=shixiseng company=腾讯云 rows=0
2026-03-18 22:52:24,294 INFO 完成 source=liepin company=腾讯云 rows=0
2026-03-18 22:52:24,294 INFO 开始公司=华为云 level=B
2026-03-18 22:52:24,295 INFO 完成 source=shixiseng company=华为云 rows=0
2026-03-18 22:52:24,295 INFO 完成 source=liepin company=华为云 rows=0
2026-03-18 22:52:24,296 INFO 梯队=B完成
2026-03-18 22:52:24,296 INFO 开始梯队=C
2026-03-18 22:52:24,296 INFO 开始公司=米哈游 level=C
2026-03-18 22:52:24,297 INFO 完成 source=shixiseng company=米哈游 rows=0
2026-03-18 22:52:24,297 INFO 完成 source=liepin company=米哈游 rows=0
2026-03-18 22:52:24,298 INFO 开始公司=Shein level=C
2026-03-18 22:52:24,298 INFO 完成 source=shixiseng company=Shein rows=0
2026-03-18 22:52:24,298 INFO 完成 source=liepin company=Shein rows=0
2026-03-18 22:52:24,299 INFO 开始公司=得物 level=C
2026-03-18 22:52:24,299 INFO 完成 source=shixiseng company=得物 rows=0
2026-03-18 22:52:24,303 INFO 完成 source=liepin company=得物 rows=0
2026-03-18 22:52:24,304 INFO 开始公司=知乎 level=C
2026-03-18 22:52:24,307 INFO 完成 source=shixiseng company=知乎 rows=0
2026-03-18 22:52:24,309 INFO 完成 source=liepin company=知乎 rows=0
2026-03-18 22:52:24,309 INFO 开始公司=喜马拉雅 level=C
2026-03-18 22:52:24,310 INFO 完成 source=shixiseng company=喜马拉雅 rows=0
2026-03-18 22:52:24,310 INFO 完成 source=liepin company=喜马拉雅 rows=0
2026-03-18 22:52:24,310 INFO 开始公司=货拉拉 level=C
2026-03-18 22:52:24,311 INFO 完成 source=shixiseng company=货拉拉 rows=0
2026-03-18 22:52:24,311 INFO 完成 source=liepin company=货拉拉 rows=0
2026-03-18 22:52:24,312 INFO 开始公司=完美世界 level=C
2026-03-18 22:52:24,312 INFO 完成 source=shixiseng company=完美世界 rows=0
2026-03-18 22:52:24,312 INFO 完成 source=liepin company=完美世界 rows=0
2026-03-18 22:52:24,313 INFO 开始公司=三七互娱 level=C
2026-03-18 22:52:24,313 INFO 完成 source=shixiseng company=三七互娱 rows=0
2026-03-18 22:52:24,314 INFO 完成 source=liepin company=三七互娱 rows=0
2026-03-18 22:52:24,314 INFO 梯队=C完成
2026-03-18 22:52:24,315 INFO 调度完成：companies=28 sources=61 ok=61 fail=0 rows=34
2026-03-18 22:52:25,927 INFO 输出完成：json=output/jobs_latest.json csv=output/jobs_latest.csv excel=output/jobs_latest.xlsx
2026-03-18 23:42:02,888 INFO 开始梯队=S
2026-03-18 23:42:02,895 INFO 开始公司=腾讯 level=S
2026-03-18 23:42:38,743 INFO 完成 source=nowcoder company=腾讯 rows=0
