2026-04-01 11:37:57,059 - __main__ - INFO - ================================================================================
2026-04-01 11:37:57,087 - __main__ - INFO - 🚀 ResuMiner Docker 完整流程
2026-04-01 11:37:57,092 - __main__ - INFO - 从爬虫到匹配的端到端流程
2026-04-01 11:37:57,113 - __main__ - INFO - ================================================================================
2026-04-01 11:37:57,115 - __main__ - INFO - 开始时间: 2026-04-01 11:37:57
2026-04-01 11:37:57,123 - __main__ - INFO - 项目路径: /app
2026-04-01 11:37:57,128 - __main__ - INFO - ================================================================================
2026-04-01 11:37:57,130 - __main__ - INFO - 🚀 步骤1: 运行官网CDP爬虫
2026-04-01 11:37:57,131 - __main__ - INFO - ================================================================================
2026-04-01 11:37:57,134 - __main__ - INFO - 
📍 开始爬取: 腾讯
2026-04-01 11:37:57,383 - __main__ - ERROR -    ❌ 腾讯 爬取失败
2026-04-01 11:37:57,384 - __main__ - ERROR -    错误: Traceback (most recent call last):
  File "/app/crawlers/official/cdp_tencent.py", line 5, in <module>
    from playwright.sync_api import sync_playwright
ModuleNotFoundError: No module named 'playwri
2026-04-01 11:37:57,386 - __main__ - INFO - 
📍 开始爬取: 美团
2026-04-01 11:37:57,522 - __main__ - ERROR -    ❌ 美团 爬取失败
2026-04-01 11:37:57,523 - __main__ - ERROR -    错误: Traceback (most recent call last):
  File "/app/crawlers/official/cdp_meituan.py", line 5, in <module>
    from playwright.sync_api import sync_playwright
ModuleNotFoundError: No module named 'playwri
2026-04-01 11:37:57,526 - __main__ - INFO - 
📍 开始爬取: 阿里
2026-04-01 11:37:57,653 - __main__ - ERROR -    ❌ 阿里 爬取失败
2026-04-01 11:37:57,658 - __main__ - ERROR -    错误: Traceback (most recent call last):
  File "/app/crawlers/official/cdp_alibaba.py", line 5, in <module>
    from playwright.sync_api import sync_playwright
ModuleNotFoundError: No module named 'playwri
2026-04-01 11:37:57,674 - __main__ - INFO - 
📍 开始爬取: 京东
2026-04-01 11:37:58,050 - __main__ - ERROR -    ❌ 京东 爬取失败
2026-04-01 11:37:58,065 - __main__ - ERROR -    错误: Traceback (most recent call last):
  File "/app/crawlers/official/cdp_jd.py", line 5, in <module>
    from playwright.sync_api import sync_playwright
ModuleNotFoundError: No module named 'playwright'

2026-04-01 11:37:58,067 - __main__ - INFO - 
📍 开始爬取: 快手
2026-04-01 11:37:58,371 - __main__ - ERROR -    ❌ 快手 爬取失败
2026-04-01 11:37:58,391 - __main__ - ERROR -    错误: Traceback (most recent call last):
  File "/app/crawlers/official/cdp_kuaishou.py", line 5, in <module>
    from playwright.sync_api import sync_playwright
ModuleNotFoundError: No module named 'playwr
2026-04-01 11:37:58,397 - __main__ - INFO - 
📍 开始爬取: 哔哩哔哩
2026-04-01 11:37:58,724 - __main__ - ERROR -    ❌ 哔哩哔哩 爬取失败
2026-04-01 11:37:58,743 - __main__ - ERROR -    错误: Traceback (most recent call last):
  File "/app/crawlers/official/cdp_bilibili.py", line 5, in <module>
    from playwright.sync_api import sync_playwright
ModuleNotFoundError: No module named 'playwr
2026-04-01 11:37:58,769 - __main__ - INFO - 
📍 开始爬取: 字节跳动
2026-04-01 11:37:59,031 - __main__ - ERROR -    ❌ 字节跳动 爬取失败
2026-04-01 11:37:59,033 - __main__ - ERROR -    错误: Traceback (most recent call last):
  File "/app/crawlers/official/cdp_bytedance.py", line 4, in <module>
    from playwright.sync_api import sync_playwright
ModuleNotFoundError: No module named 'playw
2026-04-01 11:37:59,036 - __main__ - INFO - 
✅ 官网爬虫完成: 共 0 条岗位
2026-04-01 11:37:59,037 - __main__ - INFO - 
================================================================================
2026-04-01 11:37:59,038 - __main__ - INFO - 🚀 步骤2: 运行第三方平台爬虫
2026-04-01 11:37:59,040 - __main__ - INFO - ================================================================================
2026-04-01 11:37:59,041 - __main__ - INFO - 
📍 开始爬取: 前程无忧(51job)
2026-04-01 11:37:59,523 - __main__ - WARNING -    ⚠️ 51job 返回非零状态: 1
2026-04-01 11:37:59,527 - __main__ - INFO - 
📍 开始爬取: 猎聘
2026-04-01 11:37:59,880 - __main__ - WARNING -    ⚠️ 猎聘 返回非零状态: 1
2026-04-01 11:37:59,882 - __main__ - INFO - 
✅ 第三方平台爬虫完成
2026-04-01 11:37:59,884 - __main__ - INFO - 
================================================================================
2026-04-01 11:37:59,886 - __main__ - INFO - 📊 步骤3: 收集和合并数据
2026-04-01 11:37:59,889 - __main__ - INFO - ================================================================================
2026-04-01 11:37:59,941 - __main__ - INFO -    💾 合并数据已保存: /app/data/raw/merged/all_jobs_20260401_113759.json
2026-04-01 11:37:59,942 - __main__ - INFO - 
✅ 数据收集完成: 共 0 条岗位
2026-04-01 11:37:59,945 - __main__ - INFO - 
================================================================================
2026-04-01 11:37:59,948 - __main__ - INFO - 🎯 步骤4: 运行简历匹配
2026-04-01 11:37:59,952 - __main__ - INFO - ================================================================================
2026-04-01 11:38:01,162 - __main__ - ERROR - ❌ 匹配流程异常: cannot import name 'ResumeMatcher' from 'matcher.core.matcher' (/app/matcher/core/matcher.py)
2026-04-01 11:38:01,174 - __main__ - ERROR - Traceback (most recent call last):
  File "/app/bin/run_full_pipeline_docker.py", line 249, in run_matching
    from matcher.core.matcher import ResumeMatcher
ImportError: cannot import name 'ResumeMatcher' from 'matcher.core.matcher' (/app/matcher/core/matcher.py)

2026-04-01 11:38:01,203 - __main__ - INFO - 
================================================================================
2026-04-01 11:38:01,234 - __main__ - INFO - ✅ 步骤5: 验证输出结果
2026-04-01 11:38:01,237 - __main__ - INFO - ================================================================================
2026-04-01 11:38:01,627 - __main__ - INFO -    📄 匹配报告: 8 个Markdown, 8 个JSON
2026-04-01 11:38:02,064 - __main__ - INFO -    📄 最新报告: match_report_20260401_182322.md
2026-04-01 11:38:02,109 - __main__ - INFO -    📄 投递报告: 1 个
2026-04-01 11:38:02,128 - __main__ - INFO -    📄 最新报告: application_report_20260401_182322.md
2026-04-01 11:38:02,176 - __main__ - INFO -    📊 爬虫数据: 0 条岗位
2026-04-01 11:38:02,178 - __main__ - INFO - 
✅ 全流程验证完成!
2026-04-01 11:38:02,182 - __main__ - INFO - 
================================================================================
2026-04-01 11:38:02,185 - __main__ - INFO - 🎉 完整流程执行完成!
2026-04-01 11:38:02,190 - __main__ - INFO - ================================================================================
2026-04-01 11:38:02,193 - __main__ - INFO - 总耗时: 0.1 分钟
2026-04-01 11:38:02,195 - __main__ - INFO - 日志文件: /app/logs/full_pipeline_docker_20260401_113757.log
2026-04-01 11:38:02,206 - __main__ - INFO - ================================================================================
