2026-04-01 17:45:47,542 - __main__ - INFO - ================================================================================
2026-04-01 17:45:47,543 - __main__ - INFO - 🚀 ResuMiner 完整流程
2026-04-01 17:45:47,544 - __main__ - INFO - 从爬虫到匹配的端到端测试
2026-04-01 17:45:47,545 - __main__ - INFO - ================================================================================
2026-04-01 17:45:47,546 - __main__ - INFO - 开始时间: 2026-04-01 17:45:47
2026-04-01 17:45:47,546 - __main__ - INFO - 项目路径: C:\Users\Lenovo\projects\ResuMiner_Integrated
2026-04-01 17:45:47,559 - __main__ - INFO - ================================================================================
2026-04-01 17:45:47,561 - __main__ - INFO - 🚀 步骤1: 运行官网CDP爬虫
2026-04-01 17:45:47,562 - __main__ - INFO - ================================================================================
2026-04-01 17:45:47,562 - __main__ - INFO - 
📍 开始爬取: 腾讯
2026-04-01 17:45:52,100 - __main__ - INFO -    ✅ 腾讯 爬取成功
2026-04-01 17:45:52,101 - __main__ - INFO - 
📍 开始爬取: 美团
2026-04-01 17:45:56,901 - __main__ - INFO -    ✅ 美团 爬取成功
2026-04-01 17:45:56,905 - __main__ - INFO - 
📍 开始爬取: 阿里
2026-04-01 17:46:02,979 - __main__ - INFO -    ✅ 阿里 爬取成功
2026-04-01 17:46:02,981 - __main__ - INFO - 
📍 开始爬取: 京东
2026-04-01 17:46:07,878 - __main__ - INFO -    ✅ 京东 爬取成功
2026-04-01 17:46:07,879 - __main__ - INFO - 
📍 开始爬取: 快手
2026-04-01 17:46:12,603 - __main__ - INFO -    ✅ 快手 爬取成功
2026-04-01 17:46:12,605 - __main__ - INFO - 
📍 开始爬取: 哔哩哔哩
2026-04-01 17:46:17,267 - __main__ - INFO -    ✅ 哔哩哔哩 爬取成功
2026-04-01 17:46:17,271 - __main__ - INFO - 
📍 开始爬取: 字节跳动
2026-04-01 17:46:21,977 - __main__ - ERROR -    ❌ 字节跳动 爬取失败
2026-04-01 17:46:21,977 - __main__ - ERROR -    错误: (node:25624) [DEP0169] DeprecationWarning: `url.parse()` behavior is not standardized and prone to errors that have security implications. Use the WHATWG URL API instead. CVEs are not issued for `url.
2026-04-01 17:46:21,978 - __main__ - INFO - 
✅ 官网爬虫完成: 共 0 条岗位
2026-04-01 17:46:21,980 - __main__ - INFO - 
================================================================================
2026-04-01 17:46:21,980 - __main__ - INFO - 🚀 步骤2: 运行第三方平台爬虫
2026-04-01 17:46:21,981 - __main__ - INFO - ================================================================================
2026-04-01 17:46:21,982 - __main__ - INFO - 
📍 开始爬取: 前程无忧(51job)
2026-04-01 17:46:22,480 - __main__ - WARNING -    ⚠️ 51job 可能需要特殊配置
2026-04-01 17:46:22,482 - __main__ - INFO - 
📍 开始爬取: 猎聘
2026-04-01 17:46:23,965 - __main__ - WARNING -    ⚠️ 猎聘 可能需要特殊配置
2026-04-01 17:46:23,967 - __main__ - INFO - 
✅ 第三方平台爬虫完成
2026-04-01 17:46:23,968 - __main__ - INFO - 
================================================================================
2026-04-01 17:46:23,969 - __main__ - INFO - 📊 步骤3: 收集和整合数据
2026-04-01 17:46:23,970 - __main__ - INFO - ================================================================================
2026-04-01 17:46:23,972 - __main__ - INFO -    📁 找到数据文件: official_jobs_raw_latest.csv
2026-04-01 17:46:23,973 - __main__ - INFO -    📁 找到数据文件: internship_shanghai_latest.csv
2026-04-01 17:46:23,973 - __main__ - INFO - 
✅ 数据收集完成: 共 0 条岗位
2026-04-01 17:46:23,974 - __main__ - INFO - 
================================================================================
2026-04-01 17:46:23,975 - __main__ - INFO - 🎯 步骤4: 运行简历匹配
2026-04-01 17:46:23,976 - __main__ - INFO - ================================================================================
2026-04-01 17:46:24,520 - __main__ - ERROR -    ❌ 匹配流程失败
2026-04-01 17:46:24,520 - __main__ - ERROR -    错误: Traceback (most recent call last):
  File "C:\Users\Lenovo\projects\ResuMiner_Integrated\bin\run_with_existing_data.py", line 399, in <module>
    sys.exit(main())
             ~~~~^^
  File "C:\Users\Lenovo\projects\ResuMiner_Integrated\bin\run_with_existing_data.py", line 361, in main
    print("\U0001f680 ResuMiner 基于现有数据运行匹配")
    ~~~~~^^^^^^^^^^^^^^^^^^^^^^^^^^^^^^^^^^^^^
UnicodeEncodeError: 'gbk' codec can't encode character '\U0001f680' in position 0: illegal multibyte sequence

2026-04-01 17:46:24,523 - __main__ - INFO - 
================================================================================
2026-04-01 17:46:24,523 - __main__ - INFO - ✅ 步骤5: 验证输出结果
2026-04-01 17:46:24,524 - __main__ - INFO - ================================================================================
2026-04-01 17:46:24,528 - __main__ - INFO -    📄 匹配报告: 7 个Markdown, 7 个JSON
2026-04-01 17:46:24,529 - __main__ - INFO -    📄 最新报告: match_report_20260401_160730.md
2026-04-01 17:46:24,534 - __main__ - INFO -    📦 工程包已创建
2026-04-01 17:46:24,535 - __main__ - INFO - 
================================================================================
2026-04-01 17:46:24,536 - __main__ - INFO - 🎉 完整流程执行完成!
2026-04-01 17:46:24,536 - __main__ - INFO - ================================================================================
2026-04-01 17:46:24,538 - __main__ - INFO - 总耗时: 37.0 秒
2026-04-01 17:46:24,538 - __main__ - INFO - 日志文件: C:\Users\Lenovo\projects\ResuMiner_Integrated\logs\full_pipeline_20260401_174547.log
2026-04-01 17:46:24,539 - __main__ - INFO - ================================================================================
