2026-04-01 12:18:09,564 - __main__ - INFO - ================================================================================
2026-04-01 12:18:09,570 - __main__ - INFO - 🚀 ResuMiner Docker 完整流程
2026-04-01 12:18:09,577 - __main__ - INFO - 从爬虫到匹配的端到端流程
2026-04-01 12:18:09,579 - __main__ - INFO - ================================================================================
2026-04-01 12:18:09,580 - __main__ - INFO - 开始时间: 2026-04-01 12:18:09
2026-04-01 12:18:09,583 - __main__ - INFO - 项目路径: /app
2026-04-01 12:18:09,586 - __main__ - INFO - 
2026-04-01 12:18:09,593 - __main__ - INFO - ⚠️  重要说明:
2026-04-01 12:18:09,595 - __main__ - INFO -    官网CDP爬虫需要在Docker外部运行（需要Chrome浏览器）
2026-04-01 12:18:09,597 - __main__ - INFO -    第三方平台爬虫（51job、猎聘）可以在Docker中运行
2026-04-01 12:18:09,598 - __main__ - INFO - ================================================================================
2026-04-01 12:18:09,599 - __main__ - INFO - ================================================================================
2026-04-01 12:18:09,600 - __main__ - INFO - 🚀 步骤1: 运行官网CDP爬虫
2026-04-01 12:18:09,610 - __main__ - INFO - ================================================================================
2026-04-01 12:18:09,617 - __main__ - INFO - ⚠️ 注意: CDP爬虫需要在Docker外部运行（需要Chrome浏览器）
2026-04-01 12:18:09,630 - __main__ - INFO -    在Docker环境中跳过实际爬取，使用预存数据或模拟数据
2026-04-01 12:18:09,670 - __main__ - INFO -    ✅ 已创建爬虫说明文件
2026-04-01 12:18:09,704 - __main__ - INFO -    ⚠️ 没有找到预存数据，请在Docker外部运行爬虫
2026-04-01 12:18:09,705 - __main__ - INFO - 
================================================================================
2026-04-01 12:18:09,706 - __main__ - INFO - 🚀 步骤2: 运行第三方平台爬虫
2026-04-01 12:18:09,712 - __main__ - INFO - ================================================================================
2026-04-01 12:18:43,325 - __main__ - INFO -    ✅ 第三方平台爬虫运行成功
2026-04-01 12:18:43,340 - __main__ - INFO - 
✅ 第三方平台爬虫完成
2026-04-01 12:18:43,358 - __main__ - INFO - 
================================================================================
2026-04-01 12:18:43,383 - __main__ - INFO - 📊 步骤3: 收集和合并数据
2026-04-01 12:18:43,411 - __main__ - INFO - ================================================================================
2026-04-01 12:18:43,844 - __main__ - INFO - 
✅ 数据收集完成: 共 0 条岗位
2026-04-01 12:18:43,850 - __main__ - INFO - 
================================================================================
2026-04-01 12:18:43,853 - __main__ - INFO - 🎯 步骤4: 运行简历匹配
2026-04-01 12:18:43,855 - __main__ - INFO - ================================================================================
2026-04-01 12:19:16,328 - matcher.scoring.semantic_scorer - INFO - 加载语义模型: all-MiniLM-L6-v2
2026-04-01 12:19:16,335 - sentence_transformers.SentenceTransformer - INFO - Use pytorch device_name: cpu
2026-04-01 12:19:16,337 - sentence_transformers.SentenceTransformer - INFO - Load pretrained SentenceTransformer: all-MiniLM-L6-v2
2026-04-01 12:19:18,121 - httpx - INFO - HTTP Request: HEAD https://huggingface.co/sentence-transformers/all-MiniLM-L6-v2/resolve/main/modules.json "HTTP/1.1 307 Temporary Redirect"
2026-04-01 12:19:18,291 - httpx - INFO - HTTP Request: HEAD https://huggingface.co/api/resolve-cache/models/sentence-transformers/all-MiniLM-L6-v2/c9745ed1d9f207416be6d2e6f8de32d1f16199bf/modules.json "HTTP/1.1 200 OK"
2026-04-01 12:19:18,758 - httpx - INFO - HTTP Request: GET https://huggingface.co/api/resolve-cache/models/sentence-transformers/all-MiniLM-L6-v2/c9745ed1d9f207416be6d2e6f8de32d1f16199bf/modules.json "HTTP/1.1 200 OK"
2026-04-01 12:19:19,121 - httpx - INFO - HTTP Request: HEAD https://huggingface.co/sentence-transformers/all-MiniLM-L6-v2/resolve/main/config_sentence_transformers.json "HTTP/1.1 307 Temporary Redirect"
2026-04-01 12:19:19,240 - httpx - INFO - HTTP Request: HEAD https://huggingface.co/api/resolve-cache/models/sentence-transformers/all-MiniLM-L6-v2/c9745ed1d9f207416be6d2e6f8de32d1f16199bf/config_sentence_transformers.json "HTTP/1.1 200 OK"
2026-04-01 12:19:19,583 - httpx - INFO - HTTP Request: GET https://huggingface.co/api/resolve-cache/models/sentence-transformers/all-MiniLM-L6-v2/c9745ed1d9f207416be6d2e6f8de32d1f16199bf/config_sentence_transformers.json "HTTP/1.1 200 OK"
2026-04-01 12:19:19,992 - httpx - INFO - HTTP Request: HEAD https://huggingface.co/sentence-transformers/all-MiniLM-L6-v2/resolve/main/config_sentence_transformers.json "HTTP/1.1 307 Temporary Redirect"
2026-04-01 12:19:20,138 - httpx - INFO - HTTP Request: HEAD https://huggingface.co/api/resolve-cache/models/sentence-transformers/all-MiniLM-L6-v2/c9745ed1d9f207416be6d2e6f8de32d1f16199bf/config_sentence_transformers.json "HTTP/1.1 200 OK"
2026-04-01 12:19:21,234 - httpx - INFO - HTTP Request: HEAD https://huggingface.co/sentence-transformers/all-MiniLM-L6-v2/resolve/main/README.md "HTTP/1.1 307 Temporary Redirect"
2026-04-01 12:19:21,237 - huggingface_hub.utils._http - WARNING - Warning: You are sending unauthenticated requests to the HF Hub. Please set a HF_TOKEN to enable higher rate limits and faster downloads.
2026-04-01 12:19:21,405 - httpx - INFO - HTTP Request: HEAD https://huggingface.co/api/resolve-cache/models/sentence-transformers/all-MiniLM-L6-v2/c9745ed1d9f207416be6d2e6f8de32d1f16199bf/README.md "HTTP/1.1 200 OK"
2026-04-01 12:19:21,580 - httpx - INFO - HTTP Request: GET https://huggingface.co/api/resolve-cache/models/sentence-transformers/all-MiniLM-L6-v2/c9745ed1d9f207416be6d2e6f8de32d1f16199bf/README.md "HTTP/1.1 200 OK"
2026-04-01 12:19:21,985 - httpx - INFO - HTTP Request: HEAD https://huggingface.co/sentence-transformers/all-MiniLM-L6-v2/resolve/main/modules.json "HTTP/1.1 307 Temporary Redirect"
2026-04-01 12:19:22,142 - httpx - INFO - HTTP Request: HEAD https://huggingface.co/api/resolve-cache/models/sentence-transformers/all-MiniLM-L6-v2/c9745ed1d9f207416be6d2e6f8de32d1f16199bf/modules.json "HTTP/1.1 200 OK"
2026-04-01 12:19:22,552 - httpx - INFO - HTTP Request: HEAD https://huggingface.co/sentence-transformers/all-MiniLM-L6-v2/resolve/main/sentence_bert_config.json "HTTP/1.1 307 Temporary Redirect"
2026-04-01 12:19:22,739 - httpx - INFO - HTTP Request: HEAD https://huggingface.co/api/resolve-cache/models/sentence-transformers/all-MiniLM-L6-v2/c9745ed1d9f207416be6d2e6f8de32d1f16199bf/sentence_bert_config.json "HTTP/1.1 200 OK"
2026-04-01 12:19:22,948 - httpx - INFO - HTTP Request: GET https://huggingface.co/api/resolve-cache/models/sentence-transformers/all-MiniLM-L6-v2/c9745ed1d9f207416be6d2e6f8de32d1f16199bf/sentence_bert_config.json "HTTP/1.1 200 OK"
2026-04-01 12:19:23,319 - httpx - INFO - HTTP Request: HEAD https://huggingface.co/sentence-transformers/all-MiniLM-L6-v2/resolve/main/adapter_config.json "HTTP/1.1 404 Not Found"
2026-04-01 12:19:24,721 - httpx - INFO - HTTP Request: HEAD https://huggingface.co/sentence-transformers/all-MiniLM-L6-v2/resolve/main/config.json "HTTP/1.1 307 Temporary Redirect"
2026-04-01 12:19:25,240 - httpx - INFO - HTTP Request: HEAD https://huggingface.co/api/resolve-cache/models/sentence-transformers/all-MiniLM-L6-v2/c9745ed1d9f207416be6d2e6f8de32d1f16199bf/config.json "HTTP/1.1 200 OK"
2026-04-01 12:19:25,529 - httpx - INFO - HTTP Request: GET https://huggingface.co/api/resolve-cache/models/sentence-transformers/all-MiniLM-L6-v2/c9745ed1d9f207416be6d2e6f8de32d1f16199bf/config.json "HTTP/1.1 200 OK"
2026-04-01 12:19:26,200 - httpx - INFO - HTTP Request: HEAD https://huggingface.co/sentence-transformers/all-MiniLM-L6-v2/resolve/main/model.safetensors "HTTP/1.1 302 Found"
2026-04-01 12:19:26,614 - httpx - INFO - HTTP Request: GET https://huggingface.co/api/models/sentence-transformers/all-MiniLM-L6-v2/xet-read-token/c9745ed1d9f207416be6d2e6f8de32d1f16199bf "HTTP/1.1 200 OK"
2026-04-01 12:19:55,925 - httpx - INFO - HTTP Request: HEAD https://huggingface.co/sentence-transformers/all-MiniLM-L6-v2/resolve/main/config.json "HTTP/1.1 307 Temporary Redirect"
2026-04-01 12:19:56,398 - httpx - INFO - HTTP Request: HEAD https://huggingface.co/api/resolve-cache/models/sentence-transformers/all-MiniLM-L6-v2/c9745ed1d9f207416be6d2e6f8de32d1f16199bf/config.json "HTTP/1.1 200 OK"
2026-04-01 12:19:57,009 - httpx - INFO - HTTP Request: HEAD https://huggingface.co/sentence-transformers/all-MiniLM-L6-v2/resolve/main/tokenizer_config.json "HTTP/1.1 307 Temporary Redirect"
2026-04-01 12:19:57,421 - httpx - INFO - HTTP Request: HEAD https://huggingface.co/api/resolve-cache/models/sentence-transformers/all-MiniLM-L6-v2/c9745ed1d9f207416be6d2e6f8de32d1f16199bf/tokenizer_config.json "HTTP/1.1 200 OK"
2026-04-01 12:19:57,770 - httpx - INFO - HTTP Request: GET https://huggingface.co/api/resolve-cache/models/sentence-transformers/all-MiniLM-L6-v2/c9745ed1d9f207416be6d2e6f8de32d1f16199bf/tokenizer_config.json "HTTP/1.1 200 OK"
2026-04-01 12:19:58,370 - httpx - INFO - HTTP Request: GET https://huggingface.co/api/models/sentence-transformers/all-MiniLM-L6-v2/tree/main/additional_chat_templates?recursive=false&expand=false "HTTP/1.1 404 Not Found"
2026-04-01 12:19:58,978 - httpx - INFO - HTTP Request: GET https://huggingface.co/api/models/sentence-transformers/all-MiniLM-L6-v2/tree/main?recursive=true&expand=false "HTTP/1.1 200 OK"
2026-04-01 12:19:59,591 - httpx - INFO - HTTP Request: HEAD https://huggingface.co/sentence-transformers/all-MiniLM-L6-v2/resolve/main/vocab.txt "HTTP/1.1 307 Temporary Redirect"
2026-04-01 12:19:59,982 - httpx - INFO - HTTP Request: HEAD https://huggingface.co/api/resolve-cache/models/sentence-transformers/all-MiniLM-L6-v2/c9745ed1d9f207416be6d2e6f8de32d1f16199bf/vocab.txt "HTTP/1.1 200 OK"
2026-04-01 12:20:00,390 - httpx - INFO - HTTP Request: GET https://huggingface.co/api/resolve-cache/models/sentence-transformers/all-MiniLM-L6-v2/c9745ed1d9f207416be6d2e6f8de32d1f16199bf/vocab.txt "HTTP/1.1 200 OK"
2026-04-01 12:20:01,210 - httpx - INFO - HTTP Request: HEAD https://huggingface.co/sentence-transformers/all-MiniLM-L6-v2/resolve/main/tokenizer.json "HTTP/1.1 307 Temporary Redirect"
2026-04-01 12:20:01,531 - httpx - INFO - HTTP Request: HEAD https://huggingface.co/api/resolve-cache/models/sentence-transformers/all-MiniLM-L6-v2/c9745ed1d9f207416be6d2e6f8de32d1f16199bf/tokenizer.json "HTTP/1.1 200 OK"
2026-04-01 12:20:01,924 - httpx - INFO - HTTP Request: GET https://huggingface.co/api/resolve-cache/models/sentence-transformers/all-MiniLM-L6-v2/c9745ed1d9f207416be6d2e6f8de32d1f16199bf/tokenizer.json "HTTP/1.1 200 OK"
2026-04-01 12:20:02,792 - httpx - INFO - HTTP Request: HEAD https://huggingface.co/sentence-transformers/all-MiniLM-L6-v2/resolve/main/added_tokens.json "HTTP/1.1 404 Not Found"
2026-04-01 12:20:03,320 - httpx - INFO - HTTP Request: HEAD https://huggingface.co/sentence-transformers/all-MiniLM-L6-v2/resolve/main/special_tokens_map.json "HTTP/1.1 307 Temporary Redirect"
2026-04-01 12:20:03,590 - httpx - INFO - HTTP Request: HEAD https://huggingface.co/api/resolve-cache/models/sentence-transformers/all-MiniLM-L6-v2/c9745ed1d9f207416be6d2e6f8de32d1f16199bf/special_tokens_map.json "HTTP/1.1 200 OK"
2026-04-01 12:20:03,828 - httpx - INFO - HTTP Request: GET https://huggingface.co/api/resolve-cache/models/sentence-transformers/all-MiniLM-L6-v2/c9745ed1d9f207416be6d2e6f8de32d1f16199bf/special_tokens_map.json "HTTP/1.1 200 OK"
2026-04-01 12:20:04,511 - httpx - INFO - HTTP Request: HEAD https://huggingface.co/sentence-transformers/all-MiniLM-L6-v2/resolve/main/chat_template.jinja "HTTP/1.1 404 Not Found"
2026-04-01 12:20:05,092 - httpx - INFO - HTTP Request: HEAD https://huggingface.co/sentence-transformers/all-MiniLM-L6-v2/resolve/main/1_Pooling/config.json "HTTP/1.1 307 Temporary Redirect"
2026-04-01 12:20:05,390 - httpx - INFO - HTTP Request: HEAD https://huggingface.co/api/resolve-cache/models/sentence-transformers/all-MiniLM-L6-v2/c9745ed1d9f207416be6d2e6f8de32d1f16199bf/1_Pooling%2Fconfig.json "HTTP/1.1 200 OK"
2026-04-01 12:20:05,661 - httpx - INFO - HTTP Request: GET https://huggingface.co/api/resolve-cache/models/sentence-transformers/all-MiniLM-L6-v2/c9745ed1d9f207416be6d2e6f8de32d1f16199bf/1_Pooling%2Fconfig.json "HTTP/1.1 200 OK"
2026-04-01 12:20:06,149 - httpx - INFO - HTTP Request: GET https://huggingface.co/api/models/sentence-transformers/all-MiniLM-L6-v2 "HTTP/1.1 200 OK"
2026-04-01 12:20:06,164 - __main__ - INFO - ✅ 简历加载成功: 唐圣昕
2026-04-01 12:20:06,195 - __main__ - INFO - 📊 加载 0 个岗位
2026-04-01 12:20:06,196 - __main__ - ERROR - ❌ 没有岗位数据可供匹配
2026-04-01 12:20:06,196 - __main__ - INFO -    提示: 请先运行爬虫获取数据，或提供预存数据文件
2026-04-01 12:20:06,197 - __main__ - INFO - 
================================================================================
2026-04-01 12:20:06,198 - __main__ - INFO - ✅ 步骤5: 验证输出结果
2026-04-01 12:20:06,199 - __main__ - INFO - ================================================================================
2026-04-01 12:20:06,224 - __main__ - INFO -    📄 匹配报告: 8 个Markdown, 8 个JSON
2026-04-01 12:20:06,266 - __main__ - INFO -    📄 最新报告: match_report_20260401_182322.md
2026-04-01 12:20:06,279 - __main__ - INFO -    📄 投递报告: 1 个
2026-04-01 12:20:06,286 - __main__ - INFO -    📄 最新报告: application_report_20260401_182322.md
2026-04-01 12:20:06,346 - __main__ - INFO -    📊 爬虫数据: 0 条岗位
2026-04-01 12:20:06,347 - __main__ - INFO - 
✅ 全流程验证完成!
2026-04-01 12:20:06,348 - __main__ - INFO - 
================================================================================
2026-04-01 12:20:06,349 - __main__ - INFO - 🎉 完整流程执行完成!
2026-04-01 12:20:06,351 - __main__ - INFO - ================================================================================
2026-04-01 12:20:06,353 - __main__ - INFO - 总耗时: 1.9 分钟
2026-04-01 12:20:06,355 - __main__ - INFO - 日志文件: /app/logs/full_pipeline_docker_20260401_121809.log
2026-04-01 12:20:06,357 - __main__ - INFO - 
2026-04-01 12:20:06,360 - __main__ - INFO - 📋 后续步骤:
2026-04-01 12:20:06,361 - __main__ - INFO -    1. 如需官网数据，请在Docker外部运行CDP爬虫
2026-04-01 12:20:06,362 - __main__ - INFO -    2. 重新运行 docker-compose up 进行匹配
2026-04-01 12:20:06,363 - __main__ - INFO - ================================================================================
