2026-04-01 00:03:40,596 - __main__ - INFO - ================================================================================
2026-04-01 00:03:40,597 - __main__ - INFO - ================================================================================
2026-04-01 00:03:40,598 - __main__ - INFO - 🚀 启动官网CDP爬虫线程
2026-04-01 00:03:40,598 - __main__ - INFO - ================================================================================
2026-04-01 00:03:40,599 - __main__ - INFO - 
📍 开始爬取: tencent
2026-04-01 00:03:40,600 - __main__ - INFO - 🚀 启动第三方平台爬虫线程
2026-04-01 00:03:40,601 - __main__ - INFO - ================================================================================
2026-04-01 00:03:40,608 - __main__ - INFO - 
📍 开始爬取: job51
2026-04-01 00:03:41,708 - __main__ - ERROR -    ❌ job51 异常: No module named 'resuminer'
2026-04-01 00:03:41,710 - __main__ - INFO - 
📍 开始爬取: liepin
2026-04-01 00:03:41,741 - __main__ - ERROR -    ❌ liepin 异常: No module named 'resuminer'
2026-04-01 00:03:41,744 - __main__ - INFO - 
✅ 第三方平台爬虫线程完成: 0 条岗位，耗时 1.1s
2026-04-01 00:03:45,151 - __main__ - INFO -    ✅ tencent 爬取成功
2026-04-01 00:03:45,151 - __main__ - INFO - 
📍 开始爬取: meituan
2026-04-01 00:03:49,131 - __main__ - INFO -    ✅ meituan 爬取成功
2026-04-01 00:03:49,132 - __main__ - INFO - 
📍 开始爬取: alibaba
2026-04-01 00:03:52,259 - __main__ - INFO -    ✅ alibaba 爬取成功
2026-04-01 00:03:52,260 - __main__ - INFO - 
📍 开始爬取: jd
2026-04-01 00:03:55,881 - __main__ - INFO -    ✅ jd 爬取成功
2026-04-01 00:03:55,882 - __main__ - INFO - 
📍 开始爬取: kuaishou
2026-04-01 00:03:59,019 - __main__ - INFO -    ✅ kuaishou 爬取成功
2026-04-01 00:03:59,020 - __main__ - INFO - 
📍 开始爬取: bilibili
2026-04-01 00:04:02,811 - __main__ - INFO -    ✅ bilibili 爬取成功
2026-04-01 00:04:02,812 - __main__ - INFO - 
📍 开始爬取: bytedance
2026-04-01 00:04:05,970 - __main__ - ERROR -    ❌ bytedance 爬取失败: (node:17404) [DEP0169] DeprecationWarning: `url.parse()` behavior is not standardized and prone to errors that have security implications. Use the WHATWG URL API instead. CVEs are not issued for `url.parse()` vulnerabilities.
(Use `node --trace-deprecation ...` to show where the warning was created)
Traceback (most recent call last):
  File "C:\Users\Lenovo\projects\ResuMiner_Integrated\crawlers\official\cdp_bytedance.py", line 119, in <module>
    scrape_bytedance()
    ~~~~~~~~~~~~~~~~^^
  File "C:\Users\Lenovo\projects\ResuMiner_Integrated\crawlers\official\cdp_bytedance.py", line 8, in scrape_bytedance
    browser = p.chromium.connect_over_cdp("http://localhost:9222")
  File "C:\Users\Lenovo\AppData\Roaming\Python\Python314\site-packages\playwright\sync_api\_generated.py", line 14969, in connect_over_cdp
    self._sync(
    ~~~~~~~~~~^
        self._impl_obj.connect_over_cdp(
        ^^^^^^^^^^^^^^^^^^^^^^^^^^^^^^^^
    ...<5 lines>...
        )
        ^
    )
    ^
  File "C:\Users\Lenovo\AppData\Roaming\Python\Python314\site-packages\playwright\_impl\_sync_base.py", line 115, in _sync
    return task.result()
           ~~~~~~~~~~~^^
  File "C:\Users\Lenovo\AppData\Roaming\Python\Python314\site-packages\playwright\_impl\_browser_type.py", line 206, in connect_over_cdp
    response = await self._channel.send_return_as_dict(
               ^^^^^^^^^^^^^^^^^^^^^^^^^^^^^^^^^^^^^^^^
        "connectOverCDP", TimeoutSettings.launch_timeout, params
        ^^^^^^^^^^^^^^^^^^^^^^^^^^^^^^^^^^^^^^^^^^^^^^^^^^^^^^^^
    )
    ^
  File "C:\Users\Lenovo\AppData\Roaming\Python\Python314\site-packages\playwright\_impl\_connection.py", line 83, in send_return_as_dict
    return await self._connection.wrap_api_call(
           ^^^^^^^^^^^^^^^^^^^^^^^^^^^^^^^^^^^^^
    ...<3 lines>...
    )
    ^
  File "C:\Users\Lenovo\AppData\Roaming\Python\Python314\site-packages\playwright\_impl\_connection.py", line 559, in wrap_api_call
    raise rewrite_error(error, f"{parsed_st['apiName']}: {error}") from None
playwright._impl._errors.Error: BrowserType.connect_over_cdp: connect ECONNREFUSED ::1:9222
Call log:
  - <ws preparing> retrieving websocket url from http://localhost:9222


2026-04-01 00:04:05,971 - __main__ - INFO - 
✅ 官网爬虫线程完成: 0 条岗位，耗时 25.4s
2026-04-01 00:04:05,972 - __main__ - INFO - 📊 第三方平台: 成功爬取 2 个平台，共 0 条岗位, 耗时 1.1s
2026-04-01 00:04:05,974 - __main__ - INFO - 
📊 官网爬虫: 成功爬取 7 家公司，共 0 条岗位, 耗时 25.4s
2026-04-01 00:04:05,974 - __main__ - INFO - 
================================================================================
2026-04-01 00:04:05,975 - __main__ - INFO - 🔄 合并数据并去重
2026-04-01 00:04:05,976 - __main__ - INFO - ================================================================================
2026-04-01 00:04:05,976 - __main__ - INFO - 合并前: 0 + 0 = 0 条
2026-04-01 00:04:05,977 - __main__ - INFO - 去重后: 0 条 (去重 0 条)
