2026-04-01 20:52:14,940 - __main__ - INFO - ================================================================================
2026-04-01 20:52:14,941 - __main__ - INFO - ================================================================================
2026-04-01 20:52:14,942 - __main__ - INFO - 🚀 启动官网CDP爬虫线程
2026-04-01 20:52:14,945 - __main__ - INFO - 🚀 启动第三方平台爬虫线程
2026-04-01 20:52:14,946 - __main__ - INFO - ================================================================================
2026-04-01 20:52:14,948 - __main__ - INFO - ================================================================================
2026-04-01 20:52:14,992 - __main__ - INFO - 
📍 开始爬取: tencent
2026-04-01 20:52:14,993 - __main__ - INFO - 
📍 开始爬取: job51
2026-04-01 20:52:21,991 - core.crawler_engine.scheduler - ERROR - Failed to connect to Redis: Authentication required.
2026-04-01 20:52:21,996 - core.crawler_engine.spiders.job51_v2 - INFO - Starting Job51Spider V2 (Shanghai IT campus/intern mode)...
2026-04-01 20:52:21,997 - core.crawler_engine.spiders.job51_v2 - INFO - Start 51job crawl entry=intern, keyword=实习, days=0
2026-04-01 20:52:28,947 - __main__ - INFO -    ✅ tencent 爬取成功
2026-04-01 20:52:28,965 - __main__ - INFO - 
📍 开始爬取: meituan
2026-04-01 20:52:38,290 - __main__ - INFO -    ✅ meituan 爬取成功
2026-04-01 20:52:38,306 - __main__ - INFO - 
📍 开始爬取: alibaba
2026-04-01 20:53:00,417 - __main__ - INFO -    ✅ alibaba 爬取成功
2026-04-01 20:53:00,433 - __main__ - INFO - 
📍 开始爬取: jd
2026-04-01 20:53:07,055 - __main__ - INFO -    ✅ jd 爬取成功
2026-04-01 20:53:07,059 - __main__ - INFO - 
📍 开始爬取: kuaishou
2026-04-01 20:53:13,205 - __main__ - INFO -    ✅ kuaishou 爬取成功
2026-04-01 20:53:13,206 - __main__ - INFO - 
📍 开始爬取: bilibili
2026-04-01 20:53:19,434 - __main__ - INFO -    ✅ bilibili 爬取成功
2026-04-01 20:53:19,435 - __main__ - INFO - 
📍 开始爬取: bytedance
2026-04-01 20:53:26,696 - __main__ - ERROR -    ❌ bytedance 爬取失败: (node:17076) [DEP0169] DeprecationWarning: `url.parse()` behavior is not standardized and prone to errors that have security implications. Use the WHATWG URL API instead. CVEs are not issued for `url.parse()` vulnerabilities.
(Use `node --trace-deprecation ...` to show where the warning was created)
Traceback (most recent call last):
  File "C:\Users\Lenovo\projects\ResuMiner_Integrated\crawlers\official\cdp_bytedance.py", line 119, in <module>
    scrape_bytedance()
    ~~~~~~~~~~~~~~~~^^
  File "C:\Users\Lenovo\projects\ResuMiner_Integrated\crawlers\official\cdp_bytedance.py", line 8, in scrape_bytedance
    browser = p.chromium.connect_over_cdp("http://localhost:9222")
  File "C:\Users\Lenovo\AppData\Roaming\Python\Python314\site-packages\playwright\sync_api\_generated.py", line 14969, in connect_over_cdp
    self._sync(
    ~~~~~~~~~~^
        self._impl_obj.connect_over_cdp(
        ^^^^^^^^^^^^^^^^^^^^^^^^^^^^^^^^
    ...<5 lines>...
        )
        ^
    )
    ^
  File "C:\Users\Lenovo\AppData\Roaming\Python\Python314\site-packages\playwright\_impl\_sync_base.py", line 115, in _sync
    return task.result()
           ~~~~~~~~~~~^^
  File "C:\Users\Lenovo\AppData\Roaming\Python\Python314\site-packages\playwright\_impl\_browser_type.py", line 206, in connect_over_cdp
    response = await self._channel.send_return_as_dict(
               ^^^^^^^^^^^^^^^^^^^^^^^^^^^^^^^^^^^^^^^^
        "connectOverCDP", TimeoutSettings.launch_timeout, params
        ^^^^^^^^^^^^^^^^^^^^^^^^^^^^^^^^^^^^^^^^^^^^^^^^^^^^^^^^
    )
    ^
  File "C:\Users\Lenovo\AppData\Roaming\Python\Python314\site-packages\playwright\_impl\_connection.py", line 83, in send_return_as_dict
    return await self._connection.wrap_api_call(
           ^^^^^^^^^^^^^^^^^^^^^^^^^^^^^^^^^^^^^
    ...<3 lines>...
    )
    ^
  File "C:\Users\Lenovo\AppData\Roaming\Python\Python314\site-packages\playwright\_impl\_connection.py", line 559, in wrap_api_call
    raise rewrite_error(error, f"{parsed_st['apiName']}: {error}") from None
playwright._impl._errors.Error: BrowserType.connect_over_cdp: connect ECONNREFUSED ::1:9222
Call log:
  - <ws preparing> retrieving websocket url from http://localhost:9222


2026-04-01 20:53:26,699 - __main__ - INFO - 
✅ 官网爬虫线程完成: 0 条岗位，耗时 71.7s
2026-04-01 20:54:59,790 - core.crawler_engine.spiders.job51_v2 - INFO - Parsed 20 jobs from 51job page, filtered=0
2026-04-01 20:54:59,791 - core.crawler_engine.spiders.job51_v2 - INFO - Field validation: total=20, req_rate=0.0%, desc_rate=100.0%, jd_rate=100.0%
2026-04-01 20:54:59,795 - core.crawler_engine.spiders.job51_v2 - INFO - Enhanced 20 jobs with missing requirements
2026-04-01 20:57:03,226 - core.crawler_engine.spiders.job51_v2 - INFO - Parsed 19 jobs from 51job page, filtered=1
2026-04-01 20:57:03,227 - core.crawler_engine.spiders.job51_v2 - INFO - Field validation: total=19, req_rate=5.3%, desc_rate=100.0%, jd_rate=100.0%
2026-04-01 20:57:03,230 - core.crawler_engine.spiders.job51_v2 - INFO - Enhanced 18 jobs with missing requirements
2026-04-01 20:59:04,855 - core.crawler_engine.spiders.job51_v2 - INFO - Parsed 20 jobs from 51job page, filtered=0
2026-04-01 20:59:04,856 - core.crawler_engine.spiders.job51_v2 - INFO - Field validation: total=20, req_rate=0.0%, desc_rate=100.0%, jd_rate=100.0%
2026-04-01 20:59:04,857 - core.crawler_engine.spiders.job51_v2 - INFO - Enhanced 20 jobs with missing requirements
2026-04-01 21:01:07,106 - core.crawler_engine.spiders.job51_v2 - INFO - Parsed 20 jobs from 51job page, filtered=0
2026-04-01 21:01:07,107 - core.crawler_engine.spiders.job51_v2 - INFO - Field validation: total=20, req_rate=5.0%, desc_rate=100.0%, jd_rate=100.0%
2026-04-01 21:01:07,111 - core.crawler_engine.spiders.job51_v2 - INFO - Enhanced 19 jobs with missing requirements
2026-04-01 21:03:08,807 - core.crawler_engine.spiders.job51_v2 - INFO - Parsed 20 jobs from 51job page, filtered=0
2026-04-01 21:03:08,807 - core.crawler_engine.spiders.job51_v2 - INFO - Field validation: total=20, req_rate=0.0%, desc_rate=100.0%, jd_rate=100.0%
2026-04-01 21:03:08,810 - core.crawler_engine.spiders.job51_v2 - INFO - Enhanced 20 jobs with missing requirements
2026-04-01 21:05:07,328 - core.crawler_engine.spiders.job51_v2 - INFO - Parsed 19 jobs from 51job page, filtered=1
2026-04-01 21:05:07,329 - core.crawler_engine.spiders.job51_v2 - INFO - Field validation: total=19, req_rate=0.0%, desc_rate=100.0%, jd_rate=100.0%
2026-04-01 21:05:07,333 - core.crawler_engine.spiders.job51_v2 - INFO - Enhanced 19 jobs with missing requirements
2026-04-01 21:06:57,610 - core.crawler_engine.spiders.job51_v2 - INFO - Parsed 20 jobs from 51job page, filtered=0
2026-04-01 21:06:57,610 - core.crawler_engine.spiders.job51_v2 - INFO - Field validation: total=20, req_rate=0.0%, desc_rate=100.0%, jd_rate=100.0%
2026-04-01 21:06:57,612 - core.crawler_engine.spiders.job51_v2 - INFO - Enhanced 20 jobs with missing requirements
2026-04-01 21:08:52,663 - core.crawler_engine.spiders.job51_v2 - INFO - Parsed 20 jobs from 51job page, filtered=0
2026-04-01 21:08:52,663 - core.crawler_engine.spiders.job51_v2 - INFO - Field validation: total=20, req_rate=0.0%, desc_rate=100.0%, jd_rate=100.0%
2026-04-01 21:08:52,666 - core.crawler_engine.spiders.job51_v2 - INFO - Enhanced 20 jobs with missing requirements
2026-04-01 21:11:04,473 - core.crawler_engine.spiders.job51_v2 - INFO - Parsed 20 jobs from 51job page, filtered=0
2026-04-01 21:11:04,474 - core.crawler_engine.spiders.job51_v2 - INFO - Field validation: total=20, req_rate=15.0%, desc_rate=100.0%, jd_rate=100.0%
2026-04-01 21:11:04,476 - core.crawler_engine.spiders.job51_v2 - INFO - Enhanced 17 jobs with missing requirements
2026-04-01 21:12:57,023 - core.crawler_engine.spiders.job51_v2 - INFO - Parsed 20 jobs from 51job page, filtered=0
2026-04-01 21:12:57,023 - core.crawler_engine.spiders.job51_v2 - INFO - Field validation: total=20, req_rate=0.0%, desc_rate=100.0%, jd_rate=100.0%
2026-04-01 21:12:57,024 - core.crawler_engine.spiders.job51_v2 - INFO - Enhanced 20 jobs with missing requirements
2026-04-01 21:14:50,957 - core.crawler_engine.spiders.job51_v2 - INFO - Parsed 19 jobs from 51job page, filtered=1
2026-04-01 21:14:50,958 - core.crawler_engine.spiders.job51_v2 - INFO - Field validation: total=19, req_rate=0.0%, desc_rate=100.0%, jd_rate=100.0%
2026-04-01 21:14:50,963 - core.crawler_engine.spiders.job51_v2 - INFO - Enhanced 19 jobs with missing requirements
2026-04-01 21:16:40,567 - core.crawler_engine.spiders.job51_v2 - INFO - Parsed 20 jobs from 51job page, filtered=0
2026-04-01 21:16:40,568 - core.crawler_engine.spiders.job51_v2 - INFO - Field validation: total=20, req_rate=0.0%, desc_rate=100.0%, jd_rate=100.0%
2026-04-01 21:16:40,571 - core.crawler_engine.spiders.job51_v2 - INFO - Enhanced 20 jobs with missing requirements
2026-04-01 21:18:43,715 - core.crawler_engine.spiders.job51_v2 - INFO - Parsed 19 jobs from 51job page, filtered=1
2026-04-01 21:18:43,716 - core.crawler_engine.spiders.job51_v2 - INFO - Field validation: total=19, req_rate=0.0%, desc_rate=100.0%, jd_rate=100.0%
2026-04-01 21:18:43,717 - core.crawler_engine.spiders.job51_v2 - INFO - Enhanced 19 jobs with missing requirements
2026-04-01 21:20:37,623 - core.crawler_engine.spiders.job51_v2 - INFO - Parsed 18 jobs from 51job page, filtered=2
2026-04-01 21:20:37,624 - core.crawler_engine.spiders.job51_v2 - INFO - Field validation: total=18, req_rate=0.0%, desc_rate=100.0%, jd_rate=100.0%
2026-04-01 21:20:37,628 - core.crawler_engine.spiders.job51_v2 - INFO - Enhanced 18 jobs with missing requirements
2026-04-01 21:22:41,485 - core.crawler_engine.spiders.job51_v2 - INFO - Parsed 20 jobs from 51job page, filtered=0
2026-04-01 21:22:41,485 - core.crawler_engine.spiders.job51_v2 - INFO - Field validation: total=20, req_rate=0.0%, desc_rate=100.0%, jd_rate=100.0%
2026-04-01 21:22:41,490 - core.crawler_engine.spiders.job51_v2 - INFO - Enhanced 20 jobs with missing requirements
2026-04-01 21:24:36,487 - core.crawler_engine.spiders.job51_v2 - INFO - Parsed 20 jobs from 51job page, filtered=0
2026-04-01 21:24:36,488 - core.crawler_engine.spiders.job51_v2 - INFO - Field validation: total=20, req_rate=0.0%, desc_rate=100.0%, jd_rate=100.0%
2026-04-01 21:24:36,489 - core.crawler_engine.spiders.job51_v2 - INFO - Enhanced 20 jobs with missing requirements
2026-04-01 21:26:32,796 - core.crawler_engine.spiders.job51_v2 - INFO - Parsed 20 jobs from 51job page, filtered=0
2026-04-01 21:26:32,796 - core.crawler_engine.spiders.job51_v2 - INFO - Field validation: total=20, req_rate=0.0%, desc_rate=100.0%, jd_rate=100.0%
2026-04-01 21:26:32,798 - core.crawler_engine.spiders.job51_v2 - INFO - Enhanced 20 jobs with missing requirements
2026-04-01 21:28:25,238 - core.crawler_engine.spiders.job51_v2 - INFO - Parsed 20 jobs from 51job page, filtered=0
2026-04-01 21:28:25,238 - core.crawler_engine.spiders.job51_v2 - INFO - Field validation: total=20, req_rate=10.0%, desc_rate=100.0%, jd_rate=100.0%
2026-04-01 21:28:25,240 - core.crawler_engine.spiders.job51_v2 - INFO - Enhanced 18 jobs with missing requirements
2026-04-01 21:30:24,600 - core.crawler_engine.spiders.job51_v2 - INFO - Parsed 19 jobs from 51job page, filtered=1
2026-04-01 21:30:24,601 - core.crawler_engine.spiders.job51_v2 - INFO - Field validation: total=19, req_rate=26.3%, desc_rate=100.0%, jd_rate=100.0%
2026-04-01 21:30:24,603 - core.crawler_engine.spiders.job51_v2 - INFO - Enhanced 14 jobs with missing requirements
2026-04-01 21:32:23,204 - core.crawler_engine.spiders.job51_v2 - INFO - Parsed 19 jobs from 51job page, filtered=1
2026-04-01 21:32:23,205 - core.crawler_engine.spiders.job51_v2 - INFO - Field validation: total=19, req_rate=10.5%, desc_rate=94.7%, jd_rate=100.0%
2026-04-01 21:32:23,209 - core.crawler_engine.spiders.job51_v2 - INFO - Enhanced 17 jobs with missing requirements
2026-04-01 21:34:30,642 - core.crawler_engine.spiders.job51_v2 - INFO - Parsed 18 jobs from 51job page, filtered=2
2026-04-01 21:34:30,643 - core.crawler_engine.spiders.job51_v2 - INFO - Field validation: total=18, req_rate=11.1%, desc_rate=100.0%, jd_rate=100.0%
2026-04-01 21:34:30,644 - core.crawler_engine.spiders.job51_v2 - INFO - Enhanced 16 jobs with missing requirements
