2026-04-01 20:37:41,395 - __main__ - INFO - ================================================================================
2026-04-01 20:37:41,395 - __main__ - INFO - 🚀 ResuMiner Docker 整合流水线
2026-04-01 20:37:41,396 - __main__ - INFO - 使用项目中已有的爬虫技术栈
2026-04-01 20:37:41,397 - __main__ - INFO - ================================================================================
2026-04-01 20:37:41,403 - __main__ - INFO - 开始时间: 2026-04-01 20:37:41
2026-04-01 20:37:41,404 - __main__ - INFO - 项目路径: C:\Users\Lenovo\projects\ResuMiner_Integrated
2026-04-01 20:37:41,405 - __main__ - INFO - 
2026-04-01 20:37:41,406 - __main__ - INFO - ================================================================================
2026-04-01 20:37:41,408 - __main__ - INFO - 🚀 启动第三方平台爬虫
2026-04-01 20:37:41,410 - __main__ - INFO - ================================================================================
2026-04-01 20:37:41,413 - __main__ - INFO - 
📍 开始爬取: 前程无忧(51job)
2026-04-01 20:37:42,633 - core.crawler_engine.scheduler - ERROR - Failed to connect to Redis: Authentication required.
2026-04-01 20:37:42,635 - core.crawler_engine.spiders.job51_v2 - INFO - Starting Job51Spider V2 (Shanghai IT campus/intern mode)...
2026-04-01 20:37:42,636 - core.crawler_engine.spiders.job51_v2 - INFO - Start 51job crawl entry=intern, keyword=实习, days=0
2026-04-01 20:37:50,820 - core.crypto_engine.platforms.job51 - ERROR - 51job search RPC request exception: HTTPConnectionPool(host='localhost', port=5600): Max retries exceeded with url: /invoke/job51/search_jobs (Caused by NewConnectionError('<urllib3.connection.HTTPConnection object at 0x0000016731194C20>: Failed to establish a new connection: [WinError 10061] 由于目标计算机积极拒绝，无法连接。'))
2026-04-01 20:37:50,820 - core.crawler_engine.spiders.job51_v2 - ERROR - 51job request failed keyword=实习 page=1 retry=1: HTTPConnectionPool(host='localhost', port=5600): Max retries exceeded with url: /invoke/job51/search_jobs (Caused by NewConnectionError('<urllib3.connection.HTTPConnection object at 0x0000016731194C20>: Failed to establish a new connection: [WinError 10061] 由于目标计算机积极拒绝，无法连接。'))
2026-04-01 20:37:59,774 - core.crypto_engine.platforms.job51 - ERROR - 51job search RPC request exception: HTTPConnectionPool(host='localhost', port=5600): Max retries exceeded with url: /invoke/job51/search_jobs (Caused by NewConnectionError('<urllib3.connection.HTTPConnection object at 0x000001673119C910>: Failed to establish a new connection: [WinError 10061] 由于目标计算机积极拒绝，无法连接。'))
2026-04-01 20:37:59,775 - core.crawler_engine.spiders.job51_v2 - ERROR - 51job request failed keyword=实习 page=1 retry=2: HTTPConnectionPool(host='localhost', port=5600): Max retries exceeded with url: /invoke/job51/search_jobs (Caused by NewConnectionError('<urllib3.connection.HTTPConnection object at 0x000001673119C910>: Failed to establish a new connection: [WinError 10061] 由于目标计算机积极拒绝，无法连接。'))
2026-04-01 20:38:08,199 - core.crypto_engine.platforms.job51 - ERROR - 51job search RPC request exception: HTTPConnectionPool(host='localhost', port=5600): Max retries exceeded with url: /invoke/job51/search_jobs (Caused by NewConnectionError('<urllib3.connection.HTTPConnection object at 0x000001673119D090>: Failed to establish a new connection: [WinError 10061] 由于目标计算机积极拒绝，无法连接。'))
2026-04-01 20:38:08,200 - core.crawler_engine.spiders.job51_v2 - ERROR - 51job request failed keyword=实习 page=1 retry=3: HTTPConnectionPool(host='localhost', port=5600): Max retries exceeded with url: /invoke/job51/search_jobs (Caused by NewConnectionError('<urllib3.connection.HTTPConnection object at 0x000001673119D090>: Failed to establish a new connection: [WinError 10061] 由于目标计算机积极拒绝，无法连接。'))
2026-04-01 20:38:12,404 - core.crawler_engine.spiders.job51_v2 - INFO - Start 51job crawl entry=fallback, keyword=实习, days=0
2026-04-01 20:38:19,888 - core.crypto_engine.platforms.job51 - ERROR - 51job search RPC request exception: HTTPConnectionPool(host='localhost', port=5600): Max retries exceeded with url: /invoke/job51/search_jobs (Caused by NewConnectionError('<urllib3.connection.HTTPConnection object at 0x0000016731142B10>: Failed to establish a new connection: [WinError 10061] 由于目标计算机积极拒绝，无法连接。'))
2026-04-01 20:38:19,889 - core.crawler_engine.spiders.job51_v2 - ERROR - 51job request failed keyword=实习 page=1 retry=1: HTTPConnectionPool(host='localhost', port=5600): Max retries exceeded with url: /invoke/job51/search_jobs (Caused by NewConnectionError('<urllib3.connection.HTTPConnection object at 0x0000016731142B10>: Failed to establish a new connection: [WinError 10061] 由于目标计算机积极拒绝，无法连接。'))
2026-04-01 20:38:26,595 - core.crypto_engine.platforms.job51 - ERROR - 51job search RPC request exception: HTTPConnectionPool(host='localhost', port=5600): Max retries exceeded with url: /invoke/job51/search_jobs (Caused by NewConnectionError('<urllib3.connection.HTTPConnection object at 0x0000016731143230>: Failed to establish a new connection: [WinError 10061] 由于目标计算机积极拒绝，无法连接。'))
2026-04-01 20:38:26,595 - core.crawler_engine.spiders.job51_v2 - ERROR - 51job request failed keyword=实习 page=1 retry=2: HTTPConnectionPool(host='localhost', port=5600): Max retries exceeded with url: /invoke/job51/search_jobs (Caused by NewConnectionError('<urllib3.connection.HTTPConnection object at 0x0000016731143230>: Failed to establish a new connection: [WinError 10061] 由于目标计算机积极拒绝，无法连接。'))
2026-04-01 20:38:34,165 - core.crypto_engine.platforms.job51 - ERROR - 51job search RPC request exception: HTTPConnectionPool(host='localhost', port=5600): Max retries exceeded with url: /invoke/job51/search_jobs (Caused by NewConnectionError('<urllib3.connection.HTTPConnection object at 0x00000167314F5370>: Failed to establish a new connection: [WinError 10061] 由于目标计算机积极拒绝，无法连接。'))
2026-04-01 20:38:34,165 - core.crawler_engine.spiders.job51_v2 - ERROR - 51job request failed keyword=实习 page=1 retry=3: HTTPConnectionPool(host='localhost', port=5600): Max retries exceeded with url: /invoke/job51/search_jobs (Caused by NewConnectionError('<urllib3.connection.HTTPConnection object at 0x00000167314F5370>: Failed to establish a new connection: [WinError 10061] 由于目标计算机积极拒绝，无法连接。'))
2026-04-01 20:38:36,177 - core.crawler_engine.spiders.job51_v2 - INFO - Job51 day window result days=0 count=0
2026-04-01 20:38:36,177 - __main__ - WARNING -    ⚠️ 51job 未获取到数据
2026-04-01 20:38:36,177 - __main__ - INFO - 
📍 开始爬取: 猎聘
2026-04-01 20:38:36,186 - core.crawler_engine.scheduler - ERROR - Failed to connect to Redis: Authentication required.
2026-04-01 20:38:36,187 - core.crawler_engine.spiders.liepin_v6 - INFO - [Liepin V6] Starting RPC crawl, keyword=实习, max_pages=20
2026-04-01 20:38:36,188 - core.crawler_engine.spiders.liepin_v6 - INFO - [Liepin V6] Sleeping 4.5s before page 1
2026-04-01 20:38:40,716 - core.crawler_engine.spiders.liepin_v6 - INFO - [Liepin V6] Fetching page 1 (attempt 1/3)
2026-04-01 20:38:40,717 - core.crypto_engine.platforms.liepin - INFO - [LiepinCrypto] Searching: keyword=实习, page=1
2026-04-01 20:38:44,779 - core.crypto_engine.platforms.liepin - ERROR - [LiepinCrypto] Request exception: HTTPConnectionPool(host='localhost', port=5600): Max retries exceeded with url: /invoke/liepin/search_jobs (Caused by NewConnectionError('<urllib3.connection.HTTPConnection object at 0x000001673116AF10>: Failed to establish a new connection: [WinError 10061] 由于目标计算机积极拒绝，无法连接。'))
2026-04-01 20:38:44,779 - core.crawler_engine.spiders.liepin_v6 - ERROR - [Liepin V6] Fetch page 1 failed (retry 1): HTTPConnectionPool(host='localhost', port=5600): Max retries exceeded with url: /invoke/liepin/search_jobs (Caused by NewConnectionError('<urllib3.connection.HTTPConnection object at 0x000001673116AF10>: Failed to establish a new connection: [WinError 10061] 由于目标计算机积极拒绝，无法连接。'))
2026-04-01 20:38:50,054 - core.crawler_engine.spiders.liepin_v6 - INFO - [Liepin V6] Fetching page 1 (attempt 2/3)
2026-04-01 20:38:50,054 - core.crypto_engine.platforms.liepin - INFO - [LiepinCrypto] Searching: keyword=实习, page=1
2026-04-01 20:38:54,137 - core.crypto_engine.platforms.liepin - ERROR - [LiepinCrypto] Request exception: HTTPConnectionPool(host='localhost', port=5600): Max retries exceeded with url: /invoke/liepin/search_jobs (Caused by NewConnectionError('<urllib3.connection.HTTPConnection object at 0x000001673116A470>: Failed to establish a new connection: [WinError 10061] 由于目标计算机积极拒绝，无法连接。'))
2026-04-01 20:38:54,137 - core.crawler_engine.spiders.liepin_v6 - ERROR - [Liepin V6] Fetch page 1 failed (retry 2): HTTPConnectionPool(host='localhost', port=5600): Max retries exceeded with url: /invoke/liepin/search_jobs (Caused by NewConnectionError('<urllib3.connection.HTTPConnection object at 0x000001673116A470>: Failed to establish a new connection: [WinError 10061] 由于目标计算机积极拒绝，无法连接。'))
2026-04-01 20:38:59,093 - core.crawler_engine.spiders.liepin_v6 - INFO - [Liepin V6] Fetching page 1 (attempt 3/3)
2026-04-01 20:38:59,094 - core.crypto_engine.platforms.liepin - INFO - [LiepinCrypto] Searching: keyword=实习, page=1
2026-04-01 20:39:03,162 - core.crypto_engine.platforms.liepin - ERROR - [LiepinCrypto] Request exception: HTTPConnectionPool(host='localhost', port=5600): Max retries exceeded with url: /invoke/liepin/search_jobs (Caused by NewConnectionError('<urllib3.connection.HTTPConnection object at 0x00000167311699D0>: Failed to establish a new connection: [WinError 10061] 由于目标计算机积极拒绝，无法连接。'))
2026-04-01 20:39:03,162 - core.crawler_engine.spiders.liepin_v6 - ERROR - [Liepin V6] Fetch page 1 failed (retry 3): HTTPConnectionPool(host='localhost', port=5600): Max retries exceeded with url: /invoke/liepin/search_jobs (Caused by NewConnectionError('<urllib3.connection.HTTPConnection object at 0x00000167311699D0>: Failed to establish a new connection: [WinError 10061] 由于目标计算机积极拒绝，无法连接。'))
2026-04-01 20:39:09,012 - core.crawler_engine.spiders.liepin_v6 - ERROR - [Liepin V6] Failed to fetch page 1 after 3 retries
2026-04-01 20:39:09,013 - core.crawler_engine.spiders.liepin_v6 - WARNING - [Liepin V6] No jobs on page 1, empty_streak=1
2026-04-01 20:39:09,013 - core.crawler_engine.spiders.liepin_v6 - INFO - [Liepin V6] Sleeping 4.7s before page 2
2026-04-01 20:39:13,711 - core.crawler_engine.spiders.liepin_v6 - INFO - [Liepin V6] Fetching page 2 (attempt 1/3)
2026-04-01 20:39:13,711 - core.crypto_engine.platforms.liepin - INFO - [LiepinCrypto] Searching: keyword=实习, page=2
2026-04-01 20:39:17,787 - core.crypto_engine.platforms.liepin - ERROR - [LiepinCrypto] Request exception: HTTPConnectionPool(host='localhost', port=5600): Max retries exceeded with url: /invoke/liepin/search_jobs (Caused by NewConnectionError('<urllib3.connection.HTTPConnection object at 0x00000167311696A0>: Failed to establish a new connection: [WinError 10061] 由于目标计算机积极拒绝，无法连接。'))
2026-04-01 20:39:17,787 - core.crawler_engine.spiders.liepin_v6 - ERROR - [Liepin V6] Fetch page 2 failed (retry 1): HTTPConnectionPool(host='localhost', port=5600): Max retries exceeded with url: /invoke/liepin/search_jobs (Caused by NewConnectionError('<urllib3.connection.HTTPConnection object at 0x00000167311696A0>: Failed to establish a new connection: [WinError 10061] 由于目标计算机积极拒绝，无法连接。'))
2026-04-01 20:39:20,968 - core.crawler_engine.spiders.liepin_v6 - INFO - [Liepin V6] Fetching page 2 (attempt 2/3)
2026-04-01 20:39:20,968 - core.crypto_engine.platforms.liepin - INFO - [LiepinCrypto] Searching: keyword=实习, page=2
2026-04-01 20:39:25,014 - core.crypto_engine.platforms.liepin - ERROR - [LiepinCrypto] Request exception: HTTPConnectionPool(host='localhost', port=5600): Max retries exceeded with url: /invoke/liepin/search_jobs (Caused by NewConnectionError('<urllib3.connection.HTTPConnection object at 0x0000016731169040>: Failed to establish a new connection: [WinError 10061] 由于目标计算机积极拒绝，无法连接。'))
2026-04-01 20:39:25,014 - core.crawler_engine.spiders.liepin_v6 - ERROR - [Liepin V6] Fetch page 2 failed (retry 2): HTTPConnectionPool(host='localhost', port=5600): Max retries exceeded with url: /invoke/liepin/search_jobs (Caused by NewConnectionError('<urllib3.connection.HTTPConnection object at 0x0000016731169040>: Failed to establish a new connection: [WinError 10061] 由于目标计算机积极拒绝，无法连接。'))
2026-04-01 20:39:30,362 - core.crawler_engine.spiders.liepin_v6 - INFO - [Liepin V6] Fetching page 2 (attempt 3/3)
2026-04-01 20:39:30,362 - core.crypto_engine.platforms.liepin - INFO - [LiepinCrypto] Searching: keyword=实习, page=2
2026-04-01 20:39:34,425 - core.crypto_engine.platforms.liepin - ERROR - [LiepinCrypto] Request exception: HTTPConnectionPool(host='localhost', port=5600): Max retries exceeded with url: /invoke/liepin/search_jobs (Caused by NewConnectionError('<urllib3.connection.HTTPConnection object at 0x0000016731168AF0>: Failed to establish a new connection: [WinError 10061] 由于目标计算机积极拒绝，无法连接。'))
2026-04-01 20:39:34,425 - core.crawler_engine.spiders.liepin_v6 - ERROR - [Liepin V6] Fetch page 2 failed (retry 3): HTTPConnectionPool(host='localhost', port=5600): Max retries exceeded with url: /invoke/liepin/search_jobs (Caused by NewConnectionError('<urllib3.connection.HTTPConnection object at 0x0000016731168AF0>: Failed to establish a new connection: [WinError 10061] 由于目标计算机积极拒绝，无法连接。'))
2026-04-01 20:39:40,176 - core.crawler_engine.spiders.liepin_v6 - ERROR - [Liepin V6] Failed to fetch page 2 after 3 retries
2026-04-01 20:39:40,176 - core.crawler_engine.spiders.liepin_v6 - WARNING - [Liepin V6] No jobs on page 2, empty_streak=2
2026-04-01 20:39:40,176 - core.crawler_engine.spiders.liepin_v6 - INFO - [Liepin V6] Sleeping 5.8s before page 3
2026-04-01 20:39:46,024 - core.crawler_engine.spiders.liepin_v6 - INFO - [Liepin V6] Fetching page 3 (attempt 1/3)
2026-04-01 20:39:46,024 - core.crypto_engine.platforms.liepin - INFO - [LiepinCrypto] Searching: keyword=实习, page=3
2026-04-01 20:39:50,115 - core.crypto_engine.platforms.liepin - ERROR - [LiepinCrypto] Request exception: HTTPConnectionPool(host='localhost', port=5600): Max retries exceeded with url: /invoke/liepin/search_jobs (Caused by NewConnectionError('<urllib3.connection.HTTPConnection object at 0x000001673116BF00>: Failed to establish a new connection: [WinError 10061] 由于目标计算机积极拒绝，无法连接。'))
2026-04-01 20:39:50,116 - core.crawler_engine.spiders.liepin_v6 - ERROR - [Liepin V6] Fetch page 3 failed (retry 1): HTTPConnectionPool(host='localhost', port=5600): Max retries exceeded with url: /invoke/liepin/search_jobs (Caused by NewConnectionError('<urllib3.connection.HTTPConnection object at 0x000001673116BF00>: Failed to establish a new connection: [WinError 10061] 由于目标计算机积极拒绝，无法连接。'))
2026-04-01 20:39:53,290 - core.crawler_engine.spiders.liepin_v6 - INFO - [Liepin V6] Fetching page 3 (attempt 2/3)
2026-04-01 20:39:53,295 - core.crypto_engine.platforms.liepin - INFO - [LiepinCrypto] Searching: keyword=实习, page=3
2026-04-01 20:39:57,355 - core.crypto_engine.platforms.liepin - ERROR - [LiepinCrypto] Request exception: HTTPConnectionPool(host='localhost', port=5600): Max retries exceeded with url: /invoke/liepin/search_jobs (Caused by NewConnectionError('<urllib3.connection.HTTPConnection object at 0x000001673151C6B0>: Failed to establish a new connection: [WinError 10061] 由于目标计算机积极拒绝，无法连接。'))
2026-04-01 20:39:57,357 - core.crawler_engine.spiders.liepin_v6 - ERROR - [Liepin V6] Fetch page 3 failed (retry 2): HTTPConnectionPool(host='localhost', port=5600): Max retries exceeded with url: /invoke/liepin/search_jobs (Caused by NewConnectionError('<urllib3.connection.HTTPConnection object at 0x000001673151C6B0>: Failed to establish a new connection: [WinError 10061] 由于目标计算机积极拒绝，无法连接。'))
