2026-04-01 20:52:15,439 - __main__ - INFO - ================================================================================
2026-04-01 20:52:15,463 - __main__ - INFO - 🚀 启动官网CDP爬虫线程
2026-04-01 20:52:15,464 - __main__ - INFO - ================================================================================
2026-04-01 20:52:15,464 - __main__ - INFO - ================================================================================
2026-04-01 20:52:15,469 - __main__ - INFO - 
📍 开始爬取: tencent
2026-04-01 20:52:15,474 - __main__ - INFO - 🚀 启动第三方平台爬虫线程
2026-04-01 20:52:15,500 - __main__ - INFO - ================================================================================
2026-04-01 20:52:15,563 - __main__ - INFO - 
📍 开始爬取: job51
2026-04-01 20:52:22,221 - core.crawler_engine.scheduler - ERROR - Failed to connect to Redis: Authentication required.
2026-04-01 20:52:22,230 - core.crawler_engine.spiders.job51_v2 - INFO - Starting Job51Spider V2 (Shanghai IT campus/intern mode)...
2026-04-01 20:52:22,231 - core.crawler_engine.spiders.job51_v2 - INFO - Start 51job crawl entry=intern, keyword=实习, days=0
2026-04-01 20:52:31,986 - __main__ - INFO -    ✅ tencent 爬取成功
2026-04-01 20:52:31,990 - __main__ - INFO - 
📍 开始爬取: meituan
2026-04-01 20:52:41,139 - __main__ - INFO -    ✅ meituan 爬取成功
2026-04-01 20:52:41,150 - __main__ - INFO - 
📍 开始爬取: alibaba
2026-04-01 20:53:03,380 - __main__ - INFO -    ✅ alibaba 爬取成功
2026-04-01 20:53:03,382 - __main__ - INFO - 
📍 开始爬取: jd
2026-04-01 20:53:09,421 - __main__ - INFO -    ✅ jd 爬取成功
2026-04-01 20:53:09,431 - __main__ - INFO - 
📍 开始爬取: kuaishou
2026-04-01 20:53:14,981 - __main__ - INFO -    ✅ kuaishou 爬取成功
2026-04-01 20:53:14,982 - __main__ - INFO - 
📍 开始爬取: bilibili
2026-04-01 20:53:22,678 - __main__ - INFO -    ✅ bilibili 爬取成功
2026-04-01 20:53:22,679 - __main__ - INFO - 
📍 开始爬取: bytedance
2026-04-01 20:53:29,147 - __main__ - ERROR -    ❌ bytedance 爬取失败: (node:19100) [DEP0169] DeprecationWarning: `url.parse()` behavior is not standardized and prone to errors that have security implications. Use the WHATWG URL API instead. CVEs are not issued for `url.parse()` vulnerabilities.
(Use `node --trace-deprecation ...` to show where the warning was created)
Traceback (most recent call last):
  File "C:\Users\Lenovo\projects\ResuMiner_Integrated\crawlers\official\cdp_bytedance.py", line 119, in <module>
    scrape_bytedance()
    ~~~~~~~~~~~~~~~~^^
  File "C:\Users\Lenovo\projects\ResuMiner_Integrated\crawlers\official\cdp_bytedance.py", line 8, in scrape_bytedance
    browser = p.chromium.connect_over_cdp("http://localhost:9222")
  File "C:\Users\Lenovo\AppData\Roaming\Python\Python314\site-packages\playwright\sync_api\_generated.py", line 14969, in connect_over_cdp
    self._sync(
    ~~~~~~~~~~^
        self._impl_obj.connect_over_cdp(
        ^^^^^^^^^^^^^^^^^^^^^^^^^^^^^^^^
    ...<5 lines>...
        )
        ^
    )
    ^
  File "C:\Users\Lenovo\AppData\Roaming\Python\Python314\site-packages\playwright\_impl\_sync_base.py", line 115, in _sync
    return task.result()
           ~~~~~~~~~~~^^
  File "C:\Users\Lenovo\AppData\Roaming\Python\Python314\site-packages\playwright\_impl\_browser_type.py", line 206, in connect_over_cdp
    response = await self._channel.send_return_as_dict(
               ^^^^^^^^^^^^^^^^^^^^^^^^^^^^^^^^^^^^^^^^
        "connectOverCDP", TimeoutSettings.launch_timeout, params
        ^^^^^^^^^^^^^^^^^^^^^^^^^^^^^^^^^^^^^^^^^^^^^^^^^^^^^^^^
    )
    ^
  File "C:\Users\Lenovo\AppData\Roaming\Python\Python314\site-packages\playwright\_impl\_connection.py", line 83, in send_return_as_dict
    return await self._connection.wrap_api_call(
           ^^^^^^^^^^^^^^^^^^^^^^^^^^^^^^^^^^^^^
    ...<3 lines>...
    )
    ^
  File "C:\Users\Lenovo\AppData\Roaming\Python\Python314\site-packages\playwright\_impl\_connection.py", line 559, in wrap_api_call
    raise rewrite_error(error, f"{parsed_st['apiName']}: {error}") from None
playwright._impl._errors.Error: BrowserType.connect_over_cdp: connect ECONNREFUSED ::1:9222
Call log:
  - <ws preparing> retrieving websocket url from http://localhost:9222


2026-04-01 20:53:29,165 - __main__ - INFO - 
✅ 官网爬虫线程完成: 0 条岗位，耗时 73.7s
2026-04-01 20:55:05,176 - core.crawler_engine.spiders.job51_v2 - INFO - Parsed 20 jobs from 51job page, filtered=0
2026-04-01 20:55:05,177 - core.crawler_engine.spiders.job51_v2 - INFO - Field validation: total=20, req_rate=0.0%, desc_rate=100.0%, jd_rate=100.0%
2026-04-01 20:55:05,181 - core.crawler_engine.spiders.job51_v2 - INFO - Enhanced 20 jobs with missing requirements
2026-04-01 20:56:57,294 - core.crawler_engine.spiders.job51_v2 - INFO - Parsed 19 jobs from 51job page, filtered=1
2026-04-01 20:56:57,300 - core.crawler_engine.spiders.job51_v2 - INFO - Field validation: total=19, req_rate=5.3%, desc_rate=100.0%, jd_rate=100.0%
2026-04-01 20:56:57,306 - core.crawler_engine.spiders.job51_v2 - INFO - Enhanced 18 jobs with missing requirements
2026-04-01 20:59:02,705 - core.crawler_engine.spiders.job51_v2 - INFO - Parsed 20 jobs from 51job page, filtered=0
2026-04-01 20:59:02,706 - core.crawler_engine.spiders.job51_v2 - INFO - Field validation: total=20, req_rate=0.0%, desc_rate=100.0%, jd_rate=100.0%
2026-04-01 20:59:02,710 - core.crawler_engine.spiders.job51_v2 - INFO - Enhanced 20 jobs with missing requirements
2026-04-01 21:00:49,281 - core.crawler_engine.spiders.job51_v2 - INFO - Parsed 20 jobs from 51job page, filtered=0
2026-04-01 21:00:49,282 - core.crawler_engine.spiders.job51_v2 - INFO - Field validation: total=20, req_rate=5.0%, desc_rate=100.0%, jd_rate=100.0%
2026-04-01 21:00:49,285 - core.crawler_engine.spiders.job51_v2 - INFO - Enhanced 19 jobs with missing requirements
2026-04-01 21:02:43,943 - core.crawler_engine.spiders.job51_v2 - INFO - Parsed 20 jobs from 51job page, filtered=0
2026-04-01 21:02:43,944 - core.crawler_engine.spiders.job51_v2 - INFO - Field validation: total=20, req_rate=0.0%, desc_rate=100.0%, jd_rate=100.0%
2026-04-01 21:02:43,946 - core.crawler_engine.spiders.job51_v2 - INFO - Enhanced 20 jobs with missing requirements
2026-04-01 21:04:32,149 - core.crawler_engine.spiders.job51_v2 - INFO - Parsed 19 jobs from 51job page, filtered=1
2026-04-01 21:04:32,150 - core.crawler_engine.spiders.job51_v2 - INFO - Field validation: total=19, req_rate=0.0%, desc_rate=100.0%, jd_rate=100.0%
2026-04-01 21:04:32,153 - core.crawler_engine.spiders.job51_v2 - INFO - Enhanced 19 jobs with missing requirements
2026-04-01 21:06:36,147 - core.crawler_engine.spiders.job51_v2 - INFO - Parsed 20 jobs from 51job page, filtered=0
2026-04-01 21:06:36,156 - core.crawler_engine.spiders.job51_v2 - INFO - Field validation: total=20, req_rate=0.0%, desc_rate=100.0%, jd_rate=100.0%
2026-04-01 21:06:36,182 - core.crawler_engine.spiders.job51_v2 - INFO - Enhanced 20 jobs with missing requirements
2026-04-01 21:08:28,785 - core.crawler_engine.spiders.job51_v2 - INFO - Parsed 20 jobs from 51job page, filtered=0
2026-04-01 21:08:28,787 - core.crawler_engine.spiders.job51_v2 - INFO - Field validation: total=20, req_rate=0.0%, desc_rate=100.0%, jd_rate=100.0%
2026-04-01 21:08:28,791 - core.crawler_engine.spiders.job51_v2 - INFO - Enhanced 20 jobs with missing requirements
2026-04-01 21:10:15,693 - core.crawler_engine.spiders.job51_v2 - INFO - Parsed 20 jobs from 51job page, filtered=0
2026-04-01 21:10:15,693 - core.crawler_engine.spiders.job51_v2 - INFO - Field validation: total=20, req_rate=15.0%, desc_rate=100.0%, jd_rate=100.0%
2026-04-01 21:10:15,695 - core.crawler_engine.spiders.job51_v2 - INFO - Enhanced 17 jobs with missing requirements
2026-04-01 21:12:22,008 - core.crawler_engine.spiders.job51_v2 - INFO - Parsed 20 jobs from 51job page, filtered=0
2026-04-01 21:12:22,008 - core.crawler_engine.spiders.job51_v2 - INFO - Field validation: total=20, req_rate=0.0%, desc_rate=100.0%, jd_rate=100.0%
2026-04-01 21:12:22,010 - core.crawler_engine.spiders.job51_v2 - INFO - Enhanced 20 jobs with missing requirements
2026-04-01 21:14:30,344 - core.crawler_engine.spiders.job51_v2 - INFO - Parsed 19 jobs from 51job page, filtered=1
2026-04-01 21:14:30,357 - core.crawler_engine.spiders.job51_v2 - INFO - Field validation: total=19, req_rate=0.0%, desc_rate=100.0%, jd_rate=100.0%
2026-04-01 21:14:30,369 - core.crawler_engine.spiders.job51_v2 - INFO - Enhanced 19 jobs with missing requirements
2026-04-01 21:16:31,164 - core.crawler_engine.spiders.job51_v2 - INFO - Parsed 20 jobs from 51job page, filtered=0
2026-04-01 21:16:31,164 - core.crawler_engine.spiders.job51_v2 - INFO - Field validation: total=20, req_rate=0.0%, desc_rate=100.0%, jd_rate=100.0%
2026-04-01 21:16:31,166 - core.crawler_engine.spiders.job51_v2 - INFO - Enhanced 20 jobs with missing requirements
2026-04-01 21:18:39,108 - core.crawler_engine.spiders.job51_v2 - INFO - Parsed 20 jobs from 51job page, filtered=0
2026-04-01 21:18:39,108 - core.crawler_engine.spiders.job51_v2 - INFO - Field validation: total=20, req_rate=0.0%, desc_rate=100.0%, jd_rate=100.0%
2026-04-01 21:18:39,109 - core.crawler_engine.spiders.job51_v2 - INFO - Enhanced 20 jobs with missing requirements
2026-04-01 21:20:33,739 - core.crawler_engine.spiders.job51_v2 - INFO - Parsed 18 jobs from 51job page, filtered=2
2026-04-01 21:20:33,740 - core.crawler_engine.spiders.job51_v2 - INFO - Field validation: total=18, req_rate=0.0%, desc_rate=100.0%, jd_rate=100.0%
2026-04-01 21:20:33,743 - core.crawler_engine.spiders.job51_v2 - INFO - Enhanced 18 jobs with missing requirements
2026-04-01 21:22:22,223 - core.crawler_engine.spiders.job51_v2 - INFO - Parsed 20 jobs from 51job page, filtered=0
2026-04-01 21:22:22,223 - core.crawler_engine.spiders.job51_v2 - INFO - Field validation: total=20, req_rate=0.0%, desc_rate=100.0%, jd_rate=100.0%
2026-04-01 21:22:22,229 - core.crawler_engine.spiders.job51_v2 - INFO - Enhanced 20 jobs with missing requirements
2026-04-01 21:24:14,508 - core.crawler_engine.spiders.job51_v2 - INFO - Parsed 20 jobs from 51job page, filtered=0
2026-04-01 21:24:14,509 - core.crawler_engine.spiders.job51_v2 - INFO - Field validation: total=20, req_rate=0.0%, desc_rate=100.0%, jd_rate=100.0%
2026-04-01 21:24:14,510 - core.crawler_engine.spiders.job51_v2 - INFO - Enhanced 20 jobs with missing requirements
2026-04-01 21:25:59,512 - core.crawler_engine.spiders.job51_v2 - INFO - Parsed 20 jobs from 51job page, filtered=0
2026-04-01 21:25:59,513 - core.crawler_engine.spiders.job51_v2 - INFO - Field validation: total=20, req_rate=0.0%, desc_rate=100.0%, jd_rate=100.0%
2026-04-01 21:25:59,515 - core.crawler_engine.spiders.job51_v2 - INFO - Enhanced 20 jobs with missing requirements
2026-04-01 21:27:51,513 - core.crawler_engine.spiders.job51_v2 - INFO - Parsed 20 jobs from 51job page, filtered=0
2026-04-01 21:27:51,514 - core.crawler_engine.spiders.job51_v2 - INFO - Field validation: total=20, req_rate=10.0%, desc_rate=100.0%, jd_rate=100.0%
2026-04-01 21:27:51,516 - core.crawler_engine.spiders.job51_v2 - INFO - Enhanced 18 jobs with missing requirements
