2026-04-01 00:09:52,275 - __main__ - INFO - ================================================================================
2026-04-01 00:09:52,276 - __main__ - INFO - 📂 加载官网爬虫数据
2026-04-01 00:09:52,277 - __main__ - INFO - ================================================================================
2026-04-01 00:09:52,279 - __main__ - INFO - 📄 找到文件: c:\Users\Lenovo\projects\ResuMiner_main\release_data\internship_shanghai_latest.csv
2026-04-01 00:09:52,431 - __main__ - INFO - ✅ 加载 2932 条官网岗位
2026-04-01 00:09:52,431 - __main__ - INFO - 
================================================================================
2026-04-01 00:09:52,432 - __main__ - INFO - 📂 加载第三方平台数据
2026-04-01 00:09:52,433 - __main__ - INFO - ================================================================================
2026-04-01 00:09:52,433 - __main__ - WARNING - ⚠️ 未找到第三方平台数据文件
2026-04-01 00:09:52,434 - __main__ - INFO - 
================================================================================
2026-04-01 00:09:52,434 - __main__ - INFO - 🔄 合并数据并去重
2026-04-01 00:09:52,434 - __main__ - INFO - ================================================================================
2026-04-01 00:09:52,435 - __main__ - INFO - 合并前: 2932 + 0 = 2932 条
2026-04-01 00:09:52,439 - __main__ - INFO - 去重后: 2690 条 (去重 242 条)
2026-04-01 00:09:52,652 - __main__ - INFO - 💾 原始数据已保存: C:\Users\Lenovo\projects\ResuMiner_Integrated\data\raw\integrated_jobs_20260401_000952.json
2026-04-01 00:09:52,652 - __main__ - INFO - 
================================================================================
2026-04-01 00:09:52,653 - __main__ - INFO - 🎯 开始简历匹配
2026-04-01 00:09:52,653 - __main__ - INFO - ================================================================================
2026-04-01 00:09:53,061 - __main__ - INFO - 📄 加载简历: c:\Users\Lenovo\projects\ResuMiner\my_resume.json
2026-04-01 00:09:53,062 - __main__ - INFO - 📄 简历: 唐圣昕
2026-04-01 00:10:13,555 - matcher.scoring.semantic_scorer - INFO - 加载语义模型: paraphrase-multilingual-MiniLM-L12-v2
2026-04-01 00:10:13,558 - sentence_transformers.SentenceTransformer - INFO - Use pytorch device_name: cpu
2026-04-01 00:10:13,558 - sentence_transformers.SentenceTransformer - INFO - Load pretrained SentenceTransformer: paraphrase-multilingual-MiniLM-L12-v2
2026-04-01 00:10:17,566 - httpx - INFO - HTTP Request: HEAD https://huggingface.co/sentence-transformers/paraphrase-multilingual-MiniLM-L12-v2/resolve/main/modules.json "HTTP/1.1 307 Temporary Redirect"
2026-04-01 00:10:17,788 - httpx - INFO - HTTP Request: HEAD https://huggingface.co/api/resolve-cache/models/sentence-transformers/paraphrase-multilingual-MiniLM-L12-v2/e8f8c211226b894fcb81acc59f3b34ba3efd5f42/modules.json "HTTP/1.1 200 OK"
2026-04-01 00:10:18,197 - httpx - INFO - HTTP Request: HEAD https://huggingface.co/sentence-transformers/paraphrase-multilingual-MiniLM-L12-v2/resolve/main/config_sentence_transformers.json "HTTP/1.1 307 Temporary Redirect"
2026-04-01 00:10:18,433 - httpx - INFO - HTTP Request: HEAD https://huggingface.co/api/resolve-cache/models/sentence-transformers/paraphrase-multilingual-MiniLM-L12-v2/e8f8c211226b894fcb81acc59f3b34ba3efd5f42/config_sentence_transformers.json "HTTP/1.1 200 OK"
2026-04-01 00:10:18,914 - httpx - INFO - HTTP Request: HEAD https://huggingface.co/sentence-transformers/paraphrase-multilingual-MiniLM-L12-v2/resolve/main/config_sentence_transformers.json "HTTP/1.1 307 Temporary Redirect"
2026-04-01 00:10:19,365 - httpx - INFO - HTTP Request: HEAD https://huggingface.co/api/resolve-cache/models/sentence-transformers/paraphrase-multilingual-MiniLM-L12-v2/e8f8c211226b894fcb81acc59f3b34ba3efd5f42/config_sentence_transformers.json "HTTP/1.1 200 OK"
2026-04-01 00:10:19,765 - httpx - INFO - HTTP Request: HEAD https://huggingface.co/sentence-transformers/paraphrase-multilingual-MiniLM-L12-v2/resolve/main/README.md "HTTP/1.1 307 Temporary Redirect"
2026-04-01 00:10:19,766 - huggingface_hub.utils._http - WARNING - Warning: You are sending unauthenticated requests to the HF Hub. Please set a HF_TOKEN to enable higher rate limits and faster downloads.
2026-04-01 00:10:19,934 - httpx - INFO - HTTP Request: HEAD https://huggingface.co/api/resolve-cache/models/sentence-transformers/paraphrase-multilingual-MiniLM-L12-v2/e8f8c211226b894fcb81acc59f3b34ba3efd5f42/README.md "HTTP/1.1 200 OK"
2026-04-01 00:10:20,367 - httpx - INFO - HTTP Request: HEAD https://huggingface.co/sentence-transformers/paraphrase-multilingual-MiniLM-L12-v2/resolve/main/modules.json "HTTP/1.1 307 Temporary Redirect"
2026-04-01 00:10:20,768 - httpx - INFO - HTTP Request: HEAD https://huggingface.co/api/resolve-cache/models/sentence-transformers/paraphrase-multilingual-MiniLM-L12-v2/e8f8c211226b894fcb81acc59f3b34ba3efd5f42/modules.json "HTTP/1.1 200 OK"
2026-04-01 00:10:21,205 - httpx - INFO - HTTP Request: HEAD https://huggingface.co/sentence-transformers/paraphrase-multilingual-MiniLM-L12-v2/resolve/main/sentence_bert_config.json "HTTP/1.1 307 Temporary Redirect"
2026-04-01 00:10:21,377 - httpx - INFO - HTTP Request: HEAD https://huggingface.co/api/resolve-cache/models/sentence-transformers/paraphrase-multilingual-MiniLM-L12-v2/e8f8c211226b894fcb81acc59f3b34ba3efd5f42/sentence_bert_config.json "HTTP/1.1 200 OK"
2026-04-01 00:10:21,794 - httpx - INFO - HTTP Request: HEAD https://huggingface.co/sentence-transformers/paraphrase-multilingual-MiniLM-L12-v2/resolve/main/adapter_config.json "HTTP/1.1 404 Not Found"
2026-04-01 00:10:22,246 - httpx - INFO - HTTP Request: HEAD https://huggingface.co/sentence-transformers/paraphrase-multilingual-MiniLM-L12-v2/resolve/main/config.json "HTTP/1.1 307 Temporary Redirect"
2026-04-01 00:10:22,476 - httpx - INFO - HTTP Request: HEAD https://huggingface.co/api/resolve-cache/models/sentence-transformers/paraphrase-multilingual-MiniLM-L12-v2/e8f8c211226b894fcb81acc59f3b34ba3efd5f42/config.json "HTTP/1.1 200 OK"
2026-04-01 00:10:23,288 - httpx - INFO - HTTP Request: HEAD https://huggingface.co/sentence-transformers/paraphrase-multilingual-MiniLM-L12-v2/resolve/main/config.json "HTTP/1.1 307 Temporary Redirect"
2026-04-01 00:10:23,474 - httpx - INFO - HTTP Request: HEAD https://huggingface.co/api/resolve-cache/models/sentence-transformers/paraphrase-multilingual-MiniLM-L12-v2/e8f8c211226b894fcb81acc59f3b34ba3efd5f42/config.json "HTTP/1.1 200 OK"
2026-04-01 00:10:24,216 - httpx - INFO - HTTP Request: HEAD https://huggingface.co/sentence-transformers/paraphrase-multilingual-MiniLM-L12-v2/resolve/main/tokenizer_config.json "HTTP/1.1 307 Temporary Redirect"
2026-04-01 00:10:24,420 - httpx - INFO - HTTP Request: HEAD https://huggingface.co/api/resolve-cache/models/sentence-transformers/paraphrase-multilingual-MiniLM-L12-v2/e8f8c211226b894fcb81acc59f3b34ba3efd5f42/tokenizer_config.json "HTTP/1.1 200 OK"
2026-04-01 00:10:24,857 - httpx - INFO - HTTP Request: HEAD https://huggingface.co/sentence-transformers/paraphrase-multilingual-MiniLM-L12-v2/resolve/main/tokenizer_config.json "HTTP/1.1 307 Temporary Redirect"
2026-04-01 00:10:25,126 - httpx - INFO - HTTP Request: HEAD https://huggingface.co/api/resolve-cache/models/sentence-transformers/paraphrase-multilingual-MiniLM-L12-v2/e8f8c211226b894fcb81acc59f3b34ba3efd5f42/tokenizer_config.json "HTTP/1.1 200 OK"
2026-04-01 00:10:25,797 - httpx - INFO - HTTP Request: GET https://huggingface.co/api/models/sentence-transformers/paraphrase-multilingual-MiniLM-L12-v2/tree/main/additional_chat_templates?recursive=false&expand=false "HTTP/1.1 404 Not Found"
2026-04-01 00:10:26,214 - httpx - INFO - HTTP Request: GET https://huggingface.co/api/models/sentence-transformers/paraphrase-multilingual-MiniLM-L12-v2/tree/main?recursive=true&expand=false "HTTP/1.1 200 OK"
2026-04-01 00:10:30,204 - httpx - INFO - HTTP Request: GET https://huggingface.co/api/models/sentence-transformers/paraphrase-multilingual-MiniLM-L12-v2 "HTTP/1.1 200 OK"
2026-04-01 00:10:31,068 - httpx - INFO - HTTP Request: HEAD https://huggingface.co/sentence-transformers/paraphrase-multilingual-MiniLM-L12-v2/resolve/main/1_Pooling/config.json "HTTP/1.1 307 Temporary Redirect"
2026-04-01 00:10:31,716 - httpx - INFO - HTTP Request: HEAD https://huggingface.co/api/resolve-cache/models/sentence-transformers/paraphrase-multilingual-MiniLM-L12-v2/e8f8c211226b894fcb81acc59f3b34ba3efd5f42/1_Pooling%2Fconfig.json "HTTP/1.1 200 OK"
2026-04-01 00:10:32,185 - httpx - INFO - HTTP Request: GET https://huggingface.co/api/models/sentence-transformers/paraphrase-multilingual-MiniLM-L12-v2 "HTTP/1.1 200 OK"
2026-04-01 00:10:32,199 - matcher.core.matcher - INFO - 开始匹配: 简历 唐圣昕 vs 2690 个岗位
2026-04-01 00:10:32,200 - matcher.core.matcher - INFO - Phase 1: 硬性规则过滤...
2026-04-01 00:10:32,203 - matcher.filters.hard_filter - INFO - 硬性过滤完成: 2690 通过, 0 被拒绝
2026-04-01 00:10:32,204 - matcher.core.matcher - INFO - 硬性过滤完成: 2690 通过, 0 被拒绝
2026-04-01 00:10:32,204 - matcher.core.matcher - INFO - Phase 2: 语义打分...
2026-04-01 00:28:16,947 - matcher.core.matcher - INFO - 语义打分完成，Top 100 岗位已排序
2026-04-01 00:28:16,948 - matcher.core.matcher - INFO - Phase 3: 生成匹配报告...
2026-04-01 00:28:16,969 - matcher.scoring.match_reporter - INFO - 匹配报告已生成: data\output\matcher\match_report_20260401_002816.md
2026-04-01 00:28:16,971 - __main__ - INFO - ✅ 匹配完成: 100 个匹配岗位
2026-04-01 00:28:16,973 - __main__ - INFO - 
================================================================================
2026-04-01 00:28:16,973 - __main__ - INFO - 📊 生成匹配报告
2026-04-01 00:28:16,974 - __main__ - INFO - ================================================================================
2026-04-01 00:28:16,984 - __main__ - ERROR - ❌ 生成报告出错: 'ApplicationReportGenerator' object has no attribute 'generate_report'
2026-04-01 00:28:16,989 - __main__ - ERROR - Traceback (most recent call last):
  File "C:\Users\Lenovo\projects\ResuMiner_Integrated\bin\run_with_existing_data.py", line 230, in generate_reports
    report_path = generator.generate_report(result)
                  ^^^^^^^^^^^^^^^^^^^^^^^^^
AttributeError: 'ApplicationReportGenerator' object has no attribute 'generate_report'

