2026-04-01 17:30:40,554 - __main__ - INFO - ================================================================================
2026-04-01 17:30:40,554 - __main__ - INFO - 📂 加载官网爬虫数据
2026-04-01 17:30:40,555 - __main__ - INFO - ================================================================================
2026-04-01 17:30:40,563 - __main__ - INFO - 📄 找到原始数据: c:\Users\Lenovo\projects\ResuMiner_main\release_data\official_jobs_raw_latest.csv
2026-04-01 17:30:40,753 - __main__ - INFO - ✅ 加载 1971 条官网原始岗位
2026-04-01 17:30:40,754 - __main__ - INFO - 📄 找到上海实习数据: c:\Users\Lenovo\projects\ResuMiner_main\release_data\internship_shanghai_latest.csv
2026-04-01 17:30:40,986 - __main__ - INFO - ✅ 加载 2932 条上海实习岗位
2026-04-01 17:30:40,987 - __main__ - INFO - 📄 检查 outputs/raw 目录
2026-04-01 17:30:40,995 - __main__ - INFO - ✅ 加载 20 条 alibaba 岗位
2026-04-01 17:30:41,405 - __main__ - INFO - ✅ 加载 1801 条 bytedance 岗位
2026-04-01 17:30:41,416 - __main__ - INFO - 
📊 官网数据总计: 6724 条
2026-04-01 17:30:41,419 - __main__ - INFO - 
================================================================================
2026-04-01 17:30:41,421 - __main__ - INFO - 📂 加载第三方平台数据
2026-04-01 17:30:41,421 - __main__ - INFO - ================================================================================
2026-04-01 17:30:41,425 - __main__ - INFO - 📄 找到51job数据: c:\Users\Lenovo\projects\ResuMiner\data\output\job51\job51_data_v2_20260328_210655.json
2026-04-01 17:30:42,458 - __main__ - INFO - ✅ 加载 3924 条51job岗位
2026-04-01 17:30:42,465 - __main__ - INFO - 📄 找到猎聘数据: c:\Users\Lenovo\projects\ResuMiner\data\output\liepin\liepin_data_20260328_143025.json
2026-04-01 17:30:43,760 - __main__ - INFO - ✅ 加载 16417 条猎聘岗位
2026-04-01 17:30:43,761 - __main__ - INFO - ✅ 第三方平台共加载 20341 条岗位
2026-04-01 17:30:43,762 - __main__ - INFO - 
================================================================================
2026-04-01 17:30:43,763 - __main__ - INFO - 🔄 合并数据并去重
2026-04-01 17:30:43,763 - __main__ - INFO - ================================================================================
2026-04-01 17:30:43,765 - __main__ - INFO - 合并前: 6724 + 20341 = 27065 条
2026-04-01 17:30:43,815 - __main__ - INFO - 去重后: 6787 条 (去重 20278 条)
2026-04-01 17:30:43,816 - __main__ - INFO - 
================================================================================
2026-04-01 17:30:43,816 - __main__ - INFO - 🎯 硬性条件过滤：仅保留上海岗位
2026-04-01 17:30:43,817 - __main__ - INFO - ================================================================================
2026-04-01 17:30:43,828 - __main__ - INFO - 上海岗位: 5330 条 (过滤掉 1457 条非上海岗位)
2026-04-01 17:30:44,859 - __main__ - INFO - 💾 原始数据已保存: C:\Users\Lenovo\projects\ResuMiner_Integrated\data\raw\integrated_jobs_20260401_173043.json
2026-04-01 17:30:44,861 - __main__ - INFO - 
================================================================================
2026-04-01 17:30:44,861 - __main__ - INFO - 🎯 开始简历匹配
2026-04-01 17:30:44,862 - __main__ - INFO - ================================================================================
2026-04-01 17:30:45,338 - __main__ - INFO - 📄 加载简历: c:\Users\Lenovo\projects\ResuMiner\my_resume.json
2026-04-01 17:30:45,339 - __main__ - INFO - 📄 简历: 唐圣昕
2026-04-01 17:31:18,326 - matcher.scoring.semantic_scorer - INFO - 加载语义模型: paraphrase-multilingual-MiniLM-L12-v2
2026-04-01 17:31:18,346 - sentence_transformers.SentenceTransformer - INFO - Use pytorch device_name: cpu
2026-04-01 17:31:18,351 - sentence_transformers.SentenceTransformer - INFO - Load pretrained SentenceTransformer: paraphrase-multilingual-MiniLM-L12-v2
2026-04-01 17:31:25,332 - httpx - INFO - HTTP Request: HEAD https://huggingface.co/sentence-transformers/paraphrase-multilingual-MiniLM-L12-v2/resolve/main/modules.json "HTTP/1.1 307 Temporary Redirect"
2026-04-01 17:31:25,416 - httpx - INFO - HTTP Request: HEAD https://huggingface.co/api/resolve-cache/models/sentence-transformers/paraphrase-multilingual-MiniLM-L12-v2/e8f8c211226b894fcb81acc59f3b34ba3efd5f42/modules.json "HTTP/1.1 200 OK"
2026-04-01 17:31:25,739 - httpx - INFO - HTTP Request: HEAD https://huggingface.co/sentence-transformers/paraphrase-multilingual-MiniLM-L12-v2/resolve/main/config_sentence_transformers.json "HTTP/1.1 307 Temporary Redirect"
2026-04-01 17:31:25,742 - huggingface_hub.utils._http - WARNING - Warning: You are sending unauthenticated requests to the HF Hub. Please set a HF_TOKEN to enable higher rate limits and faster downloads.
2026-04-01 17:31:25,816 - httpx - INFO - HTTP Request: HEAD https://huggingface.co/api/resolve-cache/models/sentence-transformers/paraphrase-multilingual-MiniLM-L12-v2/e8f8c211226b894fcb81acc59f3b34ba3efd5f42/config_sentence_transformers.json "HTTP/1.1 200 OK"
2026-04-01 17:31:26,132 - httpx - INFO - HTTP Request: HEAD https://huggingface.co/sentence-transformers/paraphrase-multilingual-MiniLM-L12-v2/resolve/main/config_sentence_transformers.json "HTTP/1.1 307 Temporary Redirect"
2026-04-01 17:31:26,233 - httpx - INFO - HTTP Request: HEAD https://huggingface.co/api/resolve-cache/models/sentence-transformers/paraphrase-multilingual-MiniLM-L12-v2/e8f8c211226b894fcb81acc59f3b34ba3efd5f42/config_sentence_transformers.json "HTTP/1.1 200 OK"
2026-04-01 17:31:26,735 - httpx - INFO - HTTP Request: HEAD https://huggingface.co/sentence-transformers/paraphrase-multilingual-MiniLM-L12-v2/resolve/main/README.md "HTTP/1.1 307 Temporary Redirect"
2026-04-01 17:31:27,048 - httpx - INFO - HTTP Request: HEAD https://huggingface.co/api/resolve-cache/models/sentence-transformers/paraphrase-multilingual-MiniLM-L12-v2/e8f8c211226b894fcb81acc59f3b34ba3efd5f42/README.md "HTTP/1.1 200 OK"
2026-04-01 17:31:27,389 - httpx - INFO - HTTP Request: HEAD https://huggingface.co/sentence-transformers/paraphrase-multilingual-MiniLM-L12-v2/resolve/main/modules.json "HTTP/1.1 307 Temporary Redirect"
2026-04-01 17:31:27,589 - httpx - INFO - HTTP Request: HEAD https://huggingface.co/api/resolve-cache/models/sentence-transformers/paraphrase-multilingual-MiniLM-L12-v2/e8f8c211226b894fcb81acc59f3b34ba3efd5f42/modules.json "HTTP/1.1 200 OK"
2026-04-01 17:31:28,012 - httpx - INFO - HTTP Request: HEAD https://huggingface.co/sentence-transformers/paraphrase-multilingual-MiniLM-L12-v2/resolve/main/sentence_bert_config.json "HTTP/1.1 307 Temporary Redirect"
2026-04-01 17:31:28,091 - httpx - INFO - HTTP Request: HEAD https://huggingface.co/api/resolve-cache/models/sentence-transformers/paraphrase-multilingual-MiniLM-L12-v2/e8f8c211226b894fcb81acc59f3b34ba3efd5f42/sentence_bert_config.json "HTTP/1.1 200 OK"
2026-04-01 17:31:28,407 - httpx - INFO - HTTP Request: HEAD https://huggingface.co/sentence-transformers/paraphrase-multilingual-MiniLM-L12-v2/resolve/main/adapter_config.json "HTTP/1.1 404 Not Found"
2026-04-01 17:31:28,697 - httpx - INFO - HTTP Request: HEAD https://huggingface.co/sentence-transformers/paraphrase-multilingual-MiniLM-L12-v2/resolve/main/config.json "HTTP/1.1 307 Temporary Redirect"
2026-04-01 17:31:28,775 - httpx - INFO - HTTP Request: HEAD https://huggingface.co/api/resolve-cache/models/sentence-transformers/paraphrase-multilingual-MiniLM-L12-v2/e8f8c211226b894fcb81acc59f3b34ba3efd5f42/config.json "HTTP/1.1 200 OK"
2026-04-01 17:31:30,250 - httpx - INFO - HTTP Request: HEAD https://huggingface.co/sentence-transformers/paraphrase-multilingual-MiniLM-L12-v2/resolve/main/config.json "HTTP/1.1 307 Temporary Redirect"
2026-04-01 17:31:30,325 - httpx - INFO - HTTP Request: HEAD https://huggingface.co/api/resolve-cache/models/sentence-transformers/paraphrase-multilingual-MiniLM-L12-v2/e8f8c211226b894fcb81acc59f3b34ba3efd5f42/config.json "HTTP/1.1 200 OK"
2026-04-01 17:31:30,871 - httpx - INFO - HTTP Request: HEAD https://huggingface.co/sentence-transformers/paraphrase-multilingual-MiniLM-L12-v2/resolve/main/tokenizer_config.json "HTTP/1.1 307 Temporary Redirect"
2026-04-01 17:31:30,970 - httpx - INFO - HTTP Request: HEAD https://huggingface.co/api/resolve-cache/models/sentence-transformers/paraphrase-multilingual-MiniLM-L12-v2/e8f8c211226b894fcb81acc59f3b34ba3efd5f42/tokenizer_config.json "HTTP/1.1 200 OK"
2026-04-01 17:31:31,527 - httpx - INFO - HTTP Request: HEAD https://huggingface.co/sentence-transformers/paraphrase-multilingual-MiniLM-L12-v2/resolve/main/tokenizer_config.json "HTTP/1.1 307 Temporary Redirect"
2026-04-01 17:31:32,495 - httpx - INFO - HTTP Request: HEAD https://huggingface.co/api/resolve-cache/models/sentence-transformers/paraphrase-multilingual-MiniLM-L12-v2/e8f8c211226b894fcb81acc59f3b34ba3efd5f42/tokenizer_config.json "HTTP/1.1 200 OK"
2026-04-01 17:31:33,486 - httpx - INFO - HTTP Request: GET https://huggingface.co/api/models/sentence-transformers/paraphrase-multilingual-MiniLM-L12-v2/tree/main/additional_chat_templates?recursive=false&expand=false "HTTP/1.1 404 Not Found"
2026-04-01 17:31:33,971 - httpx - INFO - HTTP Request: GET https://huggingface.co/api/models/sentence-transformers/paraphrase-multilingual-MiniLM-L12-v2/tree/main?recursive=true&expand=false "HTTP/1.1 200 OK"
2026-04-01 17:31:40,465 - httpx - INFO - HTTP Request: GET https://huggingface.co/api/models/sentence-transformers/paraphrase-multilingual-MiniLM-L12-v2 "HTTP/1.1 200 OK"
2026-04-01 17:31:42,066 - httpx - INFO - HTTP Request: HEAD https://huggingface.co/sentence-transformers/paraphrase-multilingual-MiniLM-L12-v2/resolve/main/1_Pooling/config.json "HTTP/1.1 307 Temporary Redirect"
2026-04-01 17:31:42,147 - httpx - INFO - HTTP Request: HEAD https://huggingface.co/api/resolve-cache/models/sentence-transformers/paraphrase-multilingual-MiniLM-L12-v2/e8f8c211226b894fcb81acc59f3b34ba3efd5f42/1_Pooling%2Fconfig.json "HTTP/1.1 200 OK"
2026-04-01 17:31:42,457 - httpx - INFO - HTTP Request: GET https://huggingface.co/api/models/sentence-transformers/paraphrase-multilingual-MiniLM-L12-v2 "HTTP/1.1 200 OK"
2026-04-01 17:31:42,538 - matcher.core.matcher - INFO - 开始匹配: 简历 唐圣昕 vs 5330 个岗位
2026-04-01 17:31:42,542 - matcher.core.matcher - INFO - Phase 1: 硬性规则过滤...
2026-04-01 17:31:42,559 - matcher.filters.hard_filter - INFO - 硬性过滤完成: 5330 通过, 0 被拒绝
2026-04-01 17:31:42,563 - matcher.core.matcher - INFO - 硬性过滤完成: 5330 通过, 0 被拒绝
2026-04-01 17:31:42,570 - matcher.core.matcher - INFO - Phase 2: 语义打分...
2026-04-01 18:23:22,798 - matcher.core.matcher - INFO - 语义打分完成，Top 100 岗位已排序
2026-04-01 18:23:22,803 - matcher.core.matcher - INFO - Phase 3: 生成匹配报告...
2026-04-01 18:23:22,835 - matcher.scoring.match_reporter - INFO - 匹配报告已生成: c:\Users\Lenovo\projects\ResuMiner_Integrated\data\output\matcher\match_report_20260401_182322.md
2026-04-01 18:23:22,841 - __main__ - INFO - ✅ 匹配完成: 100 个匹配岗位
2026-04-01 18:23:22,844 - __main__ - INFO - 
================================================================================
2026-04-01 18:23:22,844 - __main__ - INFO - 📊 生成投递策略报告
2026-04-01 18:23:22,845 - __main__ - INFO - ================================================================================
2026-04-01 18:23:22,933 - __main__ - INFO - ✅ 投递报告已生成: c:\Users\Lenovo\projects\ResuMiner_Integrated\data\output\application_reports\application_report_20260401_182322.md
