2025-12-04 22:19:28,253 INFO bootstrap cookies count=1 names=['__jsluid_s']
2025-12-04 22:19:28,818 INFO fetch url=https://www.shixiseng.com/intern/inn_xueojkxwioky?pcm=pc_SearchList status=200 ms=565 cookies=1 render=False
2025-12-04 22:19:28,874 INFO incomplete -> retry url=https://www.shixiseng.com/intern/inn_xueojkxwioky?pcm=pc_SearchList
2025-12-04 22:19:32,614 INFO fetch url=https://www.shixiseng.com/intern/inn_xueojkxwioky?pcm=pc_SearchList status=200 ms=302 cookies=1 render=False
2025-12-04 22:19:37,274 INFO fetch url=https://www.shixiseng.com/intern/inn_xueojkxwioky?pcm=pc_SearchList status=200 ms=420 cookies=1 render=False
2025-12-04 22:19:40,458 INFO fetch url=https://www.shixiseng.com/intern/inn_nzeybyruqgev?pcm=pc_SearchList status=200 ms=437 cookies=1 render=False
2025-12-04 22:19:40,509 INFO incomplete -> retry url=https://www.shixiseng.com/intern/inn_nzeybyruqgev?pcm=pc_SearchList
2025-12-04 22:19:43,110 INFO fetch url=https://www.shixiseng.com/intern/inn_nzeybyruqgev?pcm=pc_SearchList status=200 ms=273 cookies=1 render=False
2025-12-04 22:19:47,256 INFO fetch url=https://www.shixiseng.com/intern/inn_nzeybyruqgev?pcm=pc_SearchList status=200 ms=397 cookies=1 render=False
2025-12-04 22:19:51,469 INFO fetch url=https://www.shixiseng.com/intern/inn_l5qrfw8bkujk?pcm=pc_SearchList status=200 ms=493 cookies=1 render=False
2025-12-04 22:19:51,532 INFO incomplete -> retry url=https://www.shixiseng.com/intern/inn_l5qrfw8bkujk?pcm=pc_SearchList
2025-12-04 22:19:55,594 INFO fetch url=https://www.shixiseng.com/intern/inn_l5qrfw8bkujk?pcm=pc_SearchList status=200 ms=504 cookies=1 render=False
2025-12-04 22:20:00,569 INFO fetch url=https://www.shixiseng.com/intern/inn_l5qrfw8bkujk?pcm=pc_SearchList status=200 ms=275 cookies=1 render=False
2025-12-04 22:20:03,090 INFO fetch url=https://www.shixiseng.com/intern/inn_cdaejqwcip4o?pcm=pc_SearchList status=200 ms=351 cookies=1 render=False
2025-12-04 22:20:03,141 INFO incomplete -> retry url=https://www.shixiseng.com/intern/inn_cdaejqwcip4o?pcm=pc_SearchList
2025-12-04 22:20:08,043 INFO fetch url=https://www.shixiseng.com/intern/inn_cdaejqwcip4o?pcm=pc_SearchList status=200 ms=324 cookies=1 render=False
2025-12-04 22:20:12,659 INFO fetch url=https://www.shixiseng.com/intern/inn_cdaejqwcip4o?pcm=pc_SearchList status=200 ms=438 cookies=1 render=False
2025-12-04 22:20:16,808 INFO fetch url=https://www.shixiseng.com/intern/inn_tnmuwrtb602r?pcm=pc_SearchList status=200 ms=334 cookies=1 render=False
2025-12-04 22:20:16,850 INFO incomplete -> retry url=https://www.shixiseng.com/intern/inn_tnmuwrtb602r?pcm=pc_SearchList
2025-12-04 22:20:22,249 INFO fetch url=https://www.shixiseng.com/intern/inn_tnmuwrtb602r?pcm=pc_SearchList status=200 ms=411 cookies=1 render=False
2025-12-04 22:20:26,387 INFO fetch url=https://www.shixiseng.com/intern/inn_tnmuwrtb602r?pcm=pc_SearchList status=200 ms=323 cookies=1 render=False
2025-12-04 22:20:29,156 INFO fetch url=https://www.shixiseng.com/intern/inn_e9g7szvxrvab?pcm=pc_SearchList status=200 ms=332 cookies=1 render=False
2025-12-04 22:20:29,199 INFO incomplete -> retry url=https://www.shixiseng.com/intern/inn_e9g7szvxrvab?pcm=pc_SearchList
2025-12-04 22:20:31,527 INFO fetch url=https://www.shixiseng.com/intern/inn_e9g7szvxrvab?pcm=pc_SearchList status=200 ms=260 cookies=1 render=False
2025-12-04 22:20:35,859 INFO fetch url=https://www.shixiseng.com/intern/inn_e9g7szvxrvab?pcm=pc_SearchList status=200 ms=447 cookies=1 render=False
2025-12-04 22:20:39,024 INFO fetch url=https://www.shixiseng.com/intern/inn_lhqrgcbe2qif?pcm=pc_SearchList status=200 ms=330 cookies=1 render=False
2025-12-04 22:20:39,077 INFO incomplete -> retry url=https://www.shixiseng.com/intern/inn_lhqrgcbe2qif?pcm=pc_SearchList
2025-12-04 22:20:42,526 INFO fetch url=https://www.shixiseng.com/intern/inn_lhqrgcbe2qif?pcm=pc_SearchList status=200 ms=467 cookies=1 render=False
2025-12-04 22:20:44,930 INFO fetch url=https://www.shixiseng.com/intern/inn_lhqrgcbe2qif?pcm=pc_SearchList status=200 ms=323 cookies=1 render=False
2025-12-04 22:20:47,781 INFO fetch url=https://www.shixiseng.com/intern/inn_qsxuzrj1nsgp?pcm=pc_SearchList status=200 ms=331 cookies=1 render=False
2025-12-04 22:20:47,823 INFO incomplete -> retry url=https://www.shixiseng.com/intern/inn_qsxuzrj1nsgp?pcm=pc_SearchList
2025-12-04 22:20:50,241 INFO fetch url=https://www.shixiseng.com/intern/inn_qsxuzrj1nsgp?pcm=pc_SearchList status=200 ms=276 cookies=1 render=False
2025-12-04 22:20:56,129 INFO fetch url=https://www.shixiseng.com/intern/inn_qsxuzrj1nsgp?pcm=pc_SearchList status=200 ms=884 cookies=1 render=False
2025-12-04 22:21:00,041 INFO fetch url=https://www.shixiseng.com/intern/inn_1lvhawz4jiq1?pcm=pc_SearchList status=200 ms=273 cookies=1 render=False
2025-12-04 22:21:00,075 INFO incomplete -> retry url=https://www.shixiseng.com/intern/inn_1lvhawz4jiq1?pcm=pc_SearchList
2025-12-04 22:21:04,542 INFO fetch url=https://www.shixiseng.com/intern/inn_1lvhawz4jiq1?pcm=pc_SearchList status=200 ms=351 cookies=1 render=False
2025-12-04 22:21:09,772 INFO fetch url=https://www.shixiseng.com/intern/inn_1lvhawz4jiq1?pcm=pc_SearchList status=200 ms=322 cookies=1 render=False
2025-12-04 22:21:13,264 INFO fetch url=https://www.shixiseng.com/intern/inn_lfhxwns1ji9s?pcm=pc_SearchList status=200 ms=388 cookies=1 render=False
2025-12-04 22:21:13,342 INFO incomplete -> retry url=https://www.shixiseng.com/intern/inn_lfhxwns1ji9s?pcm=pc_SearchList
2025-12-04 22:21:17,427 INFO fetch url=https://www.shixiseng.com/intern/inn_lfhxwns1ji9s?pcm=pc_SearchList status=200 ms=381 cookies=1 render=False
2025-12-04 22:21:20,556 INFO fetch url=https://www.shixiseng.com/intern/inn_lfhxwns1ji9s?pcm=pc_SearchList status=200 ms=421 cookies=1 render=False
2025-12-04 22:21:24,243 INFO fetch url=https://www.shixiseng.com/intern/inn_btm98npgwgio?pcm=pc_SearchList status=200 ms=518 cookies=1 render=False
2025-12-04 22:21:24,283 INFO incomplete -> retry url=https://www.shixiseng.com/intern/inn_btm98npgwgio?pcm=pc_SearchList
2025-12-04 22:21:28,614 INFO fetch url=https://www.shixiseng.com/intern/inn_btm98npgwgio?pcm=pc_SearchList status=200 ms=249 cookies=1 render=False
2025-12-04 22:21:32,121 INFO fetch url=https://www.shixiseng.com/intern/inn_btm98npgwgio?pcm=pc_SearchList status=200 ms=293 cookies=1 render=False
2025-12-04 22:21:34,734 INFO fetch url=https://www.shixiseng.com/intern/inn_g2na35bqsnts?pcm=pc_SearchList status=200 ms=483 cookies=1 render=False
2025-12-04 22:21:34,798 INFO incomplete -> retry url=https://www.shixiseng.com/intern/inn_g2na35bqsnts?pcm=pc_SearchList
2025-12-04 22:21:37,734 INFO fetch url=https://www.shixiseng.com/intern/inn_g2na35bqsnts?pcm=pc_SearchList status=200 ms=849 cookies=1 render=False
2025-12-04 22:21:43,075 INFO fetch url=https://www.shixiseng.com/intern/inn_g2na35bqsnts?pcm=pc_SearchList status=200 ms=390 cookies=1 render=False
2025-12-04 22:21:45,963 INFO fetch url=https://www.shixiseng.com/intern/inn_trhzwaulautp?pcm=pc_SearchList status=200 ms=764 cookies=1 render=False
2025-12-04 22:21:45,998 INFO incomplete -> retry url=https://www.shixiseng.com/intern/inn_trhzwaulautp?pcm=pc_SearchList
2025-12-04 22:21:50,970 INFO fetch url=https://www.shixiseng.com/intern/inn_trhzwaulautp?pcm=pc_SearchList status=200 ms=290 cookies=1 render=False
2025-12-04 22:21:55,721 INFO fetch url=https://www.shixiseng.com/intern/inn_trhzwaulautp?pcm=pc_SearchList status=200 ms=342 cookies=1 render=False
2025-12-04 22:21:58,358 INFO fetch url=https://www.shixiseng.com/intern/inn_9ifzf0yziikt?pcm=pc_SearchList status=200 ms=481 cookies=1 render=False
2025-12-04 22:21:58,405 INFO incomplete -> retry url=https://www.shixiseng.com/intern/inn_9ifzf0yziikt?pcm=pc_SearchList
2025-12-04 22:22:02,786 INFO fetch url=https://www.shixiseng.com/intern/inn_9ifzf0yziikt?pcm=pc_SearchList status=200 ms=288 cookies=1 render=False
2025-12-04 22:22:06,525 INFO fetch url=https://www.shixiseng.com/intern/inn_9ifzf0yziikt?pcm=pc_SearchList status=200 ms=540 cookies=1 render=False
2025-12-04 22:22:11,295 INFO fetch url=https://www.shixiseng.com/intern/inn_loatsaj649n3?pcm=pc_SearchList status=200 ms=413 cookies=1 render=False
2025-12-04 22:22:11,342 INFO incomplete -> retry url=https://www.shixiseng.com/intern/inn_loatsaj649n3?pcm=pc_SearchList
2025-12-04 22:22:14,039 INFO fetch url=https://www.shixiseng.com/intern/inn_loatsaj649n3?pcm=pc_SearchList status=200 ms=444 cookies=1 render=False
2025-12-04 22:22:17,404 INFO fetch url=https://www.shixiseng.com/intern/inn_loatsaj649n3?pcm=pc_SearchList status=200 ms=398 cookies=1 render=False
2025-12-04 22:22:20,219 INFO fetch url=https://www.shixiseng.com/intern/inn_tgiz6mvjcxsy?pcm=pc_SearchList status=200 ms=342 cookies=1 render=False
2025-12-04 22:22:20,276 INFO incomplete -> retry url=https://www.shixiseng.com/intern/inn_tgiz6mvjcxsy?pcm=pc_SearchList
2025-12-04 22:22:25,641 INFO fetch url=https://www.shixiseng.com/intern/inn_tgiz6mvjcxsy?pcm=pc_SearchList status=200 ms=393 cookies=1 render=False
2025-12-04 22:22:29,215 INFO fetch url=https://www.shixiseng.com/intern/inn_tgiz6mvjcxsy?pcm=pc_SearchList status=200 ms=431 cookies=1 render=False
2025-12-04 22:22:34,465 INFO fetch url=https://www.shixiseng.com/intern/inn_nzim8dnjmmji?pcm=pc_SearchList status=200 ms=341 cookies=1 render=False
2025-12-04 22:22:34,497 INFO incomplete -> retry url=https://www.shixiseng.com/intern/inn_nzim8dnjmmji?pcm=pc_SearchList
2025-12-04 22:22:37,568 INFO fetch url=https://www.shixiseng.com/intern/inn_nzim8dnjmmji?pcm=pc_SearchList status=200 ms=348 cookies=1 render=False
2025-12-04 22:22:41,813 INFO fetch url=https://www.shixiseng.com/intern/inn_nzim8dnjmmji?pcm=pc_SearchList status=200 ms=430 cookies=1 render=False
2025-12-04 22:22:47,446 INFO fetch url=https://www.shixiseng.com/intern/inn_owg7r9bjikjt?pcm=pc_SearchList status=200 ms=1455 cookies=1 render=False
2025-12-04 22:22:47,498 INFO incomplete -> retry url=https://www.shixiseng.com/intern/inn_owg7r9bjikjt?pcm=pc_SearchList
2025-12-04 22:22:52,012 INFO fetch url=https://www.shixiseng.com/intern/inn_owg7r9bjikjt?pcm=pc_SearchList status=200 ms=306 cookies=1 render=False
2025-12-04 22:22:57,125 INFO fetch url=https://www.shixiseng.com/intern/inn_owg7r9bjikjt?pcm=pc_SearchList status=200 ms=296 cookies=1 render=False
2025-12-04 22:23:00,511 INFO fetch url=https://www.shixiseng.com/intern/inn_jxvatqbroubs?pcm=pc_SearchList status=200 ms=508 cookies=1 render=False
2025-12-04 22:23:00,551 INFO incomplete -> retry url=https://www.shixiseng.com/intern/inn_jxvatqbroubs?pcm=pc_SearchList
2025-12-04 22:23:04,631 INFO fetch url=https://www.shixiseng.com/intern/inn_jxvatqbroubs?pcm=pc_SearchList status=200 ms=315 cookies=1 render=False
2025-12-04 22:23:09,278 INFO fetch url=https://www.shixiseng.com/intern/inn_jxvatqbroubs?pcm=pc_SearchList status=200 ms=339 cookies=1 render=False
2025-12-04 22:23:12,335 INFO fetch url=https://www.shixiseng.com/intern/inn_bxrdtc8konr0?pcm=pc_SearchList status=200 ms=533 cookies=1 render=False
2025-12-04 22:23:12,388 INFO incomplete -> retry url=https://www.shixiseng.com/intern/inn_bxrdtc8konr0?pcm=pc_SearchList
2025-12-04 22:23:17,259 INFO fetch url=https://www.shixiseng.com/intern/inn_bxrdtc8konr0?pcm=pc_SearchList status=200 ms=819 cookies=1 render=False
2025-12-04 22:23:20,855 INFO fetch url=https://www.shixiseng.com/intern/inn_bxrdtc8konr0?pcm=pc_SearchList status=200 ms=420 cookies=1 render=False
2025-12-04 22:23:24,391 INFO fetch url=https://www.shixiseng.com/intern/inn_gulpdd3lp3qt?pcm=pc_SearchList status=200 ms=367 cookies=1 render=False
2025-12-04 22:23:24,429 INFO incomplete -> retry url=https://www.shixiseng.com/intern/inn_gulpdd3lp3qt?pcm=pc_SearchList
2025-12-04 22:23:27,070 INFO fetch url=https://www.shixiseng.com/intern/inn_gulpdd3lp3qt?pcm=pc_SearchList status=200 ms=392 cookies=1 render=False
2025-12-04 22:23:31,009 INFO fetch url=https://www.shixiseng.com/intern/inn_gulpdd3lp3qt?pcm=pc_SearchList status=200 ms=384 cookies=1 render=False
2025-12-04 22:23:35,455 INFO fetch url=https://www.shixiseng.com/intern/inn_gpm02ltmpzh5?pcm=pc_SearchList status=200 ms=413 cookies=1 render=False
2025-12-04 22:23:35,506 INFO incomplete -> retry url=https://www.shixiseng.com/intern/inn_gpm02ltmpzh5?pcm=pc_SearchList
2025-12-04 22:23:40,235 INFO fetch url=https://www.shixiseng.com/intern/inn_gpm02ltmpzh5?pcm=pc_SearchList status=200 ms=665 cookies=1 render=False
2025-12-04 22:23:45,597 INFO fetch url=https://www.shixiseng.com/intern/inn_gpm02ltmpzh5?pcm=pc_SearchList status=200 ms=330 cookies=1 render=False
2025-12-04 22:23:50,759 INFO fetch url=https://www.shixiseng.com/intern/inn_hxwplj12vnwe?pcm=pc_SearchList status=200 ms=288 cookies=1 render=False
2025-12-04 22:23:50,811 INFO incomplete -> retry url=https://www.shixiseng.com/intern/inn_hxwplj12vnwe?pcm=pc_SearchList
2025-12-04 22:23:55,344 INFO fetch url=https://www.shixiseng.com/intern/inn_hxwplj12vnwe?pcm=pc_SearchList status=200 ms=533 cookies=1 render=False
2025-12-04 22:23:59,659 INFO fetch url=https://www.shixiseng.com/intern/inn_hxwplj12vnwe?pcm=pc_SearchList status=200 ms=807 cookies=1 render=False
2025-12-04 22:24:04,691 INFO fetch url=https://www.shixiseng.com/intern/inn_twogkpcclriy?pcm=pc_SearchList status=200 ms=377 cookies=1 render=False
2025-12-04 22:24:04,736 INFO incomplete -> retry url=https://www.shixiseng.com/intern/inn_twogkpcclriy?pcm=pc_SearchList
2025-12-04 22:24:09,830 INFO fetch url=https://www.shixiseng.com/intern/inn_twogkpcclriy?pcm=pc_SearchList status=200 ms=494 cookies=1 render=False
2025-12-04 22:24:13,437 INFO fetch url=https://www.shixiseng.com/intern/inn_twogkpcclriy?pcm=pc_SearchList status=200 ms=503 cookies=1 render=False
2025-12-04 22:24:17,765 INFO fetch url=https://www.shixiseng.com/intern/inn_hfzlwlq7otrv?pcm=pc_SearchList status=200 ms=314 cookies=1 render=False
2025-12-04 22:24:17,814 INFO incomplete -> retry url=https://www.shixiseng.com/intern/inn_hfzlwlq7otrv?pcm=pc_SearchList
2025-12-04 22:24:22,102 INFO fetch url=https://www.shixiseng.com/intern/inn_hfzlwlq7otrv?pcm=pc_SearchList status=200 ms=453 cookies=1 render=False
2025-12-04 22:24:25,361 INFO fetch url=https://www.shixiseng.com/intern/inn_hfzlwlq7otrv?pcm=pc_SearchList status=200 ms=418 cookies=1 render=False
2025-12-04 22:24:30,577 INFO fetch url=https://www.shixiseng.com/intern/inn_yuhfanh9bsde?pcm=pc_SearchList status=200 ms=326 cookies=1 render=False
2025-12-04 22:24:30,622 INFO incomplete -> retry url=https://www.shixiseng.com/intern/inn_yuhfanh9bsde?pcm=pc_SearchList
2025-12-04 22:24:35,385 INFO fetch url=https://www.shixiseng.com/intern/inn_yuhfanh9bsde?pcm=pc_SearchList status=200 ms=301 cookies=1 render=False
2025-12-04 22:24:40,678 INFO fetch url=https://www.shixiseng.com/intern/inn_yuhfanh9bsde?pcm=pc_SearchList status=200 ms=285 cookies=1 render=False
2025-12-04 22:24:45,202 INFO fetch url=https://www.shixiseng.com/intern/inn_qpu3egrsdsca?pcm=pc_SearchList status=200 ms=360 cookies=1 render=False
2025-12-04 22:24:45,249 INFO incomplete -> retry url=https://www.shixiseng.com/intern/inn_qpu3egrsdsca?pcm=pc_SearchList
2025-12-04 22:24:50,163 INFO fetch url=https://www.shixiseng.com/intern/inn_qpu3egrsdsca?pcm=pc_SearchList status=200 ms=338 cookies=1 render=False
2025-12-04 22:24:55,052 INFO fetch url=https://www.shixiseng.com/intern/inn_qpu3egrsdsca?pcm=pc_SearchList status=200 ms=304 cookies=1 render=False
2025-12-04 22:24:59,417 INFO fetch url=https://www.shixiseng.com/intern/inn_qshdrg9eenib?pcm=pc_SearchList status=200 ms=342 cookies=1 render=False
2025-12-04 22:24:59,452 INFO incomplete -> retry url=https://www.shixiseng.com/intern/inn_qshdrg9eenib?pcm=pc_SearchList
2025-12-04 22:25:02,743 INFO fetch url=https://www.shixiseng.com/intern/inn_qshdrg9eenib?pcm=pc_SearchList status=200 ms=565 cookies=1 render=False
2025-12-04 22:25:06,231 INFO fetch url=https://www.shixiseng.com/intern/inn_qshdrg9eenib?pcm=pc_SearchList status=200 ms=360 cookies=1 render=False
2025-12-04 22:25:11,356 INFO fetch url=https://www.shixiseng.com/intern/inn_xrqr8jovbcgj?pcm=pc_SearchList status=200 ms=343 cookies=1 render=False
2025-12-04 22:25:11,407 INFO incomplete -> retry url=https://www.shixiseng.com/intern/inn_xrqr8jovbcgj?pcm=pc_SearchList
2025-12-04 22:25:15,395 INFO fetch url=https://www.shixiseng.com/intern/inn_xrqr8jovbcgj?pcm=pc_SearchList status=200 ms=432 cookies=1 render=False
2025-12-04 22:25:20,413 INFO fetch url=https://www.shixiseng.com/intern/inn_xrqr8jovbcgj?pcm=pc_SearchList status=200 ms=363 cookies=1 render=False
2025-12-04 22:25:24,288 INFO fetch url=https://www.shixiseng.com/intern/inn_iktepeuswetg?pcm=pc_SearchList status=200 ms=332 cookies=1 render=False
2025-12-04 22:25:24,341 INFO incomplete -> retry url=https://www.shixiseng.com/intern/inn_iktepeuswetg?pcm=pc_SearchList
2025-12-04 22:25:28,924 INFO fetch url=https://www.shixiseng.com/intern/inn_iktepeuswetg?pcm=pc_SearchList status=200 ms=309 cookies=1 render=False
2025-12-04 22:25:33,342 INFO fetch url=https://www.shixiseng.com/intern/inn_iktepeuswetg?pcm=pc_SearchList status=200 ms=342 cookies=1 render=False
2025-12-04 22:25:38,947 INFO fetch url=https://www.shixiseng.com/intern/inn_g0pmby4annze?pcm=pc_SearchList status=200 ms=672 cookies=1 render=False
2025-12-04 22:25:39,003 INFO incomplete -> retry url=https://www.shixiseng.com/intern/inn_g0pmby4annze?pcm=pc_SearchList
2025-12-04 22:25:42,638 INFO fetch url=https://www.shixiseng.com/intern/inn_g0pmby4annze?pcm=pc_SearchList status=200 ms=459 cookies=1 render=False
2025-12-04 22:25:45,331 INFO fetch url=https://www.shixiseng.com/intern/inn_g0pmby4annze?pcm=pc_SearchList status=200 ms=300 cookies=1 render=False
2025-12-04 22:25:49,800 INFO fetch url=https://www.shixiseng.com/intern/inn_5tkuwxc8armj?pcm=pc_SearchList status=200 ms=315 cookies=1 render=False
2025-12-04 22:25:49,863 INFO incomplete -> retry url=https://www.shixiseng.com/intern/inn_5tkuwxc8armj?pcm=pc_SearchList
2025-12-04 22:25:54,551 INFO fetch url=https://www.shixiseng.com/intern/inn_5tkuwxc8armj?pcm=pc_SearchList status=200 ms=422 cookies=1 render=False
2025-12-04 22:26:00,147 INFO fetch url=https://www.shixiseng.com/intern/inn_5tkuwxc8armj?pcm=pc_SearchList status=200 ms=592 cookies=1 render=False
2025-12-04 22:26:03,640 INFO fetch url=https://www.shixiseng.com/intern/inn_zyjnzae7cxow?pcm=pc_SearchList status=200 ms=263 cookies=1 render=False
2025-12-04 22:26:03,696 INFO incomplete -> retry url=https://www.shixiseng.com/intern/inn_zyjnzae7cxow?pcm=pc_SearchList
2025-12-04 22:26:08,296 INFO fetch url=https://www.shixiseng.com/intern/inn_zyjnzae7cxow?pcm=pc_SearchList status=200 ms=355 cookies=1 render=False
2025-12-04 22:26:13,629 INFO fetch url=https://www.shixiseng.com/intern/inn_zyjnzae7cxow?pcm=pc_SearchList status=200 ms=304 cookies=1 render=False
2025-12-04 22:26:17,080 INFO fetch url=https://www.shixiseng.com/intern/inn_sftklrdnylaa?pcm=pc_SearchList status=200 ms=394 cookies=1 render=False
2025-12-04 22:26:17,119 INFO incomplete -> retry url=https://www.shixiseng.com/intern/inn_sftklrdnylaa?pcm=pc_SearchList
2025-12-04 22:26:20,420 INFO fetch url=https://www.shixiseng.com/intern/inn_sftklrdnylaa?pcm=pc_SearchList status=200 ms=637 cookies=1 render=False
2025-12-04 22:26:25,688 INFO fetch url=https://www.shixiseng.com/intern/inn_sftklrdnylaa?pcm=pc_SearchList status=200 ms=415 cookies=1 render=False
2025-12-04 22:26:28,731 INFO fetch url=https://www.shixiseng.com/intern/inn_woxkkwa4oenq?pcm=pc_SearchList status=200 ms=332 cookies=1 render=False
2025-12-04 22:26:28,763 INFO incomplete -> retry url=https://www.shixiseng.com/intern/inn_woxkkwa4oenq?pcm=pc_SearchList
2025-12-04 22:26:31,822 INFO fetch url=https://www.shixiseng.com/intern/inn_woxkkwa4oenq?pcm=pc_SearchList status=200 ms=306 cookies=1 render=False
2025-12-04 22:26:35,042 INFO fetch url=https://www.shixiseng.com/intern/inn_woxkkwa4oenq?pcm=pc_SearchList status=200 ms=334 cookies=1 render=False
2025-12-04 22:26:40,889 INFO fetch url=https://www.shixiseng.com/intern/inn_8upbkk3e12uo?pcm=pc_SearchList status=200 ms=967 cookies=1 render=False
2025-12-04 22:26:40,918 INFO incomplete -> retry url=https://www.shixiseng.com/intern/inn_8upbkk3e12uo?pcm=pc_SearchList
2025-12-04 22:26:44,513 INFO fetch url=https://www.shixiseng.com/intern/inn_8upbkk3e12uo?pcm=pc_SearchList status=200 ms=672 cookies=1 render=False
2025-12-04 22:26:47,802 INFO fetch url=https://www.shixiseng.com/intern/inn_8upbkk3e12uo?pcm=pc_SearchList status=200 ms=374 cookies=1 render=False
2025-12-04 22:26:51,176 INFO fetch url=https://www.shixiseng.com/intern/inn_euiio2bzqcrk?pcm=pc_SearchList status=200 ms=271 cookies=1 render=False
2025-12-04 22:26:51,218 INFO incomplete -> retry url=https://www.shixiseng.com/intern/inn_euiio2bzqcrk?pcm=pc_SearchList
2025-12-04 22:26:56,278 INFO fetch url=https://www.shixiseng.com/intern/inn_euiio2bzqcrk?pcm=pc_SearchList status=200 ms=389 cookies=1 render=False
2025-12-04 22:27:01,537 INFO fetch url=https://www.shixiseng.com/intern/inn_euiio2bzqcrk?pcm=pc_SearchList status=200 ms=823 cookies=1 render=False
2025-12-04 22:27:06,379 INFO fetch url=https://www.shixiseng.com/intern/inn_nkmjd4f1xkjc?pcm=pc_SearchList status=200 ms=306 cookies=1 render=False
2025-12-04 22:27:06,430 INFO incomplete -> retry url=https://www.shixiseng.com/intern/inn_nkmjd4f1xkjc?pcm=pc_SearchList
2025-12-04 22:27:10,752 INFO fetch url=https://www.shixiseng.com/intern/inn_nkmjd4f1xkjc?pcm=pc_SearchList status=200 ms=493 cookies=1 render=False
2025-12-04 22:27:14,033 INFO fetch url=https://www.shixiseng.com/intern/inn_nkmjd4f1xkjc?pcm=pc_SearchList status=200 ms=331 cookies=1 render=False
2025-12-04 22:27:18,523 INFO fetch url=https://www.shixiseng.com/intern/inn_abvwkx2rrbid?pcm=pc_SearchList status=200 ms=315 cookies=1 render=False
2025-12-04 22:27:18,560 INFO incomplete -> retry url=https://www.shixiseng.com/intern/inn_abvwkx2rrbid?pcm=pc_SearchList
2025-12-04 22:27:21,030 INFO fetch url=https://www.shixiseng.com/intern/inn_abvwkx2rrbid?pcm=pc_SearchList status=200 ms=373 cookies=1 render=False
2025-12-04 22:27:23,566 INFO fetch url=https://www.shixiseng.com/intern/inn_abvwkx2rrbid?pcm=pc_SearchList status=200 ms=358 cookies=1 render=False
2025-12-04 22:27:27,627 INFO fetch url=https://www.shixiseng.com/intern/inn_ajmpbvhrcx4r?pcm=pc_SearchList status=200 ms=601 cookies=1 render=False
2025-12-04 22:27:27,665 INFO incomplete -> retry url=https://www.shixiseng.com/intern/inn_ajmpbvhrcx4r?pcm=pc_SearchList
2025-12-04 22:27:32,419 INFO fetch url=https://www.shixiseng.com/intern/inn_ajmpbvhrcx4r?pcm=pc_SearchList status=200 ms=389 cookies=1 render=False
2025-12-04 22:27:35,137 INFO fetch url=https://www.shixiseng.com/intern/inn_ajmpbvhrcx4r?pcm=pc_SearchList status=200 ms=387 cookies=1 render=False
2025-12-04 22:27:37,908 INFO fetch url=https://www.shixiseng.com/intern/inn_sdtesu6526ft?pcm=pc_SearchList status=200 ms=327 cookies=1 render=False
2025-12-04 22:27:37,952 INFO incomplete -> retry url=https://www.shixiseng.com/intern/inn_sdtesu6526ft?pcm=pc_SearchList
2025-12-04 22:27:43,310 INFO fetch url=https://www.shixiseng.com/intern/inn_sdtesu6526ft?pcm=pc_SearchList status=200 ms=411 cookies=1 render=False
2025-12-04 22:27:45,840 INFO fetch url=https://www.shixiseng.com/intern/inn_sdtesu6526ft?pcm=pc_SearchList status=200 ms=408 cookies=1 render=False
2025-12-04 22:27:51,265 INFO fetch url=https://www.shixiseng.com/intern/inn_lc5lm4aoe0uq?pcm=pc_SearchList status=200 ms=533 cookies=1 render=False
2025-12-04 22:27:51,357 INFO incomplete -> retry url=https://www.shixiseng.com/intern/inn_lc5lm4aoe0uq?pcm=pc_SearchList
2025-12-04 22:27:54,419 INFO fetch url=https://www.shixiseng.com/intern/inn_lc5lm4aoe0uq?pcm=pc_SearchList status=200 ms=247 cookies=1 render=False
2025-12-04 22:27:58,938 INFO fetch url=https://www.shixiseng.com/intern/inn_lc5lm4aoe0uq?pcm=pc_SearchList status=200 ms=384 cookies=1 render=False
2025-12-04 22:28:04,514 INFO fetch url=https://www.shixiseng.com/intern/inn_zczg8nahhfvm?pcm=pc_SearchList status=200 ms=524 cookies=1 render=False
2025-12-04 22:28:04,612 INFO incomplete -> retry url=https://www.shixiseng.com/intern/inn_zczg8nahhfvm?pcm=pc_SearchList
2025-12-04 22:28:08,681 INFO fetch url=https://www.shixiseng.com/intern/inn_zczg8nahhfvm?pcm=pc_SearchList status=200 ms=347 cookies=1 render=False
2025-12-04 22:28:14,162 INFO fetch url=https://www.shixiseng.com/intern/inn_zczg8nahhfvm?pcm=pc_SearchList status=200 ms=529 cookies=1 render=False
2025-12-04 22:28:18,251 INFO fetch url=https://www.shixiseng.com/intern/inn_mxjuf0wob3dy?pcm=pc_SearchList status=200 ms=501 cookies=1 render=False
2025-12-04 22:28:18,359 INFO incomplete -> retry url=https://www.shixiseng.com/intern/inn_mxjuf0wob3dy?pcm=pc_SearchList
2025-12-04 22:28:23,258 INFO fetch url=https://www.shixiseng.com/intern/inn_mxjuf0wob3dy?pcm=pc_SearchList status=200 ms=425 cookies=1 render=False
2025-12-04 22:28:27,167 INFO fetch url=https://www.shixiseng.com/intern/inn_mxjuf0wob3dy?pcm=pc_SearchList status=200 ms=389 cookies=1 render=False
2025-12-04 22:28:30,370 INFO fetch url=https://www.shixiseng.com/intern/inn_smmgm6qm2fsp?pcm=pc_SearchList status=200 ms=344 cookies=1 render=False
2025-12-04 22:28:30,472 INFO incomplete -> retry url=https://www.shixiseng.com/intern/inn_smmgm6qm2fsp?pcm=pc_SearchList
2025-12-04 22:28:34,832 INFO fetch url=https://www.shixiseng.com/intern/inn_smmgm6qm2fsp?pcm=pc_SearchList status=200 ms=269 cookies=1 render=False
2025-12-04 22:28:39,904 INFO fetch url=https://www.shixiseng.com/intern/inn_smmgm6qm2fsp?pcm=pc_SearchList status=200 ms=439 cookies=1 render=False
2025-12-04 22:28:43,557 INFO fetch url=https://www.shixiseng.com/intern/inn_d3rsjq9qiiei?pcm=pc_SearchList status=200 ms=253 cookies=1 render=False
2025-12-04 22:28:43,708 INFO incomplete -> retry url=https://www.shixiseng.com/intern/inn_d3rsjq9qiiei?pcm=pc_SearchList
2025-12-04 22:28:47,739 INFO fetch url=https://www.shixiseng.com/intern/inn_d3rsjq9qiiei?pcm=pc_SearchList status=200 ms=594 cookies=1 render=False
2025-12-04 22:28:52,148 INFO fetch url=https://www.shixiseng.com/intern/inn_d3rsjq9qiiei?pcm=pc_SearchList status=200 ms=343 cookies=1 render=False
2025-12-04 22:28:56,171 INFO fetch url=https://www.shixiseng.com/intern/inn_ho6uqh7qzuej?pcm=pc_SearchList status=200 ms=497 cookies=1 render=False
2025-12-04 22:28:56,279 INFO incomplete -> retry url=https://www.shixiseng.com/intern/inn_ho6uqh7qzuej?pcm=pc_SearchList
2025-12-04 22:28:59,047 INFO fetch url=https://www.shixiseng.com/intern/inn_ho6uqh7qzuej?pcm=pc_SearchList status=200 ms=419 cookies=1 render=False
2025-12-04 22:29:03,657 INFO fetch url=https://www.shixiseng.com/intern/inn_ho6uqh7qzuej?pcm=pc_SearchList status=200 ms=253 cookies=1 render=False
2025-12-04 22:29:07,994 INFO fetch url=https://www.shixiseng.com/intern/inn_txxv3k3z3yzx?pcm=pc_SearchList status=200 ms=363 cookies=1 render=False
2025-12-04 22:29:08,087 INFO incomplete -> retry url=https://www.shixiseng.com/intern/inn_txxv3k3z3yzx?pcm=pc_SearchList
2025-12-04 22:29:11,681 INFO fetch url=https://www.shixiseng.com/intern/inn_txxv3k3z3yzx?pcm=pc_SearchList status=200 ms=396 cookies=1 render=False
2025-12-04 22:29:16,399 INFO fetch url=https://www.shixiseng.com/intern/inn_txxv3k3z3yzx?pcm=pc_SearchList status=200 ms=324 cookies=1 render=False
2025-12-04 22:29:19,803 INFO fetch url=https://www.shixiseng.com/intern/inn_hqkul3vo7ust?pcm=pc_SearchList status=200 ms=1134 cookies=1 render=False
2025-12-04 22:29:19,899 INFO incomplete -> retry url=https://www.shixiseng.com/intern/inn_hqkul3vo7ust?pcm=pc_SearchList
2025-12-04 22:29:22,678 INFO fetch url=https://www.shixiseng.com/intern/inn_hqkul3vo7ust?pcm=pc_SearchList status=200 ms=352 cookies=1 render=False
2025-12-04 22:29:26,459 INFO fetch url=https://www.shixiseng.com/intern/inn_hqkul3vo7ust?pcm=pc_SearchList status=200 ms=360 cookies=1 render=False
2025-12-04 22:29:31,298 INFO fetch url=https://www.shixiseng.com/intern/inn_wqtq1neujgxh?pcm=pc_SearchList status=200 ms=272 cookies=1 render=False
2025-12-04 22:29:31,398 INFO incomplete -> retry url=https://www.shixiseng.com/intern/inn_wqtq1neujgxh?pcm=pc_SearchList
2025-12-04 22:29:36,579 INFO fetch url=https://www.shixiseng.com/intern/inn_wqtq1neujgxh?pcm=pc_SearchList status=200 ms=423 cookies=1 render=False
2025-12-04 22:29:41,042 INFO fetch url=https://www.shixiseng.com/intern/inn_wqtq1neujgxh?pcm=pc_SearchList status=200 ms=365 cookies=1 render=False
2025-12-04 22:29:45,368 INFO fetch url=https://www.shixiseng.com/intern/inn_qugor15nc5vt?pcm=pc_SearchList status=200 ms=248 cookies=1 render=False
2025-12-04 22:29:45,475 INFO incomplete -> retry url=https://www.shixiseng.com/intern/inn_qugor15nc5vt?pcm=pc_SearchList
2025-12-04 22:29:48,646 INFO fetch url=https://www.shixiseng.com/intern/inn_qugor15nc5vt?pcm=pc_SearchList status=200 ms=396 cookies=1 render=False
2025-12-04 22:29:53,251 INFO fetch url=https://www.shixiseng.com/intern/inn_qugor15nc5vt?pcm=pc_SearchList status=200 ms=399 cookies=1 render=False
2025-12-04 22:29:58,110 INFO fetch url=https://www.shixiseng.com/intern/inn_kmpr2mu5s9pk?pcm=pc_SearchList status=200 ms=704 cookies=1 render=False
2025-12-04 22:29:58,220 INFO incomplete -> retry url=https://www.shixiseng.com/intern/inn_kmpr2mu5s9pk?pcm=pc_SearchList
2025-12-04 22:30:01,918 INFO fetch url=https://www.shixiseng.com/intern/inn_kmpr2mu5s9pk?pcm=pc_SearchList status=200 ms=384 cookies=1 render=False
2025-12-04 22:30:06,019 INFO fetch url=https://www.shixiseng.com/intern/inn_kmpr2mu5s9pk?pcm=pc_SearchList status=200 ms=453 cookies=1 render=False
2025-12-04 22:30:08,776 INFO fetch url=https://www.shixiseng.com/intern/inn_yfcp7jofuaz2?pcm=pc_SearchList status=200 ms=577 cookies=1 render=False
2025-12-04 22:30:08,816 INFO incomplete -> retry url=https://www.shixiseng.com/intern/inn_yfcp7jofuaz2?pcm=pc_SearchList
2025-12-04 22:30:12,944 INFO fetch url=https://www.shixiseng.com/intern/inn_yfcp7jofuaz2?pcm=pc_SearchList status=200 ms=335 cookies=1 render=False
2025-12-04 22:30:16,463 INFO fetch url=https://www.shixiseng.com/intern/inn_yfcp7jofuaz2?pcm=pc_SearchList status=200 ms=264 cookies=1 render=False
2025-12-04 22:30:19,864 INFO fetch url=https://www.shixiseng.com/intern/inn_bbismbuyxt3i?pcm=pc_SearchList status=200 ms=522 cookies=1 render=False
2025-12-04 22:30:19,916 INFO incomplete -> retry url=https://www.shixiseng.com/intern/inn_bbismbuyxt3i?pcm=pc_SearchList
2025-12-04 22:30:23,749 INFO fetch url=https://www.shixiseng.com/intern/inn_bbismbuyxt3i?pcm=pc_SearchList status=200 ms=485 cookies=1 render=False
2025-12-04 22:30:27,514 INFO fetch url=https://www.shixiseng.com/intern/inn_bbismbuyxt3i?pcm=pc_SearchList status=200 ms=449 cookies=1 render=False
2025-12-04 22:30:29,985 INFO fetch url=https://www.shixiseng.com/intern/inn_svgdbtits5hc?pcm=pc_SearchList status=200 ms=307 cookies=1 render=False
2025-12-04 22:30:30,018 INFO incomplete -> retry url=https://www.shixiseng.com/intern/inn_svgdbtits5hc?pcm=pc_SearchList
2025-12-04 22:30:33,532 INFO fetch url=https://www.shixiseng.com/intern/inn_svgdbtits5hc?pcm=pc_SearchList status=200 ms=412 cookies=1 render=False
2025-12-04 22:30:38,563 INFO fetch url=https://www.shixiseng.com/intern/inn_svgdbtits5hc?pcm=pc_SearchList status=200 ms=374 cookies=1 render=False
2025-12-04 22:30:43,221 INFO fetch url=https://www.shixiseng.com/intern/inn_mnekswyab3pa?pcm=pc_SearchList status=200 ms=338 cookies=1 render=False
2025-12-04 22:30:43,253 INFO incomplete -> retry url=https://www.shixiseng.com/intern/inn_mnekswyab3pa?pcm=pc_SearchList
2025-12-04 22:30:47,234 INFO fetch url=https://www.shixiseng.com/intern/inn_mnekswyab3pa?pcm=pc_SearchList status=200 ms=489 cookies=1 render=False
2025-12-04 22:30:51,436 INFO fetch url=https://www.shixiseng.com/intern/inn_mnekswyab3pa?pcm=pc_SearchList status=200 ms=444 cookies=1 render=False
2025-12-04 22:30:54,958 INFO fetch url=https://www.shixiseng.com/intern/inn_gtx1kj1w6x2s?pcm=pc_SearchList status=200 ms=306 cookies=1 render=False
2025-12-04 22:30:54,994 INFO incomplete -> retry url=https://www.shixiseng.com/intern/inn_gtx1kj1w6x2s?pcm=pc_SearchList
2025-12-04 22:30:59,765 INFO fetch url=https://www.shixiseng.com/intern/inn_gtx1kj1w6x2s?pcm=pc_SearchList status=200 ms=426 cookies=1 render=False
2025-12-04 22:31:03,297 INFO fetch url=https://www.shixiseng.com/intern/inn_gtx1kj1w6x2s?pcm=pc_SearchList status=200 ms=561 cookies=1 render=False
2025-12-04 22:31:07,954 INFO fetch url=https://www.shixiseng.com/intern/inn_bbotueeam0sf?pcm=pc_SearchList status=200 ms=443 cookies=1 render=False
2025-12-04 22:31:07,982 INFO incomplete -> retry url=https://www.shixiseng.com/intern/inn_bbotueeam0sf?pcm=pc_SearchList
2025-12-04 22:31:12,550 INFO fetch url=https://www.shixiseng.com/intern/inn_bbotueeam0sf?pcm=pc_SearchList status=200 ms=428 cookies=1 render=False
2025-12-04 22:31:15,738 INFO fetch url=https://www.shixiseng.com/intern/inn_bbotueeam0sf?pcm=pc_SearchList status=200 ms=325 cookies=1 render=False
2025-12-04 22:31:18,121 INFO fetch url=https://www.shixiseng.com/intern/inn_bvdumjojrmpd?pcm=pc_SearchList status=200 ms=289 cookies=1 render=False
2025-12-04 22:31:18,163 INFO incomplete -> retry url=https://www.shixiseng.com/intern/inn_bvdumjojrmpd?pcm=pc_SearchList
2025-12-04 22:31:23,190 INFO fetch url=https://www.shixiseng.com/intern/inn_bvdumjojrmpd?pcm=pc_SearchList status=200 ms=347 cookies=1 render=False
2025-12-04 22:31:26,225 INFO fetch url=https://www.shixiseng.com/intern/inn_bvdumjojrmpd?pcm=pc_SearchList status=200 ms=258 cookies=1 render=False
2025-12-04 22:31:28,570 INFO fetch url=https://www.shixiseng.com/intern/inn_xxblwptlmpg2?pcm=pc_SearchList status=200 ms=232 cookies=1 render=False
2025-12-04 22:31:28,607 INFO incomplete -> retry url=https://www.shixiseng.com/intern/inn_xxblwptlmpg2?pcm=pc_SearchList
2025-12-04 22:31:31,797 INFO fetch url=https://www.shixiseng.com/intern/inn_xxblwptlmpg2?pcm=pc_SearchList status=200 ms=297 cookies=1 render=False
2025-12-04 22:31:35,630 INFO fetch url=https://www.shixiseng.com/intern/inn_xxblwptlmpg2?pcm=pc_SearchList status=200 ms=299 cookies=1 render=False
2025-12-04 22:31:38,907 INFO fetch url=https://www.shixiseng.com/intern/inn_xrwcpnrp4q3s?pcm=pc_SearchList status=200 ms=305 cookies=1 render=False
2025-12-04 22:31:38,962 INFO incomplete -> retry url=https://www.shixiseng.com/intern/inn_xrwcpnrp4q3s?pcm=pc_SearchList
2025-12-04 22:31:42,798 INFO fetch url=https://www.shixiseng.com/intern/inn_xrwcpnrp4q3s?pcm=pc_SearchList status=200 ms=394 cookies=1 render=False
2025-12-04 22:31:45,522 INFO fetch url=https://www.shixiseng.com/intern/inn_xrwcpnrp4q3s?pcm=pc_SearchList status=200 ms=387 cookies=1 render=False
2025-12-04 22:31:49,954 INFO fetch url=https://www.shixiseng.com/intern/inn_zvsgpcjvlqoh?pcm=pc_SearchList status=200 ms=435 cookies=1 render=False
2025-12-04 22:31:50,008 INFO incomplete -> retry url=https://www.shixiseng.com/intern/inn_zvsgpcjvlqoh?pcm=pc_SearchList
2025-12-04 22:31:53,108 INFO fetch url=https://www.shixiseng.com/intern/inn_zvsgpcjvlqoh?pcm=pc_SearchList status=200 ms=274 cookies=1 render=False
2025-12-04 22:31:57,349 INFO fetch url=https://www.shixiseng.com/intern/inn_zvsgpcjvlqoh?pcm=pc_SearchList status=200 ms=305 cookies=1 render=False
2025-12-04 22:32:01,612 INFO fetch url=https://www.shixiseng.com/intern/inn_nw3bpucumqbd?pcm=pc_SearchList status=200 ms=525 cookies=1 render=False
2025-12-04 22:32:01,655 INFO incomplete -> retry url=https://www.shixiseng.com/intern/inn_nw3bpucumqbd?pcm=pc_SearchList
2025-12-04 22:32:05,222 INFO fetch url=https://www.shixiseng.com/intern/inn_nw3bpucumqbd?pcm=pc_SearchList status=200 ms=309 cookies=1 render=False
2025-12-04 22:32:08,297 INFO fetch url=https://www.shixiseng.com/intern/inn_nw3bpucumqbd?pcm=pc_SearchList status=200 ms=338 cookies=1 render=False
2025-12-04 22:32:13,568 INFO fetch url=https://www.shixiseng.com/intern/inn_umsaujmp5dx5?pcm=pc_SearchList status=200 ms=1801 cookies=1 render=False
2025-12-04 22:32:13,608 INFO incomplete -> retry url=https://www.shixiseng.com/intern/inn_umsaujmp5dx5?pcm=pc_SearchList
2025-12-04 22:32:16,929 INFO fetch url=https://www.shixiseng.com/intern/inn_umsaujmp5dx5?pcm=pc_SearchList status=200 ms=410 cookies=1 render=False
2025-12-04 22:32:19,662 INFO fetch url=https://www.shixiseng.com/intern/inn_umsaujmp5dx5?pcm=pc_SearchList status=200 ms=539 cookies=1 render=False
2025-12-04 22:32:23,942 INFO fetch url=https://www.shixiseng.com/intern/inn_hk1g1azfvzjt?pcm=pc_SearchList status=200 ms=553 cookies=1 render=False
2025-12-04 22:32:23,982 INFO incomplete -> retry url=https://www.shixiseng.com/intern/inn_hk1g1azfvzjt?pcm=pc_SearchList
2025-12-04 22:32:26,697 INFO fetch url=https://www.shixiseng.com/intern/inn_hk1g1azfvzjt?pcm=pc_SearchList status=200 ms=452 cookies=1 render=False
2025-12-04 22:32:31,391 INFO fetch url=https://www.shixiseng.com/intern/inn_hk1g1azfvzjt?pcm=pc_SearchList status=200 ms=529 cookies=1 render=False
2025-12-04 22:32:36,589 INFO fetch url=https://www.shixiseng.com/intern/inn_dh7uzldcyp4v?pcm=pc_SearchList status=200 ms=290 cookies=1 render=False
2025-12-04 22:32:36,633 INFO incomplete -> retry url=https://www.shixiseng.com/intern/inn_dh7uzldcyp4v?pcm=pc_SearchList
2025-12-04 22:32:40,637 INFO fetch url=https://www.shixiseng.com/intern/inn_dh7uzldcyp4v?pcm=pc_SearchList status=200 ms=778 cookies=1 render=False
2025-12-04 22:32:43,024 INFO fetch url=https://www.shixiseng.com/intern/inn_dh7uzldcyp4v?pcm=pc_SearchList status=200 ms=305 cookies=1 render=False
2025-12-04 22:32:46,908 INFO fetch url=https://www.shixiseng.com/intern/inn_mpf0wvqhuvkc?pcm=pc_SearchList status=200 ms=357 cookies=1 render=False
2025-12-04 22:32:46,964 INFO incomplete -> retry url=https://www.shixiseng.com/intern/inn_mpf0wvqhuvkc?pcm=pc_SearchList
2025-12-04 22:32:51,690 INFO fetch url=https://www.shixiseng.com/intern/inn_mpf0wvqhuvkc?pcm=pc_SearchList status=200 ms=343 cookies=1 render=False
2025-12-04 22:32:56,611 INFO fetch url=https://www.shixiseng.com/intern/inn_mpf0wvqhuvkc?pcm=pc_SearchList status=200 ms=272 cookies=1 render=False
2025-12-04 22:32:59,082 INFO fetch url=https://www.shixiseng.com/intern/inn_pxrjn8vrudu5?pcm=pc_SearchList status=200 ms=346 cookies=1 render=False
2025-12-04 22:32:59,123 INFO incomplete -> retry url=https://www.shixiseng.com/intern/inn_pxrjn8vrudu5?pcm=pc_SearchList
